#
# There is insufficient memory for the Java Runtime Environment to continue.
# Native memory allocation (malloc) failed to allocate 702576 bytes for Chunk::new
# Possible reasons:
#   The system is out of physical RAM or swap space
#   The process is running with CompressedOops enabled, and the Java Heap may be blocking the growth of the native heap
# Possible solutions:
#   Reduce memory load on the system
#   Increase physical memory or swap space
#   Check if swap backing store is full
#   Decrease Java heap size (-Xmx/-Xms)
#   Decrease number of Java threads
#   Decrease Java thread stack sizes (-Xss)
#   Set larger code cache with -XX:ReservedCodeCacheSize=
#   JVM is running with Unscaled Compressed Oops mode in which the Java heap is
#     placed in the first 4GB address space. The Java Heap base address is the
#     maximum limit for the native heap growth. Please use -XX:HeapBaseMinAddress
#     to set the Java Heap base and to place the Java Heap above 4GB virtual address.
# This output file may be truncated or incomplete.
#
#  Out of Memory Error (allocation.cpp:390), pid=21836, tid=0x00000000000018ac
#
# JRE version: Java(TM) SE Runtime Environment (8.0_201-b09) (build 1.8.0_201-b09)
# Java VM: Java HotSpot(TM) 64-Bit Server VM (25.201-b09 mixed mode windows-amd64 compressed oops)
# Failed to write core dump. Minidumps are not enabled by default on client versions of Windows
#

---------------  T H R E A D  ---------------

Current thread (0x000000001366f000):  JavaThread "C2 CompilerThread1" daemon [_thread_in_native, id=6316, stack(0x0000000014de0000,0x0000000014ee0000)]

Stack: [0x0000000014de0000,0x0000000014ee0000]
[error occurred during error reporting (printing stack bounds), id 0xc0000005]

Native frames: (J=compiled Java code, j=interpreted, Vv=VM code, C=native code)


Current CompileTask:
C2:   3033 1352       4       java.net.URLClassLoader$1::run (5 bytes)


---------------  P R O C E S S  ---------------

Java Threads: ( => current thread )
  0x00000000162e4000 JavaThread "Cache worker for journal cache (C:\Users\Andrey\.gradle\caches\journal-1)" [_thread_blocked, id=23572, stack(0x0000000019330000,0x0000000019430000)]
  0x00000000162e9800 JavaThread "File lock request listener" [_thread_in_native, id=21152, stack(0x0000000019230000,0x0000000019330000)]
  0x00000000162e9000 JavaThread "Cache worker for file hash cache (C:\Users\Andrey\.gradle\caches\5.2.1\fileHashes)" [_thread_blocked, id=32608, stack(0x0000000019130000,0x0000000019230000)]
  0x0000000017637000 JavaThread "Thread-9" [_thread_blocked, id=3516, stack(0x0000000019030000,0x0000000019130000)]
  0x0000000017636800 JavaThread "Stdin handler" [_thread_blocked, id=27576, stack(0x0000000018f30000,0x0000000019030000)]
  0x000000001538d000 JavaThread "Asynchronous log dispatcher for DefaultDaemonConnection: socket connection from /127.0.0.1:54509 to /127.0.0.1:54510" [_thread_blocked, id=15928, stack(0x0000000018e30000,0x0000000018f30000)]
  0x0000000015094800 JavaThread "Daemon worker" [_thread_in_native, id=24076, stack(0x0000000018d30000,0x0000000018e30000)]
  0x0000000015094000 JavaThread "Cancel handler" [_thread_blocked, id=33448, stack(0x0000000018c30000,0x0000000018d30000)]
  0x0000000016a48800 JavaThread "Handler for socket connection from /127.0.0.1:54509 to /127.0.0.1:54510" [_thread_in_native, id=21960, stack(0x0000000018930000,0x0000000018a30000)]
  0x0000000016a45800 JavaThread "Daemon" [_thread_blocked, id=21868, stack(0x0000000018830000,0x0000000018930000)]
  0x00000000163fc800 JavaThread "Daemon periodic checks" [_thread_blocked, id=28856, stack(0x0000000018730000,0x0000000018830000)]
  0x00000000163f5800 JavaThread "Incoming local TCP Connector on port 54509" [_thread_in_native, id=22020, stack(0x00000000184e0000,0x00000000185e0000)]
  0x00000000167d0800 JavaThread "Daemon health stats" [_thread_blocked, id=25456, stack(0x0000000017e80000,0x0000000017f80000)]
  0x00000000136be000 JavaThread "Service Thread" daemon [_thread_blocked, id=24956, stack(0x00000000153e0000,0x00000000154e0000)]
  0x0000000013673800 JavaThread "C1 CompilerThread2" daemon [_thread_blocked, id=17328, stack(0x0000000014ee0000,0x0000000014fe0000)]
=>0x000000001366f000 JavaThread "C2 CompilerThread1" daemon [_thread_in_native, id=6316, stack(0x0000000014de0000,0x0000000014ee0000)]
  0x0000000013667800 JavaThread "C2 CompilerThread0" daemon [_thread_in_native, id=13720, stack(0x0000000014ce0000,0x0000000014de0000)]
  0x0000000013665800 JavaThread "Attach Listener" daemon [_thread_blocked, id=18892, stack(0x0000000014be0000,0x0000000014ce0000)]
  0x0000000013664000 JavaThread "Signal Dispatcher" daemon [_thread_blocked, id=28624, stack(0x0000000014ae0000,0x0000000014be0000)]
  0x000000000223a800 JavaThread "Finalizer" daemon [_thread_blocked, id=10876, stack(0x00000000148c0000,0x00000000149c0000)]
  0x0000000002232000 JavaThread "Reference Handler" daemon [_thread_blocked, id=28820, stack(0x00000000147c0000,0x00000000148c0000)]
  0x000000000213e000 JavaThread "main" [_thread_blocked, id=21520, stack(0x0000000002020000,0x0000000002120000)]

Other Threads:
  0x0000000013627800 VMThread [stack: 0x00000000146c0000,0x00000000147c0000] [id=33072]
  0x0000000014fe6800 WatcherThread [stack: 0x00000000154e0000,0x00000000155e0000] [id=29160]

VM state:not at safepoint (normal execution)

VM Mutex/Monitor currently owned by a thread: None

heap address: 0x00000000e0000000, size: 512 MB, Compressed Oops mode: 32-bit
Narrow klass base: 0x0000000000000000, Narrow klass shift: 3
Compressed class space size: 1073741824 Address: 0x0000000100000000

Heap:
 PSYoungGen      total 35840K, used 10304K [0x00000000f5580000, 0x00000000f7d80000, 0x0000000100000000)
  eden space 30720K, 16% used [0x00000000f5580000,0x00000000f5a96798,0x00000000f7380000)
  from space 5120K, 99% used [0x00000000f7880000,0x00000000f7d79b60,0x00000000f7d80000)
  to   space 5120K, 0% used [0x00000000f7380000,0x00000000f7380000,0x00000000f7880000)
 ParOldGen       total 81920K, used 3398K [0x00000000e0000000, 0x00000000e5000000, 0x00000000f5580000)
  object space 81920K, 4% used [0x00000000e0000000,0x00000000e0351b10,0x00000000e5000000)
 Metaspace       used 15426K, capacity 15744K, committed 16000K, reserved 1062912K
  class space    used 2252K, capacity 2386K, committed 2432K, reserved 1048576K

Card table byte_map: [0x0000000011600000,0x0000000011710000] byte_map_base: 0x0000000010f00000

Marking Bits: (ParMarkBitMap*) 0x0000000070044ce0
 Begin Bits: [0x0000000011bc0000, 0x00000000123c0000)
 End Bits:   [0x00000000123c0000, 0x0000000012bc0000)

Polling page: 0x0000000000810000

CodeCache: size=245760Kb used=4970Kb max_used=4970Kb free=240790Kb
 bounds [0x0000000002240000, 0x0000000002720000, 0x0000000011240000]
 total_blobs=1789 nmethods=1401 adapters=300
 compilation: enabled

Compilation events (10 events):
Event: 2.998 Thread 0x0000000013673800 1403       3       java.security.MessageDigest$Delegate::engineUpdate (11 bytes)
Event: 2.998 Thread 0x0000000013673800 nmethod 1403 0x000000000271b510 code [0x000000000271b680, 0x000000000271b8a8]
Event: 2.999 Thread 0x0000000013673800 1404       3       sun.reflect.ReflectionFactory::inflationThreshold (4 bytes)
Event: 2.999 Thread 0x0000000013673800 nmethod 1404 0x000000000271b990 code [0x000000000271bae0, 0x000000000271bc10]
Event: 3.012 Thread 0x0000000013673800 1405       3       java.lang.String::lastIndexOf (151 bytes)
Event: 3.013 Thread 0x0000000013673800 nmethod 1405 0x000000000271bc90 code [0x000000000271be40, 0x000000000271c390]
Event: 3.025 Thread 0x0000000013673800 1406       1       com.google.common.io.LineReader::access$000 (5 bytes)
Event: 3.025 Thread 0x0000000013673800 nmethod 1406 0x000000000271c810 code [0x000000000271c960, 0x000000000271ca50]
Event: 3.025 Thread 0x0000000013673800 1407       3       java.lang.StringBuilder::append (10 bytes)
Event: 3.025 Thread 0x0000000013673800 nmethod 1407 0x000000000271cad0 code [0x000000000271cc40, 0x000000000271cdc8]

GC Heap History (8 events):
Event: 0.957 GC heap before
{Heap before GC invocations=1 (full 0):
 PSYoungGen      total 35840K, used 30720K [0x00000000f5580000, 0x00000000f7d80000, 0x0000000100000000)
  eden space 30720K, 100% used [0x00000000f5580000,0x00000000f7380000,0x00000000f7380000)
  from space 5120K, 0% used [0x00000000f7880000,0x00000000f7880000,0x00000000f7d80000)
  to   space 5120K, 0% used [0x00000000f7380000,0x00000000f7380000,0x00000000f7880000)
 ParOldGen       total 81920K, used 0K [0x00000000e0000000, 0x00000000e5000000, 0x00000000f5580000)
  object space 81920K, 0% used [0x00000000e0000000,0x00000000e0000000,0x00000000e5000000)
 Metaspace       used 6958K, capacity 7066K, committed 7424K, reserved 1056768K
  class space    used 875K, capacity 910K, committed 1024K, reserved 1048576K
Event: 0.963 GC heap after
Heap after GC invocations=1 (full 0):
 PSYoungGen      total 35840K, used 4218K [0x00000000f5580000, 0x00000000f7d80000, 0x0000000100000000)
  eden space 30720K, 0% used [0x00000000f5580000,0x00000000f5580000,0x00000000f7380000)
  from space 5120K, 82% used [0x00000000f7380000,0x00000000f779eb90,0x00000000f7880000)
  to   space 5120K, 0% used [0x00000000f7880000,0x00000000f7880000,0x00000000f7d80000)
 ParOldGen       total 81920K, used 8K [0x00000000e0000000, 0x00000000e5000000, 0x00000000f5580000)
  object space 81920K, 0% used [0x00000000e0000000,0x00000000e0002000,0x00000000e5000000)
 Metaspace       used 6958K, capacity 7066K, committed 7424K, reserved 1056768K
  class space    used 875K, capacity 910K, committed 1024K, reserved 1048576K
}
Event: 1.439 GC heap before
{Heap before GC invocations=2 (full 0):
 PSYoungGen      total 35840K, used 34938K [0x00000000f5580000, 0x00000000f7d80000, 0x0000000100000000)
  eden space 30720K, 100% used [0x00000000f5580000,0x00000000f7380000,0x00000000f7380000)
  from space 5120K, 82% used [0x00000000f7380000,0x00000000f779eb90,0x00000000f7880000)
  to   space 5120K, 0% used [0x00000000f7880000,0x00000000f7880000,0x00000000f7d80000)
 ParOldGen       total 81920K, used 8K [0x00000000e0000000, 0x00000000e5000000, 0x00000000f5580000)
  object space 81920K, 0% used [0x00000000e0000000,0x00000000e0002000,0x00000000e5000000)
 Metaspace       used 7741K, capacity 7988K, committed 8064K, reserved 1056768K
  class space    used 1019K, capacity 1111K, committed 1152K, reserved 1048576K
Event: 1.444 GC heap after
Heap after GC invocations=2 (full 0):
 PSYoungGen      total 35840K, used 3856K [0x00000000f5580000, 0x00000000f7d80000, 0x0000000100000000)
  eden space 30720K, 0% used [0x00000000f5580000,0x00000000f5580000,0x00000000f7380000)
  from space 5120K, 75% used [0x00000000f7880000,0x00000000f7c441f8,0x00000000f7d80000)
  to   space 5120K, 0% used [0x00000000f7380000,0x00000000f7380000,0x00000000f7880000)
 ParOldGen       total 81920K, used 16K [0x00000000e0000000, 0x00000000e5000000, 0x00000000f5580000)
  object space 81920K, 0% used [0x00000000e0000000,0x00000000e0004000,0x00000000e5000000)
 Metaspace       used 7741K, capacity 7988K, committed 8064K, reserved 1056768K
  class space    used 1019K, capacity 1111K, committed 1152K, reserved 1048576K
}
Event: 2.469 GC heap before
{Heap before GC invocations=3 (full 0):
 PSYoungGen      total 35840K, used 34576K [0x00000000f5580000, 0x00000000f7d80000, 0x0000000100000000)
  eden space 30720K, 100% used [0x00000000f5580000,0x00000000f7380000,0x00000000f7380000)
  from space 5120K, 75% used [0x00000000f7880000,0x00000000f7c441f8,0x00000000f7d80000)
  to   space 5120K, 0% used [0x00000000f7380000,0x00000000f7380000,0x00000000f7880000)
 ParOldGen       total 81920K, used 16K [0x00000000e0000000, 0x00000000e5000000, 0x00000000f5580000)
  object space 81920K, 0% used [0x00000000e0000000,0x00000000e0004000,0x00000000e5000000)
 Metaspace       used 12479K, capacity 12778K, committed 12928K, reserved 1060864K
  class space    used 1747K, capacity 1861K, committed 1920K, reserved 1048576K
Event: 2.479 GC heap after
Heap after GC invocations=3 (full 0):
 PSYoungGen      total 35840K, used 5088K [0x00000000f5580000, 0x00000000f7d80000, 0x0000000100000000)
  eden space 30720K, 0% used [0x00000000f5580000,0x00000000f5580000,0x00000000f7380000)
  from space 5120K, 99% used [0x00000000f7380000,0x00000000f7878180,0x00000000f7880000)
  to   space 5120K, 0% used [0x00000000f7880000,0x00000000f7880000,0x00000000f7d80000)
 ParOldGen       total 81920K, used 1217K [0x00000000e0000000, 0x00000000e5000000, 0x00000000f5580000)
  object space 81920K, 1% used [0x00000000e0000000,0x00000000e01304c8,0x00000000e5000000)
 Metaspace       used 12479K, capacity 12778K, committed 12928K, reserved 1060864K
  class space    used 1747K, capacity 1861K, committed 1920K, reserved 1048576K
}
Event: 2.888 GC heap before
{Heap before GC invocations=4 (full 0):
 PSYoungGen      total 35840K, used 35808K [0x00000000f5580000, 0x00000000f7d80000, 0x0000000100000000)
  eden space 30720K, 100% used [0x00000000f5580000,0x00000000f7380000,0x00000000f7380000)
  from space 5120K, 99% used [0x00000000f7380000,0x00000000f7878180,0x00000000f7880000)
  to   space 5120K, 0% used [0x00000000f7880000,0x00000000f7880000,0x00000000f7d80000)
 ParOldGen       total 81920K, used 1217K [0x00000000e0000000, 0x00000000e5000000, 0x00000000f5580000)
  object space 81920K, 1% used [0x00000000e0000000,0x00000000e01304c8,0x00000000e5000000)
 Metaspace       used 14800K, capacity 15124K, committed 15360K, reserved 1062912K
  class space    used 2161K, capacity 2282K, committed 2304K, reserved 1048576K
Event: 2.900 GC heap after
Heap after GC invocations=4 (full 0):
 PSYoungGen      total 35840K, used 5094K [0x00000000f5580000, 0x00000000f7d80000, 0x0000000100000000)
  eden space 30720K, 0% used [0x00000000f5580000,0x00000000f5580000,0x00000000f7380000)
  from space 5120K, 99% used [0x00000000f7880000,0x00000000f7d79b60,0x00000000f7d80000)
  to   space 5120K, 0% used [0x00000000f7380000,0x00000000f7380000,0x00000000f7880000)
 ParOldGen       total 81920K, used 3398K [0x00000000e0000000, 0x00000000e5000000, 0x00000000f5580000)
  object space 81920K, 4% used [0x00000000e0000000,0x00000000e0351b10,0x00000000e5000000)
 Metaspace       used 14800K, capacity 15124K, committed 15360K, reserved 1062912K
  class space    used 2161K, capacity 2282K, committed 2304K, reserved 1048576K
}

Deoptimization events (10 events):
Event: 2.324 Thread 0x0000000015094800 Uncommon trap: reason=bimorphic action=maybe_recompile pc=0x00000000024d8f24 method=java.util.HashMap.putVal(ILjava/lang/Object;Ljava/lang/Object;ZZ)Ljava/lang/Object; @ 253
Event: 2.324 Thread 0x0000000015094800 Uncommon trap: reason=bimorphic action=maybe_recompile pc=0x00000000024d8f24 method=java.util.HashMap.putVal(ILjava/lang/Object;Ljava/lang/Object;ZZ)Ljava/lang/Object; @ 253
Event: 2.324 Thread 0x0000000015094800 Uncommon trap: reason=bimorphic action=maybe_recompile pc=0x00000000024d8f24 method=java.util.HashMap.putVal(ILjava/lang/Object;Ljava/lang/Object;ZZ)Ljava/lang/Object; @ 253
Event: 2.324 Thread 0x0000000015094800 Uncommon trap: reason=bimorphic action=maybe_recompile pc=0x00000000024d8f24 method=java.util.HashMap.putVal(ILjava/lang/Object;Ljava/lang/Object;ZZ)Ljava/lang/Object; @ 253
Event: 2.324 Thread 0x0000000015094800 Uncommon trap: reason=bimorphic action=maybe_recompile pc=0x00000000024cb1e0 method=java.util.HashMap.putVal(ILjava/lang/Object;Ljava/lang/Object;ZZ)Ljava/lang/Object; @ 253
Event: 2.579 Thread 0x0000000015094800 Uncommon trap: reason=class_check action=maybe_recompile pc=0x0000000002519f58 method=java.util.regex.Matcher.match(II)Z @ 86
Event: 2.596 Thread 0x0000000015094800 Uncommon trap: reason=class_check action=maybe_recompile pc=0x0000000002519f58 method=java.util.regex.Matcher.match(II)Z @ 86
Event: 2.597 Thread 0x0000000015094800 Uncommon trap: reason=class_check action=maybe_recompile pc=0x0000000002519f58 method=java.util.regex.Matcher.match(II)Z @ 86
Event: 2.597 Thread 0x0000000015094800 Uncommon trap: reason=class_check action=maybe_recompile pc=0x00000000024deb5c method=java.util.regex.Matcher.match(II)Z @ 86
Event: 3.012 Thread 0x0000000015094800 Uncommon trap: reason=unstable_if action=reinterpret pc=0x00000000026324b4 method=java.lang.String.lastIndexOf([CII[CIII)I @ 66

Classes redefined (0 events):
No events

Internal exceptions (10 events):
Event: 1.544 Thread 0x000000000213e000 Exception <a 'java/lang/NoSuchFieldError': method resolution failed> (0x00000000f5b35e48) thrown at [C:\re\workspace\8-2-build-windows-amd64-cygwin\jdk8u201\12322\hotspot\src\share\vm\prims\methodHandles.cpp, line 1167]
Event: 1.549 Thread 0x000000000213e000 Exception <a 'java/lang/NoSuchFieldError': method resolution failed> (0x00000000f5b43ba8) thrown at [C:\re\workspace\8-2-build-windows-amd64-cygwin\jdk8u201\12322\hotspot\src\share\vm\prims\methodHandles.cpp, line 1167]
Event: 2.218 Thread 0x000000000213e000 Exception <a 'java/io/IOException'> (0x00000000f62b59b8) thrown at [C:\re\workspace\8-2-build-windows-amd64-cygwin\jdk8u201\12322\hotspot\src\share\vm\prims\jni.cpp, line 709]
Event: 2.262 Thread 0x0000000016a48800 Exception <a 'java/lang/NoSuchMethodError': <clinit>> (0x00000000f6499e20) thrown at [C:\re\workspace\8-2-build-windows-amd64-cygwin\jdk8u201\12322\hotspot\src\share\vm\prims\jni.cpp, line 1613]
Event: 2.264 Thread 0x0000000016a48800 Exception <a 'java/lang/NoSuchMethodError': <clinit>> (0x00000000f64a3bd0) thrown at [C:\re\workspace\8-2-build-windows-amd64-cygwin\jdk8u201\12322\hotspot\src\share\vm\prims\jni.cpp, line 1613]
Event: 2.265 Thread 0x0000000016a48800 Exception <a 'java/lang/NoSuchMethodError': <clinit>> (0x00000000f64b8028) thrown at [C:\re\workspace\8-2-build-windows-amd64-cygwin\jdk8u201\12322\hotspot\src\share\vm\prims\jni.cpp, line 1613]
Event: 2.282 Thread 0x0000000016a48800 Exception <a 'java/lang/NoSuchMethodError': <clinit>> (0x00000000f6513460) thrown at [C:\re\workspace\8-2-build-windows-amd64-cygwin\jdk8u201\12322\hotspot\src\share\vm\prims\jni.cpp, line 1613]
Event: 2.288 Thread 0x0000000016a48800 Exception <a 'java/lang/NoSuchMethodError': <clinit>> (0x00000000f654b380) thrown at [C:\re\workspace\8-2-build-windows-amd64-cygwin\jdk8u201\12322\hotspot\src\share\vm\prims\jni.cpp, line 1613]
Event: 2.295 Thread 0x0000000016a48800 Exception <a 'java/lang/NoSuchMethodError': <clinit>> (0x00000000f65817e0) thrown at [C:\re\workspace\8-2-build-windows-amd64-cygwin\jdk8u201\12322\hotspot\src\share\vm\prims\jni.cpp, line 1613]
Event: 2.296 Thread 0x0000000016a48800 Exception <a 'java/lang/NoSuchMethodError': <clinit>> (0x00000000f658cc00) thrown at [C:\re\workspace\8-2-build-windows-amd64-cygwin\jdk8u201\12322\hotspot\src\share\vm\prims\jni.cpp, line 1613]

Events (10 events):
Event: 3.023 loading class com/google/common/io/LineReader
Event: 3.023 loading class com/google/common/io/LineReader done
Event: 3.024 loading class com/google/common/io/LineBuffer
Event: 3.024 loading class com/google/common/io/LineBuffer done
Event: 3.024 loading class com/google/common/io/LineReader$1
Event: 3.024 loading class com/google/common/io/LineReader$1 done
Event: 3.025 loading class org/gradle/configuration/DefaultImportsReader$2
Event: 3.025 loading class org/gradle/configuration/DefaultImportsReader$2 done
Event: 3.027 loading class org/apache/commons/lang/StringUtils
Event: 3.027 loading class org/apache/commons/lang/StringUtils done


Dynamic libraries:
0x00007ff672200000 - 0x00007ff672237000 	C:\Program Files\Java\jdk1.8.0_201\bin\java.exe
0x00007ff904c50000 - 0x00007ff904e45000 	C:\WINDOWS\SYSTEM32\ntdll.dll
0x00007ff904080000 - 0x00007ff90413e000 	C:\WINDOWS\System32\KERNEL32.DLL
0x00007ff902640000 - 0x00007ff902908000 	C:\WINDOWS\System32\KERNELBASE.dll
0x00007ff9038b0000 - 0x00007ff90395e000 	C:\WINDOWS\System32\ADVAPI32.dll
0x00007ff902cb0000 - 0x00007ff902d4e000 	C:\WINDOWS\System32\msvcrt.dll
0x00007ff904480000 - 0x00007ff90451c000 	C:\WINDOWS\System32\sechost.dll
0x00007ff903c70000 - 0x00007ff903d95000 	C:\WINDOWS\System32\RPCRT4.dll
0x00007ff904520000 - 0x00007ff9046c0000 	C:\WINDOWS\System32\USER32.dll
0x00007ff902a20000 - 0x00007ff902a42000 	C:\WINDOWS\System32\win32u.dll
0x00007ff904140000 - 0x00007ff90416b000 	C:\WINDOWS\System32\GDI32.dll
0x00007ff902910000 - 0x00007ff902a1b000 	C:\WINDOWS\System32\gdi32full.dll
0x00007ff902450000 - 0x00007ff9024ed000 	C:\WINDOWS\System32\msvcp_win.dll
0x00007ff9024f0000 - 0x00007ff9025f0000 	C:\WINDOWS\System32\ucrtbase.dll
0x00007ff8f30f0000 - 0x00007ff8f338a000 	C:\WINDOWS\WinSxS\amd64_microsoft.windows.common-controls_6595b64144ccf1df_6.0.19041.1110_none_60b5254171f9507e\COMCTL32.dll
0x00007ff9043e0000 - 0x00007ff904410000 	C:\WINDOWS\System32\IMM32.DLL
0x00000000700d0000 - 0x00000000701a1000 	C:\Program Files\Java\jdk1.8.0_201\jre\bin\msvcr100.dll
0x000000006f820000 - 0x00000000700c4000 	C:\Program Files\Java\jdk1.8.0_201\jre\bin\server\jvm.dll
0x00007ff9041f0000 - 0x00007ff9041f8000 	C:\WINDOWS\System32\PSAPI.DLL
0x00007ff8fbe30000 - 0x00007ff8fbe39000 	C:\WINDOWS\SYSTEM32\WSOCK32.dll
0x00007ff903e50000 - 0x00007ff903ebb000 	C:\WINDOWS\System32\WS2_32.dll
0x00007ff8ec930000 - 0x00007ff8ec957000 	C:\WINDOWS\SYSTEM32\WINMM.dll
0x00007ff8f3b60000 - 0x00007ff8f3b6a000 	C:\WINDOWS\SYSTEM32\VERSION.dll
0x00007ff8fe330000 - 0x00007ff8fe33f000 	C:\Program Files\Java\jdk1.8.0_201\jre\bin\verify.dll
0x00007ff8fd530000 - 0x00007ff8fd559000 	C:\Program Files\Java\jdk1.8.0_201\jre\bin\java.dll
0x00007ff8fd460000 - 0x00007ff8fd476000 	C:\Program Files\Java\jdk1.8.0_201\jre\bin\zip.dll
0x00007ff9030b0000 - 0x00007ff9037f4000 	C:\WINDOWS\System32\SHELL32.dll
0x00007ff900480000 - 0x00007ff900c14000 	C:\WINDOWS\SYSTEM32\windows.storage.dll
0x00007ff902d50000 - 0x00007ff9030a4000 	C:\WINDOWS\System32\combase.dll
0x00007ff901dd0000 - 0x00007ff901dfc000 	C:\WINDOWS\SYSTEM32\Wldp.dll
0x00007ff903800000 - 0x00007ff9038ad000 	C:\WINDOWS\System32\SHCORE.dll
0x00007ff903ec0000 - 0x00007ff903f15000 	C:\WINDOWS\System32\shlwapi.dll
0x00007ff9022b0000 - 0x00007ff9022cf000 	C:\WINDOWS\SYSTEM32\profapi.dll
0x00007ff8fd400000 - 0x00007ff8fd41a000 	C:\Program Files\Java\jdk1.8.0_201\jre\bin\net.dll
0x00007ff8f52b0000 - 0x00007ff8f549c000 	C:\WINDOWS\SYSTEM32\urlmon.dll
0x00007ff8f4fc0000 - 0x00007ff8f4fe8000 	C:\WINDOWS\SYSTEM32\srvcli.dll
0x00007ff8f4ff0000 - 0x00007ff8f52a1000 	C:\WINDOWS\SYSTEM32\iertutil.dll
0x00007ff901810000 - 0x00007ff90181c000 	C:\WINDOWS\SYSTEM32\netutils.dll
0x00007ff901b30000 - 0x00007ff901b9a000 	C:\WINDOWS\system32\mswsock.dll
0x00007ff8fc600000 - 0x00007ff8fc611000 	C:\Program Files\Java\jdk1.8.0_201\jre\bin\nio.dll
0x00007ff8fdb10000 - 0x00007ff8fdb36000 	C:\Users\Andrey\.gradle\native\28\windows-amd64\native-platform.dll
0x00007ff8fe010000 - 0x00007ff8fe01d000 	C:\Program Files\Java\jdk1.8.0_201\jre\bin\management.dll
0x00007ff901d30000 - 0x00007ff901d48000 	C:\WINDOWS\SYSTEM32\CRYPTSP.dll
0x00007ff901440000 - 0x00007ff901474000 	C:\WINDOWS\system32\rsaenh.dll
0x00007ff902420000 - 0x00007ff902447000 	C:\WINDOWS\System32\bcrypt.dll
0x00007ff902270000 - 0x00007ff90229e000 	C:\WINDOWS\SYSTEM32\USERENV.dll
0x00007ff902bb0000 - 0x00007ff902c32000 	C:\WINDOWS\System32\bcryptprimitives.dll
0x00007ff901d20000 - 0x00007ff901d2c000 	C:\WINDOWS\SYSTEM32\CRYPTBASE.dll
0x00007ff9017d0000 - 0x00007ff90180b000 	C:\WINDOWS\SYSTEM32\IPHLPAPI.DLL
0x00007ff904470000 - 0x00007ff904478000 	C:\WINDOWS\System32\NSI.dll
0x00007ff8fb240000 - 0x00007ff8fb257000 	C:\WINDOWS\SYSTEM32\dhcpcsvc6.DLL
0x00007ff8fb220000 - 0x00007ff8fb23d000 	C:\WINDOWS\SYSTEM32\dhcpcsvc.DLL
0x00007ff901820000 - 0x00007ff9018ea000 	C:\WINDOWS\SYSTEM32\DNSAPI.dll

VM Arguments:
jvm_args: -XX:MaxMetaspaceSize=256m -XX:+HeapDumpOnOutOfMemoryError -Xmx512m -Dfile.encoding=windows-1251 -Duser.country=RU -Duser.language=ru -Duser.variant 
java_command: org.gradle.launcher.daemon.bootstrap.GradleDaemon 5.2.1
java_class_path (initial): C:\Users\Andrey\.gradle\wrapper\dists\gradle-5.2.1-bin\9lc4nzslqh3ep7ml2tp68fk8s\gradle-5.2.1\lib\gradle-launcher-5.2.1.jar
Launcher Type: SUN_STANDARD

Environment Variables:
JAVA_HOME=C:\Program Files\Java\jdk1.8.0_201
PATH=C:\Program Files\Java\jdk1.8.0_201\bin;C:\Tools\gradle-7.3.2\bin;C:\Tools;C:\WINDOWS\system32;C:\WINDOWS;C:\WINDOWS\System32\Wbem;C:\WINDOWS\System32\WindowsPowerShell\v1.0\;C:\WINDOWS\System32\OpenSSH\;C:\Program Files\Java\jdk1.8.0_201\bin;C:\Users\Andrey\.IdeaIC2019.3\Selenium;%IntelliJ IDEA Community Edition%;C:\apache-maven-3.6.3\bin;C:\Program Files (x86)\Common Files\Adobe\AGL;C:\Program Files\nodejs\;C:\Program Files\Git\cmd;C:\Users\Andrey\AppData\Local\Microsoft\WindowsApps;C:\Program Files\JetBrains\IntelliJ IDEA Community Edition 2019.3\bin;;C:\Users\Andrey\.IdeaIC2019.3\DriversForChrome;C:\Program Files\Java\jdk1.8.0_201\bin;C:\Program Files\TestProject Agent;C:\Users\Andrey\AppData\Roaming\npm;C:\Users\Andrey\AppData\Local\GitHubDesktop\bin
USERNAME=Andrey
OS=Windows_NT
PROCESSOR_IDENTIFIER=Intel64 Family 6 Model 142 Stepping 9, GenuineIntel



---------------  S Y S T E M  ---------------

OS: Windows 10.0 , 64 bit Build 19041 (10.0.19041.1566)

CPU:total 4 (initial active 4) (2 cores per cpu, 2 threads per core) family 6 model 142 stepping 9, cmov, cx8, fxsr, mmx, sse, sse2, sse3, ssse3, sse4.1, sse4.2, popcnt, avx, avx2, aes, clmul, erms, 3dnowpref, lzcnt, ht, tsc, tscinvbit, bmi1, bmi2, adx

Memory: 4k page, physical 7858520k(594556k free), swap 15413076k(5672k free)

vm_info: Java HotSpot(TM) 64-Bit Server VM (25.201-b09) for windows-amd64 JRE (1.8.0_201-b09), built on Dec 15 2018 18:36:39 by "java_re" with MS VC++ 10.0 (VS2010)

time: Sun Apr 10 18:11:21 2022
timezone: RTZ 2 (зима)
elapsed time: 3 seconds (0d 0h 0m 3s)

