#
# There is insufficient memory for the Java Runtime Environment to continue.
# Native memory allocation (malloc) failed to allocate 1582464 bytes for Chunk::new
# Possible reasons:
#   The system is out of physical RAM or swap space
#   The process is running with CompressedOops enabled, and the Java Heap may be blocking the growth of the native heap
# Possible solutions:
#   Reduce memory load on the system
#   Increase physical memory or swap space
#   Check if swap backing store is full
#   Decrease Java heap size (-Xmx/-Xms)
#   Decrease number of Java threads
#   Decrease Java thread stack sizes (-Xss)
#   Set larger code cache with -XX:ReservedCodeCacheSize=
#   JVM is running with Unscaled Compressed Oops mode in which the Java heap is
#     placed in the first 4GB address space. The Java Heap base address is the
#     maximum limit for the native heap growth. Please use -XX:HeapBaseMinAddress
#     to set the Java Heap base and to place the Java Heap above 4GB virtual address.
# This output file may be truncated or incomplete.
#
#  Out of Memory Error (allocation.cpp:390), pid=14900, tid=0x0000000000000194
#
# JRE version: Java(TM) SE Runtime Environment (8.0_201-b09) (build 1.8.0_201-b09)
# Java VM: Java HotSpot(TM) 64-Bit Server VM (25.201-b09 mixed mode windows-amd64 compressed oops)
# Failed to write core dump. Minidumps are not enabled by default on client versions of Windows
#

---------------  T H R E A D  ---------------

Current thread (0x0000000013b57800):  JavaThread "C2 CompilerThread0" daemon [_thread_in_native, id=404, stack(0x00000000151b0000,0x00000000152b0000)]

Stack: [0x00000000151b0000,0x00000000152b0000]
[error occurred during error reporting (printing stack bounds), id 0xc0000005]

Native frames: (J=compiled Java code, j=interpreted, Vv=VM code, C=native code)


Current CompileTask:
C2:   3143 1341       4       java.net.URLClassLoader$1::run (5 bytes)


---------------  P R O C E S S  ---------------

Java Threads: ( => current thread )
  0x000000001681f800 JavaThread "Cache worker for journal cache (C:\Users\Andrey\.gradle\caches\journal-1)" [_thread_blocked, id=14316, stack(0x0000000019700000,0x0000000019800000)]
  0x0000000016824000 JavaThread "File lock request listener" [_thread_in_native, id=26268, stack(0x0000000019600000,0x0000000019700000)]
  0x0000000016820000 JavaThread "Cache worker for file hash cache (C:\Users\Andrey\.gradle\caches\5.2.1\fileHashes)" [_thread_blocked, id=29304, stack(0x0000000019500000,0x0000000019600000)]
  0x00000000164c1800 JavaThread "Thread-9" [_thread_blocked, id=25404, stack(0x0000000019400000,0x0000000019500000)]
  0x00000000164bc000 JavaThread "Stdin handler" [_thread_blocked, id=27060, stack(0x0000000019300000,0x0000000019400000)]
  0x0000000016d02000 JavaThread "Asynchronous log dispatcher for DefaultDaemonConnection: socket connection from /127.0.0.1:56159 to /127.0.0.1:56160" [_thread_blocked, id=28996, stack(0x0000000019200000,0x0000000019300000)]
  0x000000001637d800 JavaThread "Daemon worker" [_thread_in_vm, id=14356, stack(0x0000000019100000,0x0000000019200000)]
  0x0000000016377800 JavaThread "Cancel handler" [_thread_blocked, id=30984, stack(0x0000000019000000,0x0000000019100000)]
  0x0000000015ba9000 JavaThread "Handler for socket connection from /127.0.0.1:56159 to /127.0.0.1:56160" [_thread_in_native, id=28736, stack(0x0000000018d00000,0x0000000018e00000)]
  0x00000000178f5800 JavaThread "Daemon" [_thread_blocked, id=30780, stack(0x0000000018c00000,0x0000000018d00000)]
  0x0000000016880000 JavaThread "Daemon periodic checks" [_thread_blocked, id=13032, stack(0x0000000018b00000,0x0000000018c00000)]
  0x00000000173f8000 JavaThread "Incoming local TCP Connector on port 56159" [_thread_in_native, id=28040, stack(0x00000000188b0000,0x00000000189b0000)]
  0x0000000015583000 JavaThread "Daemon health stats" [_thread_blocked, id=33404, stack(0x0000000018250000,0x0000000018350000)]
  0x00000000154e0800 JavaThread "Service Thread" daemon [_thread_blocked, id=33112, stack(0x00000000158b0000,0x00000000159b0000)]
  0x0000000013b6a800 JavaThread "C1 CompilerThread2" daemon [_thread_blocked, id=25860, stack(0x00000000153b0000,0x00000000154b0000)]
  0x0000000013b64800 JavaThread "C2 CompilerThread1" daemon [_thread_in_native, id=27356, stack(0x00000000152b0000,0x00000000153b0000)]
=>0x0000000013b57800 JavaThread "C2 CompilerThread0" daemon [_thread_in_native, id=404, stack(0x00000000151b0000,0x00000000152b0000)]
  0x0000000013b55800 JavaThread "Attach Listener" daemon [_thread_blocked, id=17868, stack(0x00000000150b0000,0x00000000151b0000)]
  0x0000000013b54000 JavaThread "Signal Dispatcher" daemon [_thread_blocked, id=33752, stack(0x0000000014fb0000,0x00000000150b0000)]
  0x00000000027da800 JavaThread "Finalizer" daemon [_thread_blocked, id=23496, stack(0x0000000014da0000,0x0000000014ea0000)]
  0x00000000027d2000 JavaThread "Reference Handler" daemon [_thread_blocked, id=16404, stack(0x0000000014ca0000,0x0000000014da0000)]
  0x00000000025de000 JavaThread "main" [_thread_blocked, id=28368, stack(0x00000000025e0000,0x00000000026e0000)]

Other Threads:
  0x0000000013b17800 VMThread [stack: 0x0000000014ba0000,0x0000000014ca0000] [id=30420]
  0x0000000013b9d800 WatcherThread [stack: 0x00000000159b0000,0x0000000015ab0000] [id=28060]

VM state:not at safepoint (normal execution)

VM Mutex/Monitor currently owned by a thread: None

heap address: 0x00000000e0000000, size: 512 MB, Compressed Oops mode: 32-bit
Narrow klass base: 0x0000000000000000, Narrow klass shift: 3
Compressed class space size: 1073741824 Address: 0x0000000100000000

Heap:
 PSYoungGen      total 35840K, used 19427K [0x00000000f5580000, 0x00000000f9b80000, 0x0000000100000000)
  eden space 30720K, 46% used [0x00000000f5580000,0x00000000f637cec0,0x00000000f7380000)
  from space 5120K, 99% used [0x00000000f7880000,0x00000000f7d7c030,0x00000000f7d80000)
  to   space 5120K, 0% used [0x00000000f7380000,0x00000000f7380000,0x00000000f7880000)
 ParOldGen       total 81920K, used 3461K [0x00000000e0000000, 0x00000000e5000000, 0x00000000f5580000)
  object space 81920K, 4% used [0x00000000e0000000,0x00000000e0361438,0x00000000e5000000)
 Metaspace       used 16440K, capacity 16736K, committed 16896K, reserved 1062912K
  class space    used 2406K, capacity 2546K, committed 2560K, reserved 1048576K

Card table byte_map: [0x0000000011ba0000,0x0000000011cb0000] byte_map_base: 0x00000000114a0000

Marking Bits: (ParMarkBitMap*) 0x0000000070044ce0
 Begin Bits: [0x00000000120b0000, 0x00000000128b0000)
 End Bits:   [0x00000000128b0000, 0x00000000130b0000)

Polling page: 0x00000000007f0000

CodeCache: size=245760Kb used=5120Kb max_used=5120Kb free=240639Kb
 bounds [0x00000000027e0000, 0x0000000002cf0000, 0x00000000117e0000]
 total_blobs=1858 nmethods=1460 adapters=310
 compilation: enabled

Compilation events (10 events):
Event: 3.069 Thread 0x0000000013b6a800 1461       3       java.util.jar.JarFile::maybeInstantiateVerifier (96 bytes)
Event: 3.070 Thread 0x0000000013b6a800 nmethod 1461 0x0000000002cdb910 code [0x0000000002cdbb40, 0x0000000002cdc7e8]
Event: 3.085 Thread 0x0000000013b6a800 1462       3       sun.misc.ProxyGenerator::codeLocalLoadStore (90 bytes)
Event: 3.086 Thread 0x0000000013b6a800 nmethod 1462 0x0000000002cdcdd0 code [0x0000000002cdd020, 0x0000000002cde148]
Event: 3.087 Thread 0x0000000013b6a800 1464       3       sun.misc.ProxyGenerator$ConstantPool::getMethodRef (33 bytes)
Event: 3.088 Thread 0x0000000013b6a800 nmethod 1464 0x0000000002cdeb50 code [0x0000000002cdede0, 0x0000000002cdfb88]
Event: 3.089 Thread 0x0000000013b6a800 1465       3       sun.misc.ProxyGenerator::access$900 (5 bytes)
Event: 3.089 Thread 0x0000000013b6a800 nmethod 1465 0x0000000002ce0690 code [0x0000000002ce0800, 0x0000000002ce0a68]
Event: 3.097 Thread 0x0000000013b6a800 1466       1       com.google.common.collect.RegularImmutableList::size (5 bytes)
Event: 3.098 Thread 0x0000000013b6a800 nmethod 1466 0x0000000002ce0b50 code [0x0000000002ce0ca0, 0x0000000002ce0db0]

GC Heap History (8 events):
Event: 0.997 GC heap before
{Heap before GC invocations=1 (full 0):
 PSYoungGen      total 35840K, used 30720K [0x00000000f5580000, 0x00000000f7d80000, 0x0000000100000000)
  eden space 30720K, 100% used [0x00000000f5580000,0x00000000f7380000,0x00000000f7380000)
  from space 5120K, 0% used [0x00000000f7880000,0x00000000f7880000,0x00000000f7d80000)
  to   space 5120K, 0% used [0x00000000f7380000,0x00000000f7380000,0x00000000f7880000)
 ParOldGen       total 81920K, used 0K [0x00000000e0000000, 0x00000000e5000000, 0x00000000f5580000)
  object space 81920K, 0% used [0x00000000e0000000,0x00000000e0000000,0x00000000e5000000)
 Metaspace       used 6967K, capacity 7130K, committed 7424K, reserved 1056768K
  class space    used 875K, capacity 910K, committed 1024K, reserved 1048576K
Event: 1.006 GC heap after
Heap after GC invocations=1 (full 0):
 PSYoungGen      total 35840K, used 4221K [0x00000000f5580000, 0x00000000f7d80000, 0x0000000100000000)
  eden space 30720K, 0% used [0x00000000f5580000,0x00000000f5580000,0x00000000f7380000)
  from space 5120K, 82% used [0x00000000f7380000,0x00000000f779f6f8,0x00000000f7880000)
  to   space 5120K, 0% used [0x00000000f7880000,0x00000000f7880000,0x00000000f7d80000)
 ParOldGen       total 81920K, used 8K [0x00000000e0000000, 0x00000000e5000000, 0x00000000f5580000)
  object space 81920K, 0% used [0x00000000e0000000,0x00000000e0002000,0x00000000e5000000)
 Metaspace       used 6967K, capacity 7130K, committed 7424K, reserved 1056768K
  class space    used 875K, capacity 910K, committed 1024K, reserved 1048576K
}
Event: 1.485 GC heap before
{Heap before GC invocations=2 (full 0):
 PSYoungGen      total 35840K, used 34941K [0x00000000f5580000, 0x00000000f7d80000, 0x0000000100000000)
  eden space 30720K, 100% used [0x00000000f5580000,0x00000000f7380000,0x00000000f7380000)
  from space 5120K, 82% used [0x00000000f7380000,0x00000000f779f6f8,0x00000000f7880000)
  to   space 5120K, 0% used [0x00000000f7880000,0x00000000f7880000,0x00000000f7d80000)
 ParOldGen       total 81920K, used 8K [0x00000000e0000000, 0x00000000e5000000, 0x00000000f5580000)
  object space 81920K, 0% used [0x00000000e0000000,0x00000000e0002000,0x00000000e5000000)
 Metaspace       used 7748K, capacity 7988K, committed 8064K, reserved 1056768K
  class space    used 1019K, capacity 1111K, committed 1152K, reserved 1048576K
Event: 1.490 GC heap after
Heap after GC invocations=2 (full 0):
 PSYoungGen      total 35840K, used 3820K [0x00000000f5580000, 0x00000000f7d80000, 0x0000000100000000)
  eden space 30720K, 0% used [0x00000000f5580000,0x00000000f5580000,0x00000000f7380000)
  from space 5120K, 74% used [0x00000000f7880000,0x00000000f7c3b3c8,0x00000000f7d80000)
  to   space 5120K, 0% used [0x00000000f7380000,0x00000000f7380000,0x00000000f7880000)
 ParOldGen       total 81920K, used 16K [0x00000000e0000000, 0x00000000e5000000, 0x00000000f5580000)
  object space 81920K, 0% used [0x00000000e0000000,0x00000000e0004000,0x00000000e5000000)
 Metaspace       used 7748K, capacity 7988K, committed 8064K, reserved 1056768K
  class space    used 1019K, capacity 1111K, committed 1152K, reserved 1048576K
}
Event: 2.468 GC heap before
{Heap before GC invocations=3 (full 0):
 PSYoungGen      total 35840K, used 34540K [0x00000000f5580000, 0x00000000f7d80000, 0x0000000100000000)
  eden space 30720K, 100% used [0x00000000f5580000,0x00000000f7380000,0x00000000f7380000)
  from space 5120K, 74% used [0x00000000f7880000,0x00000000f7c3b3c8,0x00000000f7d80000)
  to   space 5120K, 0% used [0x00000000f7380000,0x00000000f7380000,0x00000000f7880000)
 ParOldGen       total 81920K, used 16K [0x00000000e0000000, 0x00000000e5000000, 0x00000000f5580000)
  object space 81920K, 0% used [0x00000000e0000000,0x00000000e0004000,0x00000000e5000000)
 Metaspace       used 12497K, capacity 12778K, committed 12928K, reserved 1060864K
  class space    used 1748K, capacity 1861K, committed 1920K, reserved 1048576K
Event: 2.477 GC heap after
Heap after GC invocations=3 (full 0):
 PSYoungGen      total 35840K, used 5117K [0x00000000f5580000, 0x00000000f7d80000, 0x0000000100000000)
  eden space 30720K, 0% used [0x00000000f5580000,0x00000000f5580000,0x00000000f7380000)
  from space 5120K, 99% used [0x00000000f7380000,0x00000000f787f440,0x00000000f7880000)
  to   space 5120K, 0% used [0x00000000f7880000,0x00000000f7880000,0x00000000f7d80000)
 ParOldGen       total 81920K, used 1202K [0x00000000e0000000, 0x00000000e5000000, 0x00000000f5580000)
  object space 81920K, 1% used [0x00000000e0000000,0x00000000e012c850,0x00000000e5000000)
 Metaspace       used 12497K, capacity 12778K, committed 12928K, reserved 1060864K
  class space    used 1748K, capacity 1861K, committed 1920K, reserved 1048576K
}
Event: 2.813 GC heap before
{Heap before GC invocations=4 (full 0):
 PSYoungGen      total 35840K, used 35837K [0x00000000f5580000, 0x00000000f7d80000, 0x0000000100000000)
  eden space 30720K, 100% used [0x00000000f5580000,0x00000000f7380000,0x00000000f7380000)
  from space 5120K, 99% used [0x00000000f7380000,0x00000000f787f440,0x00000000f7880000)
  to   space 5120K, 0% used [0x00000000f7880000,0x00000000f7880000,0x00000000f7d80000)
 ParOldGen       total 81920K, used 1202K [0x00000000e0000000, 0x00000000e5000000, 0x00000000f5580000)
  object space 81920K, 1% used [0x00000000e0000000,0x00000000e012c850,0x00000000e5000000)
 Metaspace       used 14826K, capacity 15124K, committed 15360K, reserved 1062912K
  class space    used 2163K, capacity 2282K, committed 2304K, reserved 1048576K
Event: 2.824 GC heap after
Heap after GC invocations=4 (full 0):
 PSYoungGen      total 35840K, used 5104K [0x00000000f5580000, 0x00000000f9b80000, 0x0000000100000000)
  eden space 30720K, 0% used [0x00000000f5580000,0x00000000f5580000,0x00000000f7380000)
  from space 5120K, 99% used [0x00000000f7880000,0x00000000f7d7c030,0x00000000f7d80000)
  to   space 5120K, 0% used [0x00000000f7380000,0x00000000f7380000,0x00000000f7880000)
 ParOldGen       total 81920K, used 3461K [0x00000000e0000000, 0x00000000e5000000, 0x00000000f5580000)
  object space 81920K, 4% used [0x00000000e0000000,0x00000000e0361438,0x00000000e5000000)
 Metaspace       used 14826K, capacity 15124K, committed 15360K, reserved 1062912K
  class space    used 2163K, capacity 2282K, committed 2304K, reserved 1048576K
}

Deoptimization events (10 events):
Event: 2.329 Thread 0x000000001637d800 Uncommon trap: reason=bimorphic action=maybe_recompile pc=0x0000000002a74244 method=java.util.HashMap.putVal(ILjava/lang/Object;Ljava/lang/Object;ZZ)Ljava/lang/Object; @ 253
Event: 2.330 Thread 0x000000001637d800 Uncommon trap: reason=bimorphic action=maybe_recompile pc=0x0000000002a74244 method=java.util.HashMap.putVal(ILjava/lang/Object;Ljava/lang/Object;ZZ)Ljava/lang/Object; @ 253
Event: 2.330 Thread 0x000000001637d800 Uncommon trap: reason=bimorphic action=maybe_recompile pc=0x0000000002a74244 method=java.util.HashMap.putVal(ILjava/lang/Object;Ljava/lang/Object;ZZ)Ljava/lang/Object; @ 253
Event: 2.330 Thread 0x000000001637d800 Uncommon trap: reason=bimorphic action=maybe_recompile pc=0x0000000002a74244 method=java.util.HashMap.putVal(ILjava/lang/Object;Ljava/lang/Object;ZZ)Ljava/lang/Object; @ 253
Event: 2.576 Thread 0x000000001637d800 Uncommon trap: reason=class_check action=maybe_recompile pc=0x0000000002aba258 method=java.util.regex.Matcher.match(II)Z @ 86
Event: 2.589 Thread 0x000000001637d800 Uncommon trap: reason=class_check action=maybe_recompile pc=0x0000000002aba258 method=java.util.regex.Matcher.match(II)Z @ 86
Event: 2.589 Thread 0x000000001637d800 Uncommon trap: reason=class_check action=maybe_recompile pc=0x0000000002aba258 method=java.util.regex.Matcher.match(II)Z @ 86
Event: 2.589 Thread 0x000000001637d800 Uncommon trap: reason=class_check action=maybe_recompile pc=0x0000000002a7fe5c method=java.util.regex.Matcher.match(II)Z @ 86
Event: 2.925 Thread 0x000000001637d800 Uncommon trap: reason=unstable_if action=reinterpret pc=0x0000000002bcd6b4 method=java.lang.String.lastIndexOf([CII[CIII)I @ 66
Event: 3.059 Thread 0x000000001637d800 Uncommon trap: reason=unstable_if action=reinterpret pc=0x0000000002c9e80c method=java.util.jar.JarFile.maybeInstantiateVerifier()V @ 21

Classes redefined (0 events):
No events

Internal exceptions (10 events):
Event: 1.591 Thread 0x00000000025de000 Exception <a 'java/lang/NoSuchFieldError': method resolution failed> (0x00000000f5b43d18) thrown at [C:\re\workspace\8-2-build-windows-amd64-cygwin\jdk8u201\12322\hotspot\src\share\vm\prims\methodHandles.cpp, line 1167]
Event: 2.226 Thread 0x00000000025de000 Exception <a 'java/io/IOException'> (0x00000000f62b44b8) thrown at [C:\re\workspace\8-2-build-windows-amd64-cygwin\jdk8u201\12322\hotspot\src\share\vm\prims\jni.cpp, line 709]
Event: 2.273 Thread 0x0000000015ba9000 Exception <a 'java/lang/NoSuchMethodError': <clinit>> (0x00000000f64999b0) thrown at [C:\re\workspace\8-2-build-windows-amd64-cygwin\jdk8u201\12322\hotspot\src\share\vm\prims\jni.cpp, line 1613]
Event: 2.274 Thread 0x0000000015ba9000 Exception <a 'java/lang/NoSuchMethodError': <clinit>> (0x00000000f64a3760) thrown at [C:\re\workspace\8-2-build-windows-amd64-cygwin\jdk8u201\12322\hotspot\src\share\vm\prims\jni.cpp, line 1613]
Event: 2.276 Thread 0x0000000015ba9000 Exception <a 'java/lang/NoSuchMethodError': <clinit>> (0x00000000f64b7bb8) thrown at [C:\re\workspace\8-2-build-windows-amd64-cygwin\jdk8u201\12322\hotspot\src\share\vm\prims\jni.cpp, line 1613]
Event: 2.290 Thread 0x0000000015ba9000 Exception <a 'java/lang/NoSuchMethodError': <clinit>> (0x00000000f6512ff0) thrown at [C:\re\workspace\8-2-build-windows-amd64-cygwin\jdk8u201\12322\hotspot\src\share\vm\prims\jni.cpp, line 1613]
Event: 2.297 Thread 0x0000000015ba9000 Exception <a 'java/lang/NoSuchMethodError': <clinit>> (0x00000000f654af10) thrown at [C:\re\workspace\8-2-build-windows-amd64-cygwin\jdk8u201\12322\hotspot\src\share\vm\prims\jni.cpp, line 1613]
Event: 2.303 Thread 0x0000000015ba9000 Exception <a 'java/lang/NoSuchMethodError': <clinit>> (0x00000000f6581370) thrown at [C:\re\workspace\8-2-build-windows-amd64-cygwin\jdk8u201\12322\hotspot\src\share\vm\prims\jni.cpp, line 1613]
Event: 2.304 Thread 0x0000000015ba9000 Exception <a 'java/lang/NoSuchMethodError': <clinit>> (0x00000000f658c790) thrown at [C:\re\workspace\8-2-build-windows-amd64-cygwin\jdk8u201\12322\hotspot\src\share\vm\prims\jni.cpp, line 1613]
Event: 3.059 Thread 0x000000001637d800 Implicit null exception at 0x0000000002c9e43b to 0x0000000002c9e7fd

Events (10 events):
Event: 3.137 loading class org/objectweb/asm/CurrentFrame
Event: 3.137 loading class org/objectweb/asm/CurrentFrame done
Event: 3.138 loading class org/objectweb/asm/Label
Event: 3.138 loading class org/objectweb/asm/Label done
Event: 3.141 loading class org/gradle/internal/instantiation/AsmBackedClassGenerator$ClassBuilderImpl$4
Event: 3.141 loading class org/gradle/internal/instantiation/AsmBackedClassGenerator$ClassBuilderImpl$4 done
Event: 3.142 loading class org/gradle/internal/instantiation/AsmBackedClassGenerator$ClassBuilderImpl$7
Event: 3.142 loading class org/gradle/internal/instantiation/AsmBackedClassGenerator$ClassBuilderImpl$7 done
Event: 3.142 loading class org/objectweb/asm/Edge
Event: 3.142 loading class org/objectweb/asm/Edge done


Dynamic libraries:
0x00007ff672200000 - 0x00007ff672237000 	C:\Program Files\Java\jdk1.8.0_201\bin\java.exe
0x00007ff904c50000 - 0x00007ff904e45000 	C:\WINDOWS\SYSTEM32\ntdll.dll
0x00007ff904080000 - 0x00007ff90413e000 	C:\WINDOWS\System32\KERNEL32.DLL
0x00007ff902640000 - 0x00007ff902908000 	C:\WINDOWS\System32\KERNELBASE.dll
0x00007ff9038b0000 - 0x00007ff90395e000 	C:\WINDOWS\System32\ADVAPI32.dll
0x00007ff902cb0000 - 0x00007ff902d4e000 	C:\WINDOWS\System32\msvcrt.dll
0x00007ff904480000 - 0x00007ff90451c000 	C:\WINDOWS\System32\sechost.dll
0x00007ff903c70000 - 0x00007ff903d95000 	C:\WINDOWS\System32\RPCRT4.dll
0x00007ff904520000 - 0x00007ff9046c0000 	C:\WINDOWS\System32\USER32.dll
0x00007ff902a20000 - 0x00007ff902a42000 	C:\WINDOWS\System32\win32u.dll
0x00007ff904140000 - 0x00007ff90416b000 	C:\WINDOWS\System32\GDI32.dll
0x00007ff902910000 - 0x00007ff902a1b000 	C:\WINDOWS\System32\gdi32full.dll
0x00007ff902450000 - 0x00007ff9024ed000 	C:\WINDOWS\System32\msvcp_win.dll
0x00007ff9024f0000 - 0x00007ff9025f0000 	C:\WINDOWS\System32\ucrtbase.dll
0x00007ff8f30f0000 - 0x00007ff8f338a000 	C:\WINDOWS\WinSxS\amd64_microsoft.windows.common-controls_6595b64144ccf1df_6.0.19041.1110_none_60b5254171f9507e\COMCTL32.dll
0x00007ff9043e0000 - 0x00007ff904410000 	C:\WINDOWS\System32\IMM32.DLL
0x00000000700d0000 - 0x00000000701a1000 	C:\Program Files\Java\jdk1.8.0_201\jre\bin\msvcr100.dll
0x000000006f820000 - 0x00000000700c4000 	C:\Program Files\Java\jdk1.8.0_201\jre\bin\server\jvm.dll
0x00007ff9041f0000 - 0x00007ff9041f8000 	C:\WINDOWS\System32\PSAPI.DLL
0x00007ff8ec930000 - 0x00007ff8ec957000 	C:\WINDOWS\SYSTEM32\WINMM.dll
0x00007ff8f3b60000 - 0x00007ff8f3b6a000 	C:\WINDOWS\SYSTEM32\VERSION.dll
0x00007ff8fbe30000 - 0x00007ff8fbe39000 	C:\WINDOWS\SYSTEM32\WSOCK32.dll
0x00007ff903e50000 - 0x00007ff903ebb000 	C:\WINDOWS\System32\WS2_32.dll
0x00007ff8fe330000 - 0x00007ff8fe33f000 	C:\Program Files\Java\jdk1.8.0_201\jre\bin\verify.dll
0x00007ff8fd530000 - 0x00007ff8fd559000 	C:\Program Files\Java\jdk1.8.0_201\jre\bin\java.dll
0x00007ff8fd460000 - 0x00007ff8fd476000 	C:\Program Files\Java\jdk1.8.0_201\jre\bin\zip.dll
0x00007ff9030b0000 - 0x00007ff9037f4000 	C:\WINDOWS\System32\SHELL32.dll
0x00007ff900480000 - 0x00007ff900c14000 	C:\WINDOWS\SYSTEM32\windows.storage.dll
0x00007ff902d50000 - 0x00007ff9030a4000 	C:\WINDOWS\System32\combase.dll
0x00007ff901dd0000 - 0x00007ff901dfc000 	C:\WINDOWS\SYSTEM32\Wldp.dll
0x00007ff903800000 - 0x00007ff9038ad000 	C:\WINDOWS\System32\SHCORE.dll
0x00007ff903ec0000 - 0x00007ff903f15000 	C:\WINDOWS\System32\shlwapi.dll
0x00007ff9022b0000 - 0x00007ff9022cf000 	C:\WINDOWS\SYSTEM32\profapi.dll
0x00007ff8fd400000 - 0x00007ff8fd41a000 	C:\Program Files\Java\jdk1.8.0_201\jre\bin\net.dll
0x00007ff8f52b0000 - 0x00007ff8f549c000 	C:\WINDOWS\SYSTEM32\urlmon.dll
0x00007ff8f4ff0000 - 0x00007ff8f52a1000 	C:\WINDOWS\SYSTEM32\iertutil.dll
0x00007ff8f4fc0000 - 0x00007ff8f4fe8000 	C:\WINDOWS\SYSTEM32\srvcli.dll
0x00007ff901810000 - 0x00007ff90181c000 	C:\WINDOWS\SYSTEM32\netutils.dll
0x00007ff901b30000 - 0x00007ff901b9a000 	C:\WINDOWS\system32\mswsock.dll
0x00007ff8fc600000 - 0x00007ff8fc611000 	C:\Program Files\Java\jdk1.8.0_201\jre\bin\nio.dll
0x00007ff8fdb10000 - 0x00007ff8fdb36000 	C:\Users\Andrey\.gradle\native\28\windows-amd64\native-platform.dll
0x00007ff8fe010000 - 0x00007ff8fe01d000 	C:\Program Files\Java\jdk1.8.0_201\jre\bin\management.dll
0x00007ff901d30000 - 0x00007ff901d48000 	C:\WINDOWS\SYSTEM32\CRYPTSP.dll
0x00007ff901440000 - 0x00007ff901474000 	C:\WINDOWS\system32\rsaenh.dll
0x00007ff902420000 - 0x00007ff902447000 	C:\WINDOWS\System32\bcrypt.dll
0x00007ff902270000 - 0x00007ff90229e000 	C:\WINDOWS\SYSTEM32\USERENV.dll
0x00007ff902bb0000 - 0x00007ff902c32000 	C:\WINDOWS\System32\bcryptprimitives.dll
0x00007ff901d20000 - 0x00007ff901d2c000 	C:\WINDOWS\SYSTEM32\CRYPTBASE.dll
0x00007ff9017d0000 - 0x00007ff90180b000 	C:\WINDOWS\SYSTEM32\IPHLPAPI.DLL
0x00007ff904470000 - 0x00007ff904478000 	C:\WINDOWS\System32\NSI.dll
0x00007ff8fb240000 - 0x00007ff8fb257000 	C:\WINDOWS\SYSTEM32\dhcpcsvc6.DLL
0x00007ff8fb220000 - 0x00007ff8fb23d000 	C:\WINDOWS\SYSTEM32\dhcpcsvc.DLL
0x00007ff901820000 - 0x00007ff9018ea000 	C:\WINDOWS\SYSTEM32\DNSAPI.dll

VM Arguments:
jvm_args: -XX:MaxMetaspaceSize=256m -XX:+HeapDumpOnOutOfMemoryError -Xmx512m -Dfile.encoding=windows-1251 -Duser.country=RU -Duser.language=ru -Duser.variant 
java_command: org.gradle.launcher.daemon.bootstrap.GradleDaemon 5.2.1
java_class_path (initial): C:\Users\Andrey\.gradle\wrapper\dists\gradle-5.2.1-bin\9lc4nzslqh3ep7ml2tp68fk8s\gradle-5.2.1\lib\gradle-launcher-5.2.1.jar
Launcher Type: SUN_STANDARD

Environment Variables:
JAVA_HOME=C:\Program Files\Java\jdk1.8.0_201
PATH=C:\Program Files\Java\jdk1.8.0_201\bin;C:\Tools\gradle-7.3.2\bin;C:\Tools;C:\WINDOWS\system32;C:\WINDOWS;C:\WINDOWS\System32\Wbem;C:\WINDOWS\System32\WindowsPowerShell\v1.0\;C:\WINDOWS\System32\OpenSSH\;C:\Program Files\Java\jdk1.8.0_201\bin;C:\Users\Andrey\.IdeaIC2019.3\Selenium;%IntelliJ IDEA Community Edition%;C:\apache-maven-3.6.3\bin;C:\Program Files (x86)\Common Files\Adobe\AGL;C:\Program Files\nodejs\;C:\Program Files\Git\cmd;C:\Users\Andrey\AppData\Local\Microsoft\WindowsApps;C:\Program Files\JetBrains\IntelliJ IDEA Community Edition 2019.3\bin;;C:\Users\Andrey\.IdeaIC2019.3\DriversForChrome;C:\Program Files\Java\jdk1.8.0_201\bin;C:\Program Files\TestProject Agent;C:\Users\Andrey\AppData\Roaming\npm;C:\Users\Andrey\AppData\Local\GitHubDesktop\bin
USERNAME=Andrey
OS=Windows_NT
PROCESSOR_IDENTIFIER=Intel64 Family 6 Model 142 Stepping 9, GenuineIntel



---------------  S Y S T E M  ---------------

OS: Windows 10.0 , 64 bit Build 19041 (10.0.19041.1566)

CPU:total 4 (initial active 4) (2 cores per cpu, 2 threads per core) family 6 model 142 stepping 9, cmov, cx8, fxsr, mmx, sse, sse2, sse3, ssse3, sse4.1, sse4.2, popcnt, avx, avx2, aes, clmul, erms, 3dnowpref, lzcnt, ht, tsc, tscinvbit, bmi1, bmi2, adx

Memory: 4k page, physical 7858520k(561544k free), swap 15413076k(6056k free)

vm_info: Java HotSpot(TM) 64-Bit Server VM (25.201-b09) for windows-amd64 JRE (1.8.0_201-b09), built on Dec 15 2018 18:36:39 by "java_re" with MS VC++ 10.0 (VS2010)

time: Sun Apr 10 18:10:25 2022
timezone: RTZ 2 (зима)
elapsed time: 3 seconds (0d 0h 0m 3s)

