#
# There is insufficient memory for the Java Runtime Environment to continue.
# Native memory allocation (malloc) failed to allocate 2702736 bytes for Chunk::new
# Possible reasons:
#   The system is out of physical RAM or swap space
#   The process is running with CompressedOops enabled, and the Java Heap may be blocking the growth of the native heap
# Possible solutions:
#   Reduce memory load on the system
#   Increase physical memory or swap space
#   Check if swap backing store is full
#   Decrease Java heap size (-Xmx/-Xms)
#   Decrease number of Java threads
#   Decrease Java thread stack sizes (-Xss)
#   Set larger code cache with -XX:ReservedCodeCacheSize=
#   JVM is running with Unscaled Compressed Oops mode in which the Java heap is
#     placed in the first 4GB address space. The Java Heap base address is the
#     maximum limit for the native heap growth. Please use -XX:HeapBaseMinAddress
#     to set the Java Heap base and to place the Java Heap above 4GB virtual address.
# This output file may be truncated or incomplete.
#
#  Out of Memory Error (allocation.cpp:390), pid=31816, tid=0x0000000000004b74
#
# JRE version: Java(TM) SE Runtime Environment (8.0_201-b09) (build 1.8.0_201-b09)
# Java VM: Java HotSpot(TM) 64-Bit Server VM (25.201-b09 mixed mode windows-amd64 compressed oops)
# Failed to write core dump. Minidumps are not enabled by default on client versions of Windows
#

---------------  T H R E A D  ---------------

Current thread (0x0000000014768800):  JavaThread "C2 CompilerThread0" daemon [_thread_in_native, id=19316, stack(0x0000000015dd0000,0x0000000015ed0000)]

Stack: [0x0000000015dd0000,0x0000000015ed0000]
[error occurred during error reporting (printing stack bounds), id 0xc0000005]

Native frames: (J=compiled Java code, j=interpreted, Vv=VM code, C=native code)


Current CompileTask:
C2:   3874 1346   !   4       java.net.URLClassLoader$1::run (63 bytes)


---------------  P R O C E S S  ---------------

Java Threads: ( => current thread )
  0x000000001784f000 JavaThread "Cache worker for journal cache (C:\Users\Andrey\.gradle\caches\journal-1)" [_thread_blocked, id=33220, stack(0x000000001a300000,0x000000001a400000)]
  0x000000001784e000 JavaThread "File lock request listener" [_thread_in_native, id=28584, stack(0x000000001a200000,0x000000001a300000)]
  0x000000001784d800 JavaThread "Cache worker for file hash cache (C:\Users\Andrey\.gradle\caches\5.2.1\fileHashes)" [_thread_blocked, id=28372, stack(0x000000001a100000,0x000000001a200000)]
  0x00000000173f0800 JavaThread "Thread-9" [_thread_blocked, id=28176, stack(0x000000001a000000,0x000000001a100000)]
  0x0000000016da7800 JavaThread "Stdin handler" [_thread_blocked, id=33516, stack(0x0000000019f00000,0x000000001a000000)]
  0x0000000017b59000 JavaThread "Asynchronous log dispatcher for DefaultDaemonConnection: socket connection from /127.0.0.1:61842 to /127.0.0.1:61843" [_thread_blocked, id=24220, stack(0x0000000019e00000,0x0000000019f00000)]
  0x000000001772d800 JavaThread "Daemon worker" [_thread_in_Java, id=14344, stack(0x0000000019d00000,0x0000000019e00000)]
  0x000000001772c800 JavaThread "Cancel handler" [_thread_blocked, id=11280, stack(0x0000000019c00000,0x0000000019d00000)]
  0x000000001670c800 JavaThread "Handler for socket connection from /127.0.0.1:61842 to /127.0.0.1:61843" [_thread_in_native, id=27692, stack(0x0000000019900000,0x0000000019a00000)]
  0x0000000016708800 JavaThread "Daemon" [_thread_blocked, id=18876, stack(0x0000000019800000,0x0000000019900000)]
  0x0000000016ff6800 JavaThread "Daemon periodic checks" [_thread_blocked, id=23828, stack(0x0000000019700000,0x0000000019800000)]
  0x000000001785a800 JavaThread "Incoming local TCP Connector on port 61842" [_thread_in_native, id=33268, stack(0x00000000194b0000,0x00000000195b0000)]
  0x00000000162d3000 JavaThread "Daemon health stats" [_thread_blocked, id=19432, stack(0x0000000018e70000,0x0000000018f70000)]
  0x00000000147bd800 JavaThread "Service Thread" daemon [_thread_blocked, id=31700, stack(0x00000000164d0000,0x00000000165d0000)]
  0x000000001476f800 JavaThread "C1 CompilerThread2" daemon [_thread_blocked, id=28968, stack(0x0000000015fd0000,0x00000000160d0000)]
  0x000000001476c000 JavaThread "C2 CompilerThread1" daemon [_thread_in_native, id=31388, stack(0x0000000015ed0000,0x0000000015fd0000)]
=>0x0000000014768800 JavaThread "C2 CompilerThread0" daemon [_thread_in_native, id=19316, stack(0x0000000015dd0000,0x0000000015ed0000)]
  0x0000000014767000 JavaThread "Attach Listener" daemon [_thread_blocked, id=31708, stack(0x0000000015cd0000,0x0000000015dd0000)]
  0x0000000014765000 JavaThread "Signal Dispatcher" daemon [_thread_blocked, id=28156, stack(0x0000000015bd0000,0x0000000015cd0000)]
  0x000000000333c800 JavaThread "Finalizer" daemon [_thread_blocked, id=33532, stack(0x00000000159c0000,0x0000000015ac0000)]
  0x000000001474a000 JavaThread "Reference Handler" daemon [_thread_blocked, id=29044, stack(0x00000000158c0000,0x00000000159c0000)]
  0x000000000307e000 JavaThread "main" [_thread_blocked, id=28036, stack(0x0000000003140000,0x0000000003240000)]

Other Threads:
  0x0000000014727800 VMThread [stack: 0x00000000157c0000,0x00000000158c0000] [id=14548]
  0x000000001610b000 WatcherThread [stack: 0x00000000165d0000,0x00000000166d0000] [id=33668]

VM state:not at safepoint (normal execution)

VM Mutex/Monitor currently owned by a thread: None

heap address: 0x00000000e0000000, size: 512 MB, Compressed Oops mode: 32-bit
Narrow klass base: 0x0000000000000000, Narrow klass shift: 3
Compressed class space size: 1073741824 Address: 0x0000000100000000

Heap:
 PSYoungGen      total 35840K, used 12926K [0x00000000f5580000, 0x00000000f9b80000, 0x0000000100000000)
  eden space 30720K, 25% used [0x00000000f5580000,0x00000000f5d25f38,0x00000000f7380000)
  from space 5120K, 99% used [0x00000000f7880000,0x00000000f7d79b60,0x00000000f7d80000)
  to   space 5120K, 0% used [0x00000000f7380000,0x00000000f7380000,0x00000000f7880000)
 ParOldGen       total 81920K, used 3412K [0x00000000e0000000, 0x00000000e5000000, 0x00000000f5580000)
  object space 81920K, 4% used [0x00000000e0000000,0x00000000e0355240,0x00000000e5000000)
 Metaspace       used 15665K, capacity 16000K, committed 16384K, reserved 1062912K
  class space    used 2289K, capacity 2450K, committed 2560K, reserved 1048576K

Card table byte_map: [0x0000000012700000,0x0000000012810000] byte_map_base: 0x0000000012000000

Marking Bits: (ParMarkBitMap*) 0x0000000070044ce0
 Begin Bits: [0x0000000012cc0000, 0x00000000134c0000)
 End Bits:   [0x00000000134c0000, 0x0000000013cc0000)

Polling page: 0x0000000003060000

CodeCache: size=245760Kb used=5156Kb max_used=5156Kb free=240603Kb
 bounds [0x0000000003340000, 0x0000000003850000, 0x0000000012340000]
 total_blobs=1840 nmethods=1451 adapters=301
 compilation: enabled

Compilation events (10 events):
Event: 3.853 Thread 0x000000001476f800 1453 %     3       com.google.common.io.LineBuffer::add @ 47 (204 bytes)
Event: 3.854 Thread 0x000000001476f800 nmethod 1453% 0x0000000003848990 code [0x0000000003848ba0, 0x0000000003849678]
Event: 3.854 Thread 0x000000001476f800 1455       3       com.google.common.collect.Hashing::smear (19 bytes)
Event: 3.854 Thread 0x000000001476f800 nmethod 1455 0x0000000003849b90 code [0x0000000003849ce0, 0x0000000003849eb0]
Event: 3.854 Thread 0x000000001476f800 1456       3       java.lang.Integer::rotateLeft (9 bytes)
Event: 3.854 Thread 0x000000001476f800 nmethod 1456 0x0000000003849f50 code [0x000000000384a0a0, 0x000000000384a1f0]
Event: 3.855 Thread 0x000000001476f800 1457       3       java.util.Formatter$Flags::contains (22 bytes)
Event: 3.856 Thread 0x000000001476f800 nmethod 1457 0x000000000384a250 code [0x000000000384a3c0, 0x000000000384a5d0]
Event: 3.856 Thread 0x000000001476f800 1458       3       java.util.regex.Pattern$Curly::match (86 bytes)
Event: 3.856 Thread 0x000000001476f800 nmethod 1458 0x000000000384a690 code [0x000000000384a840, 0x000000000384ae38]

GC Heap History (8 events):
Event: 1.190 GC heap before
{Heap before GC invocations=1 (full 0):
 PSYoungGen      total 35840K, used 30720K [0x00000000f5580000, 0x00000000f7d80000, 0x0000000100000000)
  eden space 30720K, 100% used [0x00000000f5580000,0x00000000f7380000,0x00000000f7380000)
  from space 5120K, 0% used [0x00000000f7880000,0x00000000f7880000,0x00000000f7d80000)
  to   space 5120K, 0% used [0x00000000f7380000,0x00000000f7380000,0x00000000f7880000)
 ParOldGen       total 81920K, used 0K [0x00000000e0000000, 0x00000000e5000000, 0x00000000f5580000)
  object space 81920K, 0% used [0x00000000e0000000,0x00000000e0000000,0x00000000e5000000)
 Metaspace       used 6962K, capacity 7130K, committed 7424K, reserved 1056768K
  class space    used 875K, capacity 910K, committed 1024K, reserved 1048576K
Event: 1.197 GC heap after
Heap after GC invocations=1 (full 0):
 PSYoungGen      total 35840K, used 4156K [0x00000000f5580000, 0x00000000f7d80000, 0x0000000100000000)
  eden space 30720K, 0% used [0x00000000f5580000,0x00000000f5580000,0x00000000f7380000)
  from space 5120K, 81% used [0x00000000f7380000,0x00000000f778f268,0x00000000f7880000)
  to   space 5120K, 0% used [0x00000000f7880000,0x00000000f7880000,0x00000000f7d80000)
 ParOldGen       total 81920K, used 8K [0x00000000e0000000, 0x00000000e5000000, 0x00000000f5580000)
  object space 81920K, 0% used [0x00000000e0000000,0x00000000e0002000,0x00000000e5000000)
 Metaspace       used 6962K, capacity 7130K, committed 7424K, reserved 1056768K
  class space    used 875K, capacity 910K, committed 1024K, reserved 1048576K
}
Event: 1.745 GC heap before
{Heap before GC invocations=2 (full 0):
 PSYoungGen      total 35840K, used 34876K [0x00000000f5580000, 0x00000000f7d80000, 0x0000000100000000)
  eden space 30720K, 100% used [0x00000000f5580000,0x00000000f7380000,0x00000000f7380000)
  from space 5120K, 81% used [0x00000000f7380000,0x00000000f778f268,0x00000000f7880000)
  to   space 5120K, 0% used [0x00000000f7880000,0x00000000f7880000,0x00000000f7d80000)
 ParOldGen       total 81920K, used 8K [0x00000000e0000000, 0x00000000e5000000, 0x00000000f5580000)
  object space 81920K, 0% used [0x00000000e0000000,0x00000000e0002000,0x00000000e5000000)
 Metaspace       used 7745K, capacity 7988K, committed 8064K, reserved 1056768K
  class space    used 1018K, capacity 1111K, committed 1152K, reserved 1048576K
Event: 1.750 GC heap after
Heap after GC invocations=2 (full 0):
 PSYoungGen      total 35840K, used 3840K [0x00000000f5580000, 0x00000000f7d80000, 0x0000000100000000)
  eden space 30720K, 0% used [0x00000000f5580000,0x00000000f5580000,0x00000000f7380000)
  from space 5120K, 75% used [0x00000000f7880000,0x00000000f7c401e8,0x00000000f7d80000)
  to   space 5120K, 0% used [0x00000000f7380000,0x00000000f7380000,0x00000000f7880000)
 ParOldGen       total 81920K, used 16K [0x00000000e0000000, 0x00000000e5000000, 0x00000000f5580000)
  object space 81920K, 0% used [0x00000000e0000000,0x00000000e0004000,0x00000000e5000000)
 Metaspace       used 7745K, capacity 7988K, committed 8064K, reserved 1056768K
  class space    used 1018K, capacity 1111K, committed 1152K, reserved 1048576K
}
Event: 2.959 GC heap before
{Heap before GC invocations=3 (full 0):
 PSYoungGen      total 35840K, used 34560K [0x00000000f5580000, 0x00000000f7d80000, 0x0000000100000000)
  eden space 30720K, 100% used [0x00000000f5580000,0x00000000f7380000,0x00000000f7380000)
  from space 5120K, 75% used [0x00000000f7880000,0x00000000f7c401e8,0x00000000f7d80000)
  to   space 5120K, 0% used [0x00000000f7380000,0x00000000f7380000,0x00000000f7880000)
 ParOldGen       total 81920K, used 16K [0x00000000e0000000, 0x00000000e5000000, 0x00000000f5580000)
  object space 81920K, 0% used [0x00000000e0000000,0x00000000e0004000,0x00000000e5000000)
 Metaspace       used 12525K, capacity 12842K, committed 12928K, reserved 1060864K
  class space    used 1750K, capacity 1861K, committed 1920K, reserved 1048576K
Event: 2.968 GC heap after
Heap after GC invocations=3 (full 0):
 PSYoungGen      total 35840K, used 5088K [0x00000000f5580000, 0x00000000f7d80000, 0x0000000100000000)
  eden space 30720K, 0% used [0x00000000f5580000,0x00000000f5580000,0x00000000f7380000)
  from space 5120K, 99% used [0x00000000f7380000,0x00000000f78780c8,0x00000000f7880000)
  to   space 5120K, 0% used [0x00000000f7880000,0x00000000f7880000,0x00000000f7d80000)
 ParOldGen       total 81920K, used 1180K [0x00000000e0000000, 0x00000000e5000000, 0x00000000f5580000)
  object space 81920K, 1% used [0x00000000e0000000,0x00000000e01272c0,0x00000000e5000000)
 Metaspace       used 12525K, capacity 12842K, committed 12928K, reserved 1060864K
  class space    used 1750K, capacity 1861K, committed 1920K, reserved 1048576K
}
Event: 3.640 GC heap before
{Heap before GC invocations=4 (full 0):
 PSYoungGen      total 35840K, used 35808K [0x00000000f5580000, 0x00000000f7d80000, 0x0000000100000000)
  eden space 30720K, 100% used [0x00000000f5580000,0x00000000f7380000,0x00000000f7380000)
  from space 5120K, 99% used [0x00000000f7380000,0x00000000f78780c8,0x00000000f7880000)
  to   space 5120K, 0% used [0x00000000f7880000,0x00000000f7880000,0x00000000f7d80000)
 ParOldGen       total 81920K, used 1180K [0x00000000e0000000, 0x00000000e5000000, 0x00000000f5580000)
  object space 81920K, 1% used [0x00000000e0000000,0x00000000e01272c0,0x00000000e5000000)
 Metaspace       used 14836K, capacity 15124K, committed 15360K, reserved 1062912K
  class space    used 2161K, capacity 2282K, committed 2304K, reserved 1048576K
Event: 3.661 GC heap after
Heap after GC invocations=4 (full 0):
 PSYoungGen      total 35840K, used 5094K [0x00000000f5580000, 0x00000000f9b80000, 0x0000000100000000)
  eden space 30720K, 0% used [0x00000000f5580000,0x00000000f5580000,0x00000000f7380000)
  from space 5120K, 99% used [0x00000000f7880000,0x00000000f7d79b60,0x00000000f7d80000)
  to   space 5120K, 0% used [0x00000000f7380000,0x00000000f7380000,0x00000000f7880000)
 ParOldGen       total 81920K, used 3412K [0x00000000e0000000, 0x00000000e5000000, 0x00000000f5580000)
  object space 81920K, 4% used [0x00000000e0000000,0x00000000e0355240,0x00000000e5000000)
 Metaspace       used 14836K, capacity 15124K, committed 15360K, reserved 1062912K
  class space    used 2161K, capacity 2282K, committed 2304K, reserved 1048576K
}

Deoptimization events (10 events):
Event: 2.709 Thread 0x000000001670c800 Uncommon trap: reason=unstable_if action=reinterpret pc=0x0000000003713870 method=java.util.concurrent.ConcurrentHashMap.putVal(Ljava/lang/Object;Ljava/lang/Object;Z)Ljava/lang/Object; @ 206
Event: 2.790 Thread 0x000000001772d800 Uncommon trap: reason=bimorphic action=maybe_recompile pc=0x00000000035ca5e0 method=java.util.HashMap.putVal(ILjava/lang/Object;Ljava/lang/Object;ZZ)Ljava/lang/Object; @ 253
Event: 2.790 Thread 0x000000001772d800 Uncommon trap: reason=bimorphic action=maybe_recompile pc=0x00000000035ca5e0 method=java.util.HashMap.putVal(ILjava/lang/Object;Ljava/lang/Object;ZZ)Ljava/lang/Object; @ 253
Event: 2.790 Thread 0x000000001772d800 Uncommon trap: reason=bimorphic action=maybe_recompile pc=0x00000000035ca5e0 method=java.util.HashMap.putVal(ILjava/lang/Object;Ljava/lang/Object;ZZ)Ljava/lang/Object; @ 253
Event: 2.790 Thread 0x000000001772d800 Uncommon trap: reason=bimorphic action=maybe_recompile pc=0x00000000035ca5e0 method=java.util.HashMap.putVal(ILjava/lang/Object;Ljava/lang/Object;ZZ)Ljava/lang/Object; @ 253
Event: 3.100 Thread 0x000000001772d800 Uncommon trap: reason=class_check action=maybe_recompile pc=0x000000000361a3d8 method=java.util.regex.Matcher.match(II)Z @ 86
Event: 3.117 Thread 0x000000001772d800 Uncommon trap: reason=class_check action=maybe_recompile pc=0x000000000361a3d8 method=java.util.regex.Matcher.match(II)Z @ 86
Event: 3.118 Thread 0x000000001772d800 Uncommon trap: reason=class_check action=maybe_recompile pc=0x000000000361a3d8 method=java.util.regex.Matcher.match(II)Z @ 86
Event: 3.118 Thread 0x000000001772d800 Uncommon trap: reason=class_check action=maybe_recompile pc=0x00000000035db01c method=java.util.regex.Matcher.match(II)Z @ 86
Event: 3.778 Thread 0x000000001772d800 Uncommon trap: reason=unstable_if action=reinterpret pc=0x00000000037429f4 method=java.lang.String.lastIndexOf([CII[CIII)I @ 66

Classes redefined (0 events):
No events

Internal exceptions (10 events):
Event: 1.879 Thread 0x000000000307e000 Exception <a 'java/lang/NoSuchFieldError': method resolution failed> (0x00000000f5b2b808) thrown at [C:\re\workspace\8-2-build-windows-amd64-cygwin\jdk8u201\12322\hotspot\src\share\vm\prims\methodHandles.cpp, line 1167]
Event: 1.882 Thread 0x000000000307e000 Exception <a 'java/lang/NoSuchFieldError': method resolution failed> (0x00000000f5b39548) thrown at [C:\re\workspace\8-2-build-windows-amd64-cygwin\jdk8u201\12322\hotspot\src\share\vm\prims\methodHandles.cpp, line 1167]
Event: 2.644 Thread 0x000000000307e000 Exception <a 'java/io/IOException'> (0x00000000f62ad330) thrown at [C:\re\workspace\8-2-build-windows-amd64-cygwin\jdk8u201\12322\hotspot\src\share\vm\prims\jni.cpp, line 709]
Event: 2.710 Thread 0x000000001670c800 Exception <a 'java/lang/NoSuchMethodError': <clinit>> (0x00000000f64b12b8) thrown at [C:\re\workspace\8-2-build-windows-amd64-cygwin\jdk8u201\12322\hotspot\src\share\vm\prims\jni.cpp, line 1613]
Event: 2.712 Thread 0x000000001670c800 Exception <a 'java/lang/NoSuchMethodError': <clinit>> (0x00000000f64bb068) thrown at [C:\re\workspace\8-2-build-windows-amd64-cygwin\jdk8u201\12322\hotspot\src\share\vm\prims\jni.cpp, line 1613]
Event: 2.715 Thread 0x000000001670c800 Exception <a 'java/lang/NoSuchMethodError': <clinit>> (0x00000000f64cf4c0) thrown at [C:\re\workspace\8-2-build-windows-amd64-cygwin\jdk8u201\12322\hotspot\src\share\vm\prims\jni.cpp, line 1613]
Event: 2.726 Thread 0x000000001670c800 Exception <a 'java/lang/NoSuchMethodError': <clinit>> (0x00000000f652a8f8) thrown at [C:\re\workspace\8-2-build-windows-amd64-cygwin\jdk8u201\12322\hotspot\src\share\vm\prims\jni.cpp, line 1613]
Event: 2.743 Thread 0x000000001670c800 Exception <a 'java/lang/NoSuchMethodError': <clinit>> (0x00000000f6562838) thrown at [C:\re\workspace\8-2-build-windows-amd64-cygwin\jdk8u201\12322\hotspot\src\share\vm\prims\jni.cpp, line 1613]
Event: 2.749 Thread 0x000000001670c800 Exception <a 'java/lang/NoSuchMethodError': <clinit>> (0x00000000f6598bf8) thrown at [C:\re\workspace\8-2-build-windows-amd64-cygwin\jdk8u201\12322\hotspot\src\share\vm\prims\jni.cpp, line 1613]
Event: 2.750 Thread 0x000000001670c800 Exception <a 'java/lang/NoSuchMethodError': <clinit>> (0x00000000f65a4018) thrown at [C:\re\workspace\8-2-build-windows-amd64-cygwin\jdk8u201\12322\hotspot\src\share\vm\prims\jni.cpp, line 1613]

Events (10 events):
Event: 3.860 loading class org/codehaus/groovy/control/MultipleCompilationErrorsException
Event: 3.860 loading class org/codehaus/groovy/control/MultipleCompilationErrorsException done
Event: 3.865 loading class org/codehaus/groovy/control/CompilationFailedException
Event: 3.865 loading class org/codehaus/groovy/control/CompilationFailedException done
Event: 3.870 loading class groovy/lang/GroovyRuntimeException
Event: 3.870 loading class groovy/lang/GroovyRuntimeException done
Event: 3.872 loading class groovy/lang/GroovyResourceLoader
Event: 3.872 loading class groovy/lang/GroovyResourceLoader done
Event: 3.872 loading class groovy/lang/GroovyClassLoader
Event: 3.872 loading class groovy/lang/GroovyClassLoader done


Dynamic libraries:
0x00007ff672200000 - 0x00007ff672237000 	C:\Program Files\Java\jdk1.8.0_201\bin\java.exe
0x00007ff904c50000 - 0x00007ff904e45000 	C:\WINDOWS\SYSTEM32\ntdll.dll
0x00007ff904080000 - 0x00007ff90413e000 	C:\WINDOWS\System32\KERNEL32.DLL
0x00007ff902640000 - 0x00007ff902908000 	C:\WINDOWS\System32\KERNELBASE.dll
0x00007ff9038b0000 - 0x00007ff90395e000 	C:\WINDOWS\System32\ADVAPI32.dll
0x00007ff902cb0000 - 0x00007ff902d4e000 	C:\WINDOWS\System32\msvcrt.dll
0x00007ff904480000 - 0x00007ff90451c000 	C:\WINDOWS\System32\sechost.dll
0x00007ff903c70000 - 0x00007ff903d95000 	C:\WINDOWS\System32\RPCRT4.dll
0x00007ff904520000 - 0x00007ff9046c0000 	C:\WINDOWS\System32\USER32.dll
0x00007ff902a20000 - 0x00007ff902a42000 	C:\WINDOWS\System32\win32u.dll
0x00007ff904140000 - 0x00007ff90416b000 	C:\WINDOWS\System32\GDI32.dll
0x00007ff902910000 - 0x00007ff902a1b000 	C:\WINDOWS\System32\gdi32full.dll
0x00007ff902450000 - 0x00007ff9024ed000 	C:\WINDOWS\System32\msvcp_win.dll
0x00007ff9024f0000 - 0x00007ff9025f0000 	C:\WINDOWS\System32\ucrtbase.dll
0x00007ff8f30f0000 - 0x00007ff8f338a000 	C:\WINDOWS\WinSxS\amd64_microsoft.windows.common-controls_6595b64144ccf1df_6.0.19041.1110_none_60b5254171f9507e\COMCTL32.dll
0x00007ff9043e0000 - 0x00007ff904410000 	C:\WINDOWS\System32\IMM32.DLL
0x00000000700d0000 - 0x00000000701a1000 	C:\Program Files\Java\jdk1.8.0_201\jre\bin\msvcr100.dll
0x000000006f820000 - 0x00000000700c4000 	C:\Program Files\Java\jdk1.8.0_201\jre\bin\server\jvm.dll
0x00007ff9041f0000 - 0x00007ff9041f8000 	C:\WINDOWS\System32\PSAPI.DLL
0x00007ff8ec930000 - 0x00007ff8ec957000 	C:\WINDOWS\SYSTEM32\WINMM.dll
0x00007ff8fbe30000 - 0x00007ff8fbe39000 	C:\WINDOWS\SYSTEM32\WSOCK32.dll
0x00007ff903e50000 - 0x00007ff903ebb000 	C:\WINDOWS\System32\WS2_32.dll
0x00007ff8f3b60000 - 0x00007ff8f3b6a000 	C:\WINDOWS\SYSTEM32\VERSION.dll
0x00007ff8fdfe0000 - 0x00007ff8fdfef000 	C:\Program Files\Java\jdk1.8.0_201\jre\bin\verify.dll
0x00007ff8e7270000 - 0x00007ff8e7299000 	C:\Program Files\Java\jdk1.8.0_201\jre\bin\java.dll
0x00007ff8fa740000 - 0x00007ff8fa756000 	C:\Program Files\Java\jdk1.8.0_201\jre\bin\zip.dll
0x00007ff9030b0000 - 0x00007ff9037f4000 	C:\WINDOWS\System32\SHELL32.dll
0x00007ff900480000 - 0x00007ff900c14000 	C:\WINDOWS\SYSTEM32\windows.storage.dll
0x00007ff902d50000 - 0x00007ff9030a4000 	C:\WINDOWS\System32\combase.dll
0x00007ff901dd0000 - 0x00007ff901dfc000 	C:\WINDOWS\SYSTEM32\Wldp.dll
0x00007ff903800000 - 0x00007ff9038ad000 	C:\WINDOWS\System32\SHCORE.dll
0x00007ff903ec0000 - 0x00007ff903f15000 	C:\WINDOWS\System32\shlwapi.dll
0x00007ff9022b0000 - 0x00007ff9022cf000 	C:\WINDOWS\SYSTEM32\profapi.dll
0x00007ff8e1640000 - 0x00007ff8e165a000 	C:\Program Files\Java\jdk1.8.0_201\jre\bin\net.dll
0x00007ff8f52b0000 - 0x00007ff8f549c000 	C:\WINDOWS\SYSTEM32\urlmon.dll
0x00007ff901810000 - 0x00007ff90181c000 	C:\WINDOWS\SYSTEM32\netutils.dll
0x00007ff8f4fc0000 - 0x00007ff8f4fe8000 	C:\WINDOWS\SYSTEM32\srvcli.dll
0x00007ff8f4ff0000 - 0x00007ff8f52a1000 	C:\WINDOWS\SYSTEM32\iertutil.dll
0x00007ff901b30000 - 0x00007ff901b9a000 	C:\WINDOWS\system32\mswsock.dll
0x00007ff8e1060000 - 0x00007ff8e1071000 	C:\Program Files\Java\jdk1.8.0_201\jre\bin\nio.dll
0x00007ff8fdb10000 - 0x00007ff8fdb36000 	C:\Users\Andrey\.gradle\native\28\windows-amd64\native-platform.dll
0x00007ff8fd530000 - 0x00007ff8fd53d000 	C:\Program Files\Java\jdk1.8.0_201\jre\bin\management.dll
0x00007ff901d30000 - 0x00007ff901d48000 	C:\WINDOWS\SYSTEM32\CRYPTSP.dll
0x00007ff901440000 - 0x00007ff901474000 	C:\WINDOWS\system32\rsaenh.dll
0x00007ff902420000 - 0x00007ff902447000 	C:\WINDOWS\System32\bcrypt.dll
0x00007ff902270000 - 0x00007ff90229e000 	C:\WINDOWS\SYSTEM32\USERENV.dll
0x00007ff902bb0000 - 0x00007ff902c32000 	C:\WINDOWS\System32\bcryptprimitives.dll
0x00007ff901d20000 - 0x00007ff901d2c000 	C:\WINDOWS\SYSTEM32\CRYPTBASE.dll
0x00007ff9017d0000 - 0x00007ff90180b000 	C:\WINDOWS\SYSTEM32\IPHLPAPI.DLL
0x00007ff904470000 - 0x00007ff904478000 	C:\WINDOWS\System32\NSI.dll
0x00007ff8fb240000 - 0x00007ff8fb257000 	C:\WINDOWS\SYSTEM32\dhcpcsvc6.DLL
0x00007ff8fb220000 - 0x00007ff8fb23d000 	C:\WINDOWS\SYSTEM32\dhcpcsvc.DLL
0x00007ff901820000 - 0x00007ff9018ea000 	C:\WINDOWS\SYSTEM32\DNSAPI.dll

VM Arguments:
jvm_args: -XX:MaxMetaspaceSize=256m -XX:+HeapDumpOnOutOfMemoryError -Xmx512m -Dfile.encoding=windows-1251 -Duser.country=RU -Duser.language=ru -Duser.variant 
java_command: org.gradle.launcher.daemon.bootstrap.GradleDaemon 5.2.1
java_class_path (initial): C:\Users\Andrey\.gradle\wrapper\dists\gradle-5.2.1-bin\9lc4nzslqh3ep7ml2tp68fk8s\gradle-5.2.1\lib\gradle-launcher-5.2.1.jar
Launcher Type: SUN_STANDARD

Environment Variables:
JAVA_HOME=C:\Program Files\Java\jdk1.8.0_201
PATH=C:\Program Files\Java\jdk1.8.0_201\bin;C:\Tools\gradle-7.3.2\bin;C:\Tools;C:\WINDOWS\system32;C:\WINDOWS;C:\WINDOWS\System32\Wbem;C:\WINDOWS\System32\WindowsPowerShell\v1.0\;C:\WINDOWS\System32\OpenSSH\;C:\Program Files\Java\jdk1.8.0_201\bin;C:\Users\Andrey\.IdeaIC2019.3\Selenium;%IntelliJ IDEA Community Edition%;C:\apache-maven-3.6.3\bin;C:\Program Files (x86)\Common Files\Adobe\AGL;C:\Program Files\nodejs\;C:\Program Files\Git\cmd;C:\Users\Andrey\AppData\Local\Microsoft\WindowsApps;C:\Program Files\JetBrains\IntelliJ IDEA Community Edition 2019.3\bin;;C:\Users\Andrey\.IdeaIC2019.3\DriversForChrome;C:\Program Files\Java\jdk1.8.0_201\bin;C:\Program Files\TestProject Agent;C:\Users\Andrey\AppData\Roaming\npm;C:\Users\Andrey\AppData\Local\GitHubDesktop\bin
USERNAME=Andrey
OS=Windows_NT
PROCESSOR_IDENTIFIER=Intel64 Family 6 Model 142 Stepping 9, GenuineIntel



---------------  S Y S T E M  ---------------

OS: Windows 10.0 , 64 bit Build 19041 (10.0.19041.1566)

CPU:total 4 (initial active 4) (2 cores per cpu, 2 threads per core) family 6 model 142 stepping 9, cmov, cx8, fxsr, mmx, sse, sse2, sse3, ssse3, sse4.1, sse4.2, popcnt, avx, avx2, aes, clmul, erms, 3dnowpref, lzcnt, ht, tsc, tscinvbit, bmi1, bmi2, adx

Memory: 4k page, physical 7858520k(570728k free), swap 15413076k(7312k free)

vm_info: Java HotSpot(TM) 64-Bit Server VM (25.201-b09) for windows-amd64 JRE (1.8.0_201-b09), built on Dec 15 2018 18:36:39 by "java_re" with MS VC++ 10.0 (VS2010)

time: Sun Apr 10 18:09:37 2022
timezone: RTZ 2 (зима)
elapsed time: 3 seconds (0d 0h 0m 3s)

