#
# There is insufficient memory for the Java Runtime Environment to continue.
# Native memory allocation (malloc) failed to allocate 32744 bytes for ChunkPool::allocate
# Possible reasons:
#   The system is out of physical RAM or swap space
#   The process is running with CompressedOops enabled, and the Java Heap may be blocking the growth of the native heap
# Possible solutions:
#   Reduce memory load on the system
#   Increase physical memory or swap space
#   Check if swap backing store is full
#   Decrease Java heap size (-Xmx/-Xms)
#   Decrease number of Java threads
#   Decrease Java thread stack sizes (-Xss)
#   Set larger code cache with -XX:ReservedCodeCacheSize=
#   JVM is running with Unscaled Compressed Oops mode in which the Java heap is
#     placed in the first 4GB address space. The Java Heap base address is the
#     maximum limit for the native heap growth. Please use -XX:HeapBaseMinAddress
#     to set the Java Heap base and to place the Java Heap above 4GB virtual address.
# This output file may be truncated or incomplete.
#
#  Out of Memory Error (allocation.cpp:273), pid=7788, tid=0x0000000000005b88
#
# JRE version: Java(TM) SE Runtime Environment (8.0_201-b09) (build 1.8.0_201-b09)
# Java VM: Java HotSpot(TM) 64-Bit Server VM (25.201-b09 mixed mode windows-amd64 compressed oops)
# Failed to write core dump. Minidumps are not enabled by default on client versions of Windows
#

---------------  T H R E A D  ---------------

Current thread (0x0000000014509000):  JavaThread "C2 CompilerThread0" daemon [_thread_in_native, id=23432, stack(0x0000000015b60000,0x0000000015c60000)]

Stack: [0x0000000015b60000,0x0000000015c60000]
[error occurred during error reporting (printing stack bounds), id 0xc0000005]

Native frames: (J=compiled Java code, j=interpreted, Vv=VM code, C=native code)


Current CompileTask:
C2:   3480 1382   !   4       java.net.URLClassLoader$1::run (63 bytes)


---------------  P R O C E S S  ---------------

Java Threads: ( => current thread )
  0x0000000016c33800 JavaThread "Cache worker for journal cache (C:\Users\Andrey\.gradle\caches\journal-1)" [_thread_blocked, id=27296, stack(0x000000001a090000,0x000000001a190000)]
  0x0000000016c32000 JavaThread "File lock request listener" [_thread_in_native, id=26456, stack(0x0000000019f90000,0x000000001a090000)]
  0x0000000016c33000 JavaThread "Cache worker for file hash cache (C:\Users\Andrey\.gradle\caches\5.2.1\fileHashes)" [_thread_blocked, id=27948, stack(0x0000000019e90000,0x0000000019f90000)]
  0x000000001658a800 JavaThread "Thread-9" [_thread_blocked, id=25756, stack(0x0000000019d90000,0x0000000019e90000)]
  0x0000000015f34000 JavaThread "Stdin handler" [_thread_blocked, id=26040, stack(0x0000000019c90000,0x0000000019d90000)]
  0x0000000016f41800 JavaThread "Asynchronous log dispatcher for DefaultDaemonConnection: socket connection from /127.0.0.1:54471 to /127.0.0.1:54472" [_thread_blocked, id=24772, stack(0x0000000019b90000,0x0000000019c90000)]
  0x000000001663d000 JavaThread "Daemon worker" [_thread_in_vm, id=25432, stack(0x0000000019a90000,0x0000000019b90000)]
  0x0000000016073000 JavaThread "Cancel handler" [_thread_blocked, id=9984, stack(0x0000000019990000,0x0000000019a90000)]
  0x00000000170fe800 JavaThread "Handler for socket connection from /127.0.0.1:54471 to /127.0.0.1:54472" [_thread_in_native, id=9424, stack(0x0000000019690000,0x0000000019790000)]
  0x00000000170fe000 JavaThread "Daemon" [_thread_blocked, id=16808, stack(0x0000000019590000,0x0000000019690000)]
  0x0000000017521000 JavaThread "Daemon periodic checks" [_thread_blocked, id=29248, stack(0x0000000019490000,0x0000000019590000)]
  0x0000000017aff800 JavaThread "Incoming local TCP Connector on port 54471" [_thread_in_native, id=31092, stack(0x0000000019240000,0x0000000019340000)]
  0x0000000017dff800 JavaThread "Daemon health stats" [_thread_blocked, id=31064, stack(0x0000000018c00000,0x0000000018d00000)]
  0x0000000015e83800 JavaThread "Service Thread" daemon [_thread_blocked, id=31584, stack(0x0000000016260000,0x0000000016360000)]
  0x000000001452e000 JavaThread "C1 CompilerThread2" daemon [_thread_blocked, id=14436, stack(0x0000000015d60000,0x0000000015e60000)]
  0x0000000014513800 JavaThread "C2 CompilerThread1" daemon [_thread_in_native, id=16860, stack(0x0000000015c60000,0x0000000015d60000)]
=>0x0000000014509000 JavaThread "C2 CompilerThread0" daemon [_thread_in_native, id=23432, stack(0x0000000015b60000,0x0000000015c60000)]
  0x0000000014507800 JavaThread "Attach Listener" daemon [_thread_blocked, id=27620, stack(0x0000000015a60000,0x0000000015b60000)]
  0x0000000014503800 JavaThread "Signal Dispatcher" daemon [_thread_blocked, id=30692, stack(0x0000000015960000,0x0000000015a60000)]
  0x000000000318a800 JavaThread "Finalizer" daemon [_thread_blocked, id=13164, stack(0x0000000015750000,0x0000000015850000)]
  0x0000000003182000 JavaThread "Reference Handler" daemon [_thread_blocked, id=20284, stack(0x0000000015650000,0x0000000015750000)]
  0x000000000301e000 JavaThread "main" [_thread_blocked, id=25332, stack(0x0000000002ed0000,0x0000000002fd0000)]

Other Threads:
  0x00000000144c7000 VMThread [stack: 0x0000000015550000,0x0000000015650000] [id=17072]
  0x0000000015ead000 WatcherThread [stack: 0x0000000016360000,0x0000000016460000] [id=20712]

VM state:not at safepoint (normal execution)

VM Mutex/Monitor currently owned by a thread: None

heap address: 0x00000000e0000000, size: 512 MB, Compressed Oops mode: 32-bit
Narrow klass base: 0x0000000000000000, Narrow klass shift: 3
Compressed class space size: 1073741824 Address: 0x0000000100000000

Heap:
 PSYoungGen      total 35840K, used 14640K [0x00000000f5580000, 0x00000000f7d80000, 0x0000000100000000)
  eden space 30720K, 31% used [0x00000000f5580000,0x00000000f5ed03a8,0x00000000f7380000)
  from space 5120K, 99% used [0x00000000f7880000,0x00000000f7d7c010,0x00000000f7d80000)
  to   space 5120K, 0% used [0x00000000f7380000,0x00000000f7380000,0x00000000f7880000)
 ParOldGen       total 81920K, used 3473K [0x00000000e0000000, 0x00000000e5000000, 0x00000000f5580000)
  object space 81920K, 4% used [0x00000000e0000000,0x00000000e0364488,0x00000000e5000000)
 Metaspace       used 15849K, capacity 16188K, committed 16384K, reserved 1062912K
  class space    used 2320K, capacity 2460K, committed 2560K, reserved 1048576K

Card table byte_map: [0x0000000012550000,0x0000000012660000] byte_map_base: 0x0000000011e50000

Marking Bits: (ParMarkBitMap*) 0x0000000070044ce0
 Begin Bits: [0x0000000012a60000, 0x0000000013260000)
 End Bits:   [0x0000000013260000, 0x0000000013a60000)

Polling page: 0x0000000001150000

CodeCache: size=245760Kb used=5272Kb max_used=5272Kb free=240487Kb
 bounds [0x0000000003190000, 0x00000000036c0000, 0x0000000012190000]
 total_blobs=1886 nmethods=1496 adapters=302
 compilation: enabled

Compilation events (10 events):
Event: 3.443 Thread 0x000000001452e000 1500       3       sun.misc.ProxyGenerator::dotToSlash (9 bytes)
Event: 3.444 Thread 0x000000001452e000 nmethod 1500 0x00000000036b4450 code [0x00000000036b45c0, 0x00000000036b47c8]
Event: 3.444 Thread 0x000000001452e000 1501       3       sun.misc.ProxyGenerator$ConstantPool$IndirectEntry::write (61 bytes)
Event: 3.444 Thread 0x000000001452e000 nmethod 1501 0x00000000036b4890 code [0x00000000036b4a80, 0x00000000036b5588]
Event: 3.446 Thread 0x000000001452e000 1502       3       java.util.concurrent.atomic.AtomicReference::compareAndSet (13 bytes)
Event: 3.447 Thread 0x000000001452e000 nmethod 1502 0x00000000036b5950 code [0x00000000036b5aa0, 0x00000000036b5c30]
Event: 3.447 Thread 0x000000001452e000 1503       3       org.gradle.internal.service.DefaultServiceRegistry::serviceRequested (42 bytes)
Event: 3.448 Thread 0x000000001452e000 nmethod 1503 0x00000000036b5c90 code [0x00000000036b5f00, 0x00000000036b7128]
Event: 3.448 Thread 0x000000001452e000 1504       3       org.gradle.internal.service.DefaultServiceRegistry::noLongerMutable (24 bytes)
Event: 3.448 Thread 0x000000001452e000 nmethod 1504 0x00000000036b7b10 code [0x00000000036b7c80, 0x00000000036b7fd0]

GC Heap History (8 events):
Event: 1.298 GC heap before
{Heap before GC invocations=1 (full 0):
 PSYoungGen      total 35840K, used 30720K [0x00000000f5580000, 0x00000000f7d80000, 0x0000000100000000)
  eden space 30720K, 100% used [0x00000000f5580000,0x00000000f7380000,0x00000000f7380000)
  from space 5120K, 0% used [0x00000000f7880000,0x00000000f7880000,0x00000000f7d80000)
  to   space 5120K, 0% used [0x00000000f7380000,0x00000000f7380000,0x00000000f7880000)
 ParOldGen       total 81920K, used 0K [0x00000000e0000000, 0x00000000e5000000, 0x00000000f5580000)
  object space 81920K, 0% used [0x00000000e0000000,0x00000000e0000000,0x00000000e5000000)
 Metaspace       used 6965K, capacity 7130K, committed 7424K, reserved 1056768K
  class space    used 875K, capacity 910K, committed 1024K, reserved 1048576K
Event: 1.302 GC heap after
Heap after GC invocations=1 (full 0):
 PSYoungGen      total 35840K, used 4197K [0x00000000f5580000, 0x00000000f7d80000, 0x0000000100000000)
  eden space 30720K, 0% used [0x00000000f5580000,0x00000000f5580000,0x00000000f7380000)
  from space 5120K, 81% used [0x00000000f7380000,0x00000000f77994e8,0x00000000f7880000)
  to   space 5120K, 0% used [0x00000000f7880000,0x00000000f7880000,0x00000000f7d80000)
 ParOldGen       total 81920K, used 8K [0x00000000e0000000, 0x00000000e5000000, 0x00000000f5580000)
  object space 81920K, 0% used [0x00000000e0000000,0x00000000e0002000,0x00000000e5000000)
 Metaspace       used 6965K, capacity 7130K, committed 7424K, reserved 1056768K
  class space    used 875K, capacity 910K, committed 1024K, reserved 1048576K
}
Event: 1.800 GC heap before
{Heap before GC invocations=2 (full 0):
 PSYoungGen      total 35840K, used 34917K [0x00000000f5580000, 0x00000000f7d80000, 0x0000000100000000)
  eden space 30720K, 100% used [0x00000000f5580000,0x00000000f7380000,0x00000000f7380000)
  from space 5120K, 81% used [0x00000000f7380000,0x00000000f77994e8,0x00000000f7880000)
  to   space 5120K, 0% used [0x00000000f7880000,0x00000000f7880000,0x00000000f7d80000)
 ParOldGen       total 81920K, used 8K [0x00000000e0000000, 0x00000000e5000000, 0x00000000f5580000)
  object space 81920K, 0% used [0x00000000e0000000,0x00000000e0002000,0x00000000e5000000)
 Metaspace       used 7744K, capacity 7988K, committed 8064K, reserved 1056768K
  class space    used 1019K, capacity 1111K, committed 1152K, reserved 1048576K
Event: 1.804 GC heap after
Heap after GC invocations=2 (full 0):
 PSYoungGen      total 35840K, used 3840K [0x00000000f5580000, 0x00000000f7d80000, 0x0000000100000000)
  eden space 30720K, 0% used [0x00000000f5580000,0x00000000f5580000,0x00000000f7380000)
  from space 5120K, 75% used [0x00000000f7880000,0x00000000f7c40208,0x00000000f7d80000)
  to   space 5120K, 0% used [0x00000000f7380000,0x00000000f7380000,0x00000000f7880000)
 ParOldGen       total 81920K, used 16K [0x00000000e0000000, 0x00000000e5000000, 0x00000000f5580000)
  object space 81920K, 0% used [0x00000000e0000000,0x00000000e0004000,0x00000000e5000000)
 Metaspace       used 7744K, capacity 7988K, committed 8064K, reserved 1056768K
  class space    used 1019K, capacity 1111K, committed 1152K, reserved 1048576K
}
Event: 2.816 GC heap before
{Heap before GC invocations=3 (full 0):
 PSYoungGen      total 35840K, used 34560K [0x00000000f5580000, 0x00000000f7d80000, 0x0000000100000000)
  eden space 30720K, 100% used [0x00000000f5580000,0x00000000f7380000,0x00000000f7380000)
  from space 5120K, 75% used [0x00000000f7880000,0x00000000f7c40208,0x00000000f7d80000)
  to   space 5120K, 0% used [0x00000000f7380000,0x00000000f7380000,0x00000000f7880000)
 ParOldGen       total 81920K, used 16K [0x00000000e0000000, 0x00000000e5000000, 0x00000000f5580000)
  object space 81920K, 0% used [0x00000000e0000000,0x00000000e0004000,0x00000000e5000000)
 Metaspace       used 12540K, capacity 12902K, committed 13184K, reserved 1060864K
  class space    used 1753K, capacity 1871K, committed 1920K, reserved 1048576K
Event: 2.823 GC heap after
Heap after GC invocations=3 (full 0):
 PSYoungGen      total 35840K, used 5104K [0x00000000f5580000, 0x00000000f7d80000, 0x0000000100000000)
  eden space 30720K, 0% used [0x00000000f5580000,0x00000000f5580000,0x00000000f7380000)
  from space 5120K, 99% used [0x00000000f7380000,0x00000000f787c200,0x00000000f7880000)
  to   space 5120K, 0% used [0x00000000f7880000,0x00000000f7880000,0x00000000f7d80000)
 ParOldGen       total 81920K, used 1192K [0x00000000e0000000, 0x00000000e5000000, 0x00000000f5580000)
  object space 81920K, 1% used [0x00000000e0000000,0x00000000e012a158,0x00000000e5000000)
 Metaspace       used 12540K, capacity 12902K, committed 13184K, reserved 1060864K
  class space    used 1753K, capacity 1871K, committed 1920K, reserved 1048576K
}
Event: 3.250 GC heap before
{Heap before GC invocations=4 (full 0):
 PSYoungGen      total 35840K, used 35824K [0x00000000f5580000, 0x00000000f7d80000, 0x0000000100000000)
  eden space 30720K, 100% used [0x00000000f5580000,0x00000000f7380000,0x00000000f7380000)
  from space 5120K, 99% used [0x00000000f7380000,0x00000000f787c200,0x00000000f7880000)
  to   space 5120K, 0% used [0x00000000f7880000,0x00000000f7880000,0x00000000f7d80000)
 ParOldGen       total 81920K, used 1192K [0x00000000e0000000, 0x00000000e5000000, 0x00000000f5580000)
  object space 81920K, 1% used [0x00000000e0000000,0x00000000e012a158,0x00000000e5000000)
 Metaspace       used 14882K, capacity 15248K, committed 15360K, reserved 1062912K
  class space    used 2166K, capacity 2292K, committed 2304K, reserved 1048576K
Event: 3.263 GC heap after
Heap after GC invocations=4 (full 0):
 PSYoungGen      total 35840K, used 5104K [0x00000000f5580000, 0x00000000f7d80000, 0x0000000100000000)
  eden space 30720K, 0% used [0x00000000f5580000,0x00000000f5580000,0x00000000f7380000)
  from space 5120K, 99% used [0x00000000f7880000,0x00000000f7d7c010,0x00000000f7d80000)
  to   space 5120K, 0% used [0x00000000f7380000,0x00000000f7380000,0x00000000f7880000)
 ParOldGen       total 81920K, used 3473K [0x00000000e0000000, 0x00000000e5000000, 0x00000000f5580000)
  object space 81920K, 4% used [0x00000000e0000000,0x00000000e0364488,0x00000000e5000000)
 Metaspace       used 14882K, capacity 15248K, committed 15360K, reserved 1062912K
  class space    used 2166K, capacity 2292K, committed 2304K, reserved 1048576K
}

Deoptimization events (10 events):
Event: 2.555 Thread 0x000000000301e000 Uncommon trap: reason=unstable_if action=reinterpret pc=0x0000000003564170 method=java.util.concurrent.ConcurrentHashMap.addCount(JI)V @ 34
Event: 2.683 Thread 0x000000001663d000 Uncommon trap: reason=bimorphic action=maybe_recompile pc=0x0000000003421184 method=java.util.HashMap.putVal(ILjava/lang/Object;Ljava/lang/Object;ZZ)Ljava/lang/Object; @ 253
Event: 2.684 Thread 0x000000001663d000 Uncommon trap: reason=bimorphic action=maybe_recompile pc=0x0000000003421184 method=java.util.HashMap.putVal(ILjava/lang/Object;Ljava/lang/Object;ZZ)Ljava/lang/Object; @ 253
Event: 2.684 Thread 0x000000001663d000 Uncommon trap: reason=bimorphic action=maybe_recompile pc=0x0000000003421184 method=java.util.HashMap.putVal(ILjava/lang/Object;Ljava/lang/Object;ZZ)Ljava/lang/Object; @ 253
Event: 2.684 Thread 0x000000001663d000 Uncommon trap: reason=bimorphic action=maybe_recompile pc=0x0000000003421184 method=java.util.HashMap.putVal(ILjava/lang/Object;Ljava/lang/Object;ZZ)Ljava/lang/Object; @ 253
Event: 2.925 Thread 0x000000001663d000 Uncommon trap: reason=class_check action=maybe_recompile pc=0x0000000003469818 method=java.util.regex.Matcher.match(II)Z @ 86
Event: 2.943 Thread 0x000000001663d000 Uncommon trap: reason=class_check action=maybe_recompile pc=0x0000000003469818 method=java.util.regex.Matcher.match(II)Z @ 86
Event: 2.943 Thread 0x000000001663d000 Uncommon trap: reason=class_check action=maybe_recompile pc=0x0000000003469818 method=java.util.regex.Matcher.match(II)Z @ 86
Event: 2.944 Thread 0x000000001663d000 Uncommon trap: reason=class_check action=maybe_recompile pc=0x000000000342fb9c method=java.util.regex.Matcher.match(II)Z @ 86
Event: 3.355 Thread 0x000000001663d000 Uncommon trap: reason=unstable_if action=reinterpret pc=0x0000000003590f34 method=java.lang.String.lastIndexOf([CII[CIII)I @ 66

Classes redefined (0 events):
No events

Internal exceptions (10 events):
Event: 2.604 Thread 0x00000000170fe800 Exception <a 'java/lang/NoSuchMethodError': <clinit>> (0x00000000f64a9908) thrown at [C:\re\workspace\8-2-build-windows-amd64-cygwin\jdk8u201\12322\hotspot\src\share\vm\prims\jni.cpp, line 1613]
Event: 2.608 Thread 0x00000000170fe800 Exception <a 'java/lang/NoSuchMethodError': <clinit>> (0x00000000f64beab8) thrown at [C:\re\workspace\8-2-build-windows-amd64-cygwin\jdk8u201\12322\hotspot\src\share\vm\prims\jni.cpp, line 1613]
Event: 2.612 Thread 0x00000000170fe800 Exception <a 'java/lang/NoSuchMethodError': <clinit>> (0x00000000f64d1da0) thrown at [C:\re\workspace\8-2-build-windows-amd64-cygwin\jdk8u201\12322\hotspot\src\share\vm\prims\jni.cpp, line 1613]
Event: 2.615 Thread 0x00000000170fe800 Exception <a 'java/lang/NoSuchMethodError': <clinit>> (0x00000000f64f9188) thrown at [C:\re\workspace\8-2-build-windows-amd64-cygwin\jdk8u201\12322\hotspot\src\share\vm\prims\jni.cpp, line 1613]
Event: 2.618 Thread 0x00000000170fe800 Exception <a 'java/lang/NoSuchMethodError': <clinit>> (0x00000000f65111f8) thrown at [C:\re\workspace\8-2-build-windows-amd64-cygwin\jdk8u201\12322\hotspot\src\share\vm\prims\jni.cpp, line 1613]
Event: 2.618 Thread 0x00000000170fe800 Exception <a 'java/lang/NoSuchMethodError': <clinit>> (0x00000000f651a158) thrown at [C:\re\workspace\8-2-build-windows-amd64-cygwin\jdk8u201\12322\hotspot\src\share\vm\prims\jni.cpp, line 1613]
Event: 2.620 Thread 0x00000000170fe800 Exception <a 'java/lang/NoSuchMethodError': <clinit>> (0x00000000f6530780) thrown at [C:\re\workspace\8-2-build-windows-amd64-cygwin\jdk8u201\12322\hotspot\src\share\vm\prims\jni.cpp, line 1613]
Event: 2.639 Thread 0x00000000170fe800 Exception <a 'java/lang/NoSuchMethodError': <clinit>> (0x00000000f6599e30) thrown at [C:\re\workspace\8-2-build-windows-amd64-cygwin\jdk8u201\12322\hotspot\src\share\vm\prims\jni.cpp, line 1613]
Event: 2.643 Thread 0x00000000170fe800 Exception <a 'java/lang/NoSuchMethodError': <clinit>> (0x00000000f65c6738) thrown at [C:\re\workspace\8-2-build-windows-amd64-cygwin\jdk8u201\12322\hotspot\src\share\vm\prims\jni.cpp, line 1613]
Event: 2.649 Thread 0x00000000170fe800 Exception <a 'java/lang/NoSuchMethodError': <clinit>> (0x00000000f65e3e40) thrown at [C:\re\workspace\8-2-build-windows-amd64-cygwin\jdk8u201\12322\hotspot\src\share\vm\prims\jni.cpp, line 1613]

Events (10 events):
Event: 3.465 loading class org/gradle/internal/resolve/ModuleVersionResolveException
Event: 3.465 loading class org/gradle/internal/resolve/ModuleVersionResolveException done
Event: 3.465 loading class com/google/common/collect/LinkedHashMultimap
Event: 3.465 loading class com/google/common/collect/LinkedHashMultimap done
Event: 3.466 loading class com/google/common/collect/LinkedHashMultimapGwtSerializationDependencies
Event: 3.466 loading class com/google/common/collect/LinkedHashMultimapGwtSerializationDependencies done
Event: 3.466 loading class com/google/common/collect/AbstractSetMultimap
Event: 3.466 loading class com/google/common/collect/AbstractSetMultimap done
Event: 3.475 loading class com/google/common/collect/CompactLinkedHashMap
Event: 3.475 loading class com/google/common/collect/CompactLinkedHashMap done


Dynamic libraries:
0x00007ff672200000 - 0x00007ff672237000 	C:\Program Files\Java\jdk1.8.0_201\bin\java.exe
0x00007ff904c50000 - 0x00007ff904e45000 	C:\WINDOWS\SYSTEM32\ntdll.dll
0x00007ff904080000 - 0x00007ff90413e000 	C:\WINDOWS\System32\KERNEL32.DLL
0x00007ff902640000 - 0x00007ff902908000 	C:\WINDOWS\System32\KERNELBASE.dll
0x00007ff9038b0000 - 0x00007ff90395e000 	C:\WINDOWS\System32\ADVAPI32.dll
0x00007ff902cb0000 - 0x00007ff902d4e000 	C:\WINDOWS\System32\msvcrt.dll
0x00007ff904480000 - 0x00007ff90451c000 	C:\WINDOWS\System32\sechost.dll
0x00007ff903c70000 - 0x00007ff903d95000 	C:\WINDOWS\System32\RPCRT4.dll
0x00007ff904520000 - 0x00007ff9046c0000 	C:\WINDOWS\System32\USER32.dll
0x00007ff902a20000 - 0x00007ff902a42000 	C:\WINDOWS\System32\win32u.dll
0x00007ff904140000 - 0x00007ff90416b000 	C:\WINDOWS\System32\GDI32.dll
0x00007ff902910000 - 0x00007ff902a1b000 	C:\WINDOWS\System32\gdi32full.dll
0x00007ff902450000 - 0x00007ff9024ed000 	C:\WINDOWS\System32\msvcp_win.dll
0x00007ff9024f0000 - 0x00007ff9025f0000 	C:\WINDOWS\System32\ucrtbase.dll
0x00007ff8f30f0000 - 0x00007ff8f338a000 	C:\WINDOWS\WinSxS\amd64_microsoft.windows.common-controls_6595b64144ccf1df_6.0.19041.1110_none_60b5254171f9507e\COMCTL32.dll
0x00007ff9043e0000 - 0x00007ff904410000 	C:\WINDOWS\System32\IMM32.DLL
0x00000000700d0000 - 0x00000000701a1000 	C:\Program Files\Java\jdk1.8.0_201\jre\bin\msvcr100.dll
0x000000006f820000 - 0x00000000700c4000 	C:\Program Files\Java\jdk1.8.0_201\jre\bin\server\jvm.dll
0x00007ff9041f0000 - 0x00007ff9041f8000 	C:\WINDOWS\System32\PSAPI.DLL
0x00007ff8fbe30000 - 0x00007ff8fbe39000 	C:\WINDOWS\SYSTEM32\WSOCK32.dll
0x00007ff8ec930000 - 0x00007ff8ec957000 	C:\WINDOWS\SYSTEM32\WINMM.dll
0x00007ff903e50000 - 0x00007ff903ebb000 	C:\WINDOWS\System32\WS2_32.dll
0x00007ff8f3b60000 - 0x00007ff8f3b6a000 	C:\WINDOWS\SYSTEM32\VERSION.dll
0x00007ff8fe330000 - 0x00007ff8fe33f000 	C:\Program Files\Java\jdk1.8.0_201\jre\bin\verify.dll
0x00007ff8fd530000 - 0x00007ff8fd559000 	C:\Program Files\Java\jdk1.8.0_201\jre\bin\java.dll
0x00007ff8fd460000 - 0x00007ff8fd476000 	C:\Program Files\Java\jdk1.8.0_201\jre\bin\zip.dll
0x00007ff9030b0000 - 0x00007ff9037f4000 	C:\WINDOWS\System32\SHELL32.dll
0x00007ff900480000 - 0x00007ff900c14000 	C:\WINDOWS\SYSTEM32\windows.storage.dll
0x00007ff902d50000 - 0x00007ff9030a4000 	C:\WINDOWS\System32\combase.dll
0x00007ff901dd0000 - 0x00007ff901dfc000 	C:\WINDOWS\SYSTEM32\Wldp.dll
0x00007ff903800000 - 0x00007ff9038ad000 	C:\WINDOWS\System32\SHCORE.dll
0x00007ff903ec0000 - 0x00007ff903f15000 	C:\WINDOWS\System32\shlwapi.dll
0x00007ff9022b0000 - 0x00007ff9022cf000 	C:\WINDOWS\SYSTEM32\profapi.dll
0x00007ff8fd400000 - 0x00007ff8fd41a000 	C:\Program Files\Java\jdk1.8.0_201\jre\bin\net.dll
0x00007ff8f52b0000 - 0x00007ff8f549c000 	C:\WINDOWS\SYSTEM32\urlmon.dll
0x00007ff8f4ff0000 - 0x00007ff8f52a1000 	C:\WINDOWS\SYSTEM32\iertutil.dll
0x00007ff8f4fc0000 - 0x00007ff8f4fe8000 	C:\WINDOWS\SYSTEM32\srvcli.dll
0x00007ff901810000 - 0x00007ff90181c000 	C:\WINDOWS\SYSTEM32\netutils.dll
0x00007ff901b30000 - 0x00007ff901b9a000 	C:\WINDOWS\system32\mswsock.dll
0x00007ff8fc600000 - 0x00007ff8fc611000 	C:\Program Files\Java\jdk1.8.0_201\jre\bin\nio.dll
0x00007ff8fdb10000 - 0x00007ff8fdb36000 	C:\Users\Andrey\.gradle\native\28\windows-amd64\native-platform.dll
0x00007ff8fe010000 - 0x00007ff8fe01d000 	C:\Program Files\Java\jdk1.8.0_201\jre\bin\management.dll
0x00007ff901d30000 - 0x00007ff901d48000 	C:\WINDOWS\SYSTEM32\CRYPTSP.dll
0x00007ff901440000 - 0x00007ff901474000 	C:\WINDOWS\system32\rsaenh.dll
0x00007ff902420000 - 0x00007ff902447000 	C:\WINDOWS\System32\bcrypt.dll
0x00007ff902270000 - 0x00007ff90229e000 	C:\WINDOWS\SYSTEM32\USERENV.dll
0x00007ff902bb0000 - 0x00007ff902c32000 	C:\WINDOWS\System32\bcryptprimitives.dll
0x00007ff901d20000 - 0x00007ff901d2c000 	C:\WINDOWS\SYSTEM32\CRYPTBASE.dll
0x00007ff9017d0000 - 0x00007ff90180b000 	C:\WINDOWS\SYSTEM32\IPHLPAPI.DLL
0x00007ff904470000 - 0x00007ff904478000 	C:\WINDOWS\System32\NSI.dll
0x00007ff8fb240000 - 0x00007ff8fb257000 	C:\WINDOWS\SYSTEM32\dhcpcsvc6.DLL
0x00007ff8fb220000 - 0x00007ff8fb23d000 	C:\WINDOWS\SYSTEM32\dhcpcsvc.DLL
0x00007ff901820000 - 0x00007ff9018ea000 	C:\WINDOWS\SYSTEM32\DNSAPI.dll

VM Arguments:
jvm_args: -XX:MaxMetaspaceSize=256m -XX:+HeapDumpOnOutOfMemoryError -Xmx512m -Dfile.encoding=windows-1251 -Duser.country=RU -Duser.language=ru -Duser.variant 
java_command: org.gradle.launcher.daemon.bootstrap.GradleDaemon 5.2.1
java_class_path (initial): C:\Users\Andrey\.gradle\wrapper\dists\gradle-5.2.1-bin\9lc4nzslqh3ep7ml2tp68fk8s\gradle-5.2.1\lib\gradle-launcher-5.2.1.jar
Launcher Type: SUN_STANDARD

Environment Variables:
JAVA_HOME=C:\Program Files\Java\jdk1.8.0_201
PATH=C:\Program Files\Java\jdk1.8.0_201\bin;C:\Tools\gradle-7.3.2\bin;C:\Tools;C:\WINDOWS\system32;C:\WINDOWS;C:\WINDOWS\System32\Wbem;C:\WINDOWS\System32\WindowsPowerShell\v1.0\;C:\WINDOWS\System32\OpenSSH\;C:\Program Files\Java\jdk1.8.0_201\bin;C:\Users\Andrey\.IdeaIC2019.3\Selenium;%IntelliJ IDEA Community Edition%;C:\apache-maven-3.6.3\bin;C:\Program Files (x86)\Common Files\Adobe\AGL;C:\Program Files\nodejs\;C:\Program Files\Git\cmd;C:\Users\Andrey\AppData\Local\Microsoft\WindowsApps;C:\Program Files\JetBrains\IntelliJ IDEA Community Edition 2019.3\bin;;C:\Users\Andrey\.IdeaIC2019.3\DriversForChrome;C:\Program Files\Java\jdk1.8.0_201\bin;C:\Program Files\TestProject Agent;C:\Users\Andrey\AppData\Roaming\npm;C:\Users\Andrey\AppData\Local\GitHubDesktop\bin
USERNAME=Andrey
OS=Windows_NT
PROCESSOR_IDENTIFIER=Intel64 Family 6 Model 142 Stepping 9, GenuineIntel



---------------  S Y S T E M  ---------------

OS: Windows 10.0 , 64 bit Build 19041 (10.0.19041.1566)

CPU:total 4 (initial active 4) (2 cores per cpu, 2 threads per core) family 6 model 142 stepping 9, cmov, cx8, fxsr, mmx, sse, sse2, sse3, ssse3, sse4.1, sse4.2, popcnt, avx, avx2, aes, clmul, erms, 3dnowpref, lzcnt, ht, tsc, tscinvbit, bmi1, bmi2, adx

Memory: 4k page, physical 7858520k(515820k free), swap 15413076k(5128k free)

vm_info: Java HotSpot(TM) 64-Bit Server VM (25.201-b09) for windows-amd64 JRE (1.8.0_201-b09), built on Dec 15 2018 18:36:39 by "java_re" with MS VC++ 10.0 (VS2010)

time: Sun Apr 10 18:11:03 2022
timezone: RTZ 2 (зима)
elapsed time: 3 seconds (0d 0h 0m 3s)

