2784 [Test worker] INFO  manager.ApplicationManager - All tests starts in 'Chrome' browser
4078 [Test worker] INFO  tests.TestBase - Test name ----->loginSuccessTestModelDataProvider
4084 [Test worker] INFO  manager.MyListener - Start search element by locator --->By.xpath: //button[text()='Sign Out']
9154 [Test worker] INFO  manager.MyListener - The element with locator --->By.xpath: //button[text()='Sign Out'] was found
9156 [Test worker] INFO  manager.MyListener - Start search element by locator --->By.cssSelector: [href='/login']
9185 [Test worker] INFO  manager.MyListener - The element with locator --->By.cssSelector: [href='/login'] was found
9321 [Test worker] INFO  manager.MyListener - Start search element by locator --->By.xpath: //input[1]
9344 [Test worker] INFO  manager.MyListener - The element with locator --->By.xpath: //input[1] was found
9651 [Test worker] INFO  manager.MyListener - Start search element by locator --->By.xpath: //input[2]
9680 [Test worker] INFO  manager.MyListener - The element with locator --->By.xpath: //input[2] was found
9903 [Test worker] INFO  manager.MyListener - Start search element by locator --->By.tagName: button
9935 [Test worker] INFO  manager.MyListener - The element with locator --->By.tagName: button was found
15011 [Test worker] INFO  manager.MyListener - Start search element by locator --->By.xpath: //button[text()='Sign Out']
15034 [Test worker] INFO  manager.MyListener - The element with locator --->By.xpath: //button[text()='Sign Out'] was found
15038 [Test worker] INFO  tests.TestBase - Test endloginSuccessTestModelDataProvider
15040 [Test worker] INFO  tests.TestBase - Test name ----->loginSuccessTestModelDataProvider
15041 [Test worker] INFO  manager.MyListener - Start search element by locator --->By.xpath: //button[text()='Sign Out']
15063 [Test worker] INFO  manager.MyListener - The element with locator --->By.xpath: //button[text()='Sign Out'] was found
15064 [Test worker] INFO  manager.MyListener - Start search element by locator --->By.xpath: //button[text()='Sign Out']
15083 [Test worker] INFO  manager.MyListener - The element with locator --->By.xpath: //button[text()='Sign Out'] was found
15133 [Test worker] INFO  manager.MyListener - Start search element by locator --->By.cssSelector: [href='/login']
15168 [Test worker] INFO  manager.MyListener - The element with locator --->By.cssSelector: [href='/login'] was found
15223 [Test worker] INFO  manager.MyListener - Start search element by locator --->By.xpath: //input[1]
15256 [Test worker] INFO  manager.MyListener - The element with locator --->By.xpath: //input[1] was found
15397 [Test worker] INFO  manager.MyListener - Start search element by locator --->By.xpath: //input[2]
15423 [Test worker] INFO  manager.MyListener - The element with locator --->By.xpath: //input[2] was found
15552 [Test worker] INFO  manager.MyListener - Start search element by locator --->By.tagName: button
15575 [Test worker] INFO  manager.MyListener - The element with locator --->By.tagName: button was found
20636 [Test worker] INFO  manager.MyListener - Start search element by locator --->By.xpath: //button[text()='Sign Out']
20659 [Test worker] INFO  manager.MyListener - The element with locator --->By.xpath: //button[text()='Sign Out'] was found
20660 [Test worker] INFO  tests.TestBase - Test endloginSuccessTestModelDataProvider
20661 [Test worker] INFO  tests.TestBase - Test name ----->loginSuccessTestModelDataProvider
20662 [Test worker] INFO  manager.MyListener - Start search element by locator --->By.xpath: //button[text()='Sign Out']
20673 [Test worker] INFO  manager.MyListener - The element with locator --->By.xpath: //button[text()='Sign Out'] was found
20673 [Test worker] INFO  manager.MyListener - Start search element by locator --->By.xpath: //button[text()='Sign Out']
20689 [Test worker] INFO  manager.MyListener - The element with locator --->By.xpath: //button[text()='Sign Out'] was found
20745 [Test worker] INFO  manager.MyListener - Start search element by locator --->By.cssSelector: [href='/login']
20783 [Test worker] INFO  manager.MyListener - The element with locator --->By.cssSelector: [href='/login'] was found
20831 [Test worker] INFO  manager.MyListener - Start search element by locator --->By.xpath: //input[1]
20842 [Test worker] INFO  manager.MyListener - The element with locator --->By.xpath: //input[1] was found
21000 [Test worker] INFO  manager.MyListener - Start search element by locator --->By.xpath: //input[2]
21018 [Test worker] INFO  manager.MyListener - The element with locator --->By.xpath: //input[2] was found
21157 [Test worker] INFO  manager.MyListener - Start search element by locator --->By.tagName: button
21170 [Test worker] INFO  manager.MyListener - The element with locator --->By.tagName: button was found
26229 [Test worker] INFO  manager.MyListener - Start search element by locator --->By.xpath: //button[text()='Sign Out']
26252 [Test worker] INFO  manager.MyListener - The element with locator --->By.xpath: //button[text()='Sign Out'] was found
26253 [Test worker] INFO  tests.TestBase - Test endloginSuccessTestModelDataProvider
