2817 [Test worker] INFO  manager.ApplicationManager - All tests starts in 'Chrome' browser
4556 [Test worker] INFO  tests.TestBase - Test name ----->addNewContactSuccess
4562 [Test worker] INFO  manager.MyListener - Start search element by locator --->By.xpath: //button[text()='Sign Out']
9624 [Test worker] INFO  manager.MyListener - The element with locator --->By.xpath: //button[text()='Sign Out'] was found
9626 [Test worker] INFO  manager.MyListener - Start search element by locator --->By.cssSelector: [href='/login']
9669 [Test worker] INFO  manager.MyListener - The element with locator --->By.cssSelector: [href='/login'] was found
9798 [Test worker] INFO  manager.MyListener - Start search element by locator --->By.xpath: //input[1]
9838 [Test worker] INFO  manager.MyListener - The element with locator --->By.xpath: //input[1] was found
10070 [Test worker] INFO  manager.MyListener - Start search element by locator --->By.xpath: //input[2]
10097 [Test worker] INFO  manager.MyListener - The element with locator --->By.xpath: //input[2] was found
10269 [Test worker] INFO  manager.MyListener - Start search element by locator --->By.tagName: button
10295 [Test worker] INFO  manager.MyListener - The element with locator --->By.tagName: button was found
10337 [Test worker] INFO  manager.MyListener - Start search element by locator --->By.cssSelector: .contact-item_card__2SOIM
11180 [Test worker] INFO  manager.MyListener - The element with locator --->By.cssSelector: .contact-item_card__2SOIM was found
11181 [Test worker] INFO  tests.TestBase - The test 'Add new contact starts with count of contact---->21
11182 [Test worker] INFO  manager.MyListener - Start search element by locator --->By.cssSelector: [href='/add']
11211 [Test worker] INFO  manager.MyListener - The element with locator --->By.cssSelector: [href='/add'] was found
11283 [Test worker] INFO  manager.MyListener - Start search element by locator --->By.cssSelector: [placeholder='Name']
11302 [Test worker] INFO  manager.MyListener - The element with locator --->By.cssSelector: [placeholder='Name'] was found
11427 [Test worker] INFO  manager.MyListener - Start search element by locator --->By.cssSelector: [placeholder='Last Name']
11456 [Test worker] INFO  manager.MyListener - The element with locator --->By.cssSelector: [placeholder='Last Name'] was found
11599 [Test worker] INFO  manager.MyListener - Start search element by locator --->By.cssSelector: [placeholder='Phone']
11630 [Test worker] INFO  manager.MyListener - The element with locator --->By.cssSelector: [placeholder='Phone'] was found
11799 [Test worker] INFO  manager.MyListener - Start search element by locator --->By.cssSelector: [placeholder='email']
11831 [Test worker] INFO  manager.MyListener - The element with locator --->By.cssSelector: [placeholder='email'] was found
12016 [Test worker] INFO  manager.MyListener - Start search element by locator --->By.cssSelector: [placeholder='Address']
12034 [Test worker] INFO  manager.MyListener - The element with locator --->By.cssSelector: [placeholder='Address'] was found
12164 [Test worker] INFO  manager.MyListener - Start search element by locator --->By.cssSelector: [placeholder='description']
12190 [Test worker] INFO  manager.MyListener - The element with locator --->By.cssSelector: [placeholder='description'] was found
12340 [Test worker] INFO  manager.MyListener - Start search element by locator --->By.cssSelector: .add_form__2rsm2 button
12362 [Test worker] INFO  manager.MyListener - The element with locator --->By.cssSelector: .add_form__2rsm2 button was found
15429 [Test worker] INFO  manager.MyListener - Start search element by locator --->By.cssSelector: .contact-item_card__2SOIM
15454 [Test worker] INFO  manager.MyListener - The element with locator --->By.cssSelector: .contact-item_card__2SOIM was found
15455 [Test worker] INFO  tests.TestBase - The test 'Add new contact' ends with count of contact in the end --->22
17468 [Test worker] INFO  manager.MyListener - Start search element by locator --->By.cssSelector: h2
17495 [Test worker] INFO  manager.MyListener - The element with locator --->By.cssSelector: h2 was found
17615 [Test worker] INFO  manager.MyListener - Start search element by locator --->By.cssSelector: h3
17635 [Test worker] INFO  manager.MyListener - The element with locator --->By.cssSelector: h3 was found
17937 [Test worker] INFO  tests.TestBase - Test endaddNewContactSuccess
17940 [Test worker] INFO  tests.TestBase - Test name ----->addNewContactSuccessNew
17941 [Test worker] INFO  manager.MyListener - Start search element by locator --->By.xpath: //button[text()='Sign Out']
17961 [Test worker] INFO  manager.MyListener - The element with locator --->By.xpath: //button[text()='Sign Out'] was found
17962 [Test worker] INFO  manager.MyListener - Start search element by locator --->By.cssSelector: .contact-item_card__2SOIM
17976 [Test worker] INFO  manager.MyListener - The element with locator --->By.cssSelector: .contact-item_card__2SOIM was found
17976 [Test worker] INFO  tests.TestBase - The test 'Add new contact starts with count of contact---->22
17976 [Test worker] INFO  manager.MyListener - Start search element by locator --->By.cssSelector: [href='/add']
17991 [Test worker] INFO  manager.MyListener - The element with locator --->By.cssSelector: [href='/add'] was found
18035 [Test worker] INFO  manager.MyListener - Start search element by locator --->By.cssSelector: [placeholder='Name']
18058 [Test worker] INFO  manager.MyListener - The element with locator --->By.cssSelector: [placeholder='Name'] was found
18181 [Test worker] INFO  manager.MyListener - Start search element by locator --->By.cssSelector: [placeholder='Last Name']
18195 [Test worker] INFO  manager.MyListener - The element with locator --->By.cssSelector: [placeholder='Last Name'] was found
18316 [Test worker] INFO  manager.MyListener - Start search element by locator --->By.cssSelector: [placeholder='Phone']
18338 [Test worker] INFO  manager.MyListener - The element with locator --->By.cssSelector: [placeholder='Phone'] was found
18468 [Test worker] INFO  manager.MyListener - Start search element by locator --->By.cssSelector: [placeholder='email']
18477 [Test worker] INFO  manager.MyListener - The element with locator --->By.cssSelector: [placeholder='email'] was found
18619 [Test worker] INFO  manager.MyListener - Start search element by locator --->By.cssSelector: [placeholder='Address']
18635 [Test worker] INFO  manager.MyListener - The element with locator --->By.cssSelector: [placeholder='Address'] was found
18754 [Test worker] INFO  manager.MyListener - Start search element by locator --->By.cssSelector: [placeholder='description']
18776 [Test worker] INFO  manager.MyListener - The element with locator --->By.cssSelector: [placeholder='description'] was found
18902 [Test worker] INFO  manager.MyListener - Start search element by locator --->By.cssSelector: .add_form__2rsm2 button
18920 [Test worker] INFO  manager.MyListener - The element with locator --->By.cssSelector: .add_form__2rsm2 button was found
21979 [Test worker] INFO  manager.MyListener - Start search element by locator --->By.cssSelector: .contact-item_card__2SOIM
22003 [Test worker] INFO  manager.MyListener - The element with locator --->By.cssSelector: .contact-item_card__2SOIM was found
22004 [Test worker] INFO  tests.TestBase - The test 'Add new contact' ends with count of contact in the end --->23
24015 [Test worker] INFO  manager.MyListener - Start search element by locator --->By.cssSelector: h2
24039 [Test worker] INFO  manager.MyListener - The element with locator --->By.cssSelector: h2 was found
24158 [Test worker] INFO  manager.MyListener - Start search element by locator --->By.cssSelector: h3
24180 [Test worker] INFO  manager.MyListener - The element with locator --->By.cssSelector: h3 was found
24482 [Test worker] INFO  tests.TestBase - Test endaddNewContactSuccessNew
24490 [Test worker] INFO  tests.TestBase - Test name ----->addNewContactSuccessScv
24491 [Test worker] INFO  manager.MyListener - Start search element by locator --->By.xpath: //button[text()='Sign Out']
24512 [Test worker] INFO  manager.MyListener - The element with locator --->By.xpath: //button[text()='Sign Out'] was found
24512 [Test worker] INFO  manager.MyListener - Start search element by locator --->By.cssSelector: .contact-item_card__2SOIM
24528 [Test worker] INFO  manager.MyListener - The element with locator --->By.cssSelector: .contact-item_card__2SOIM was found
24528 [Test worker] INFO  manager.MyListener - Start search element by locator --->By.cssSelector: [href='/add']
24541 [Test worker] INFO  manager.MyListener - The element with locator --->By.cssSelector: [href='/add'] was found
24591 [Test worker] INFO  manager.MyListener - Start search element by locator --->By.cssSelector: [placeholder='Name']
24607 [Test worker] INFO  manager.MyListener - The element with locator --->By.cssSelector: [placeholder='Name'] was found
24734 [Test worker] INFO  manager.MyListener - Start search element by locator --->By.cssSelector: [placeholder='Last Name']
24751 [Test worker] INFO  manager.MyListener - The element with locator --->By.cssSelector: [placeholder='Last Name'] was found
24858 [Test worker] INFO  manager.MyListener - Start search element by locator --->By.cssSelector: [placeholder='Phone']
24871 [Test worker] INFO  manager.MyListener - The element with locator --->By.cssSelector: [placeholder='Phone'] was found
24999 [Test worker] INFO  manager.MyListener - Start search element by locator --->By.cssSelector: [placeholder='email']
25027 [Test worker] INFO  manager.MyListener - The element with locator --->By.cssSelector: [placeholder='email'] was found
25228 [Test worker] INFO  manager.MyListener - Start search element by locator --->By.cssSelector: [placeholder='Address']
25246 [Test worker] INFO  manager.MyListener - The element with locator --->By.cssSelector: [placeholder='Address'] was found
25365 [Test worker] INFO  manager.MyListener - Start search element by locator --->By.cssSelector: [placeholder='description']
25373 [Test worker] INFO  manager.MyListener - The element with locator --->By.cssSelector: [placeholder='description'] was found
25488 [Test worker] INFO  manager.MyListener - Start search element by locator --->By.cssSelector: .add_form__2rsm2 button
25511 [Test worker] INFO  manager.MyListener - The element with locator --->By.cssSelector: .add_form__2rsm2 button was found
28561 [Test worker] INFO  manager.MyListener - Start search element by locator --->By.cssSelector: .contact-item_card__2SOIM
28587 [Test worker] INFO  manager.MyListener - The element with locator --->By.cssSelector: .contact-item_card__2SOIM was found
30600 [Test worker] INFO  manager.MyListener - Start search element by locator --->By.cssSelector: h2
30625 [Test worker] INFO  manager.MyListener - The element with locator --->By.cssSelector: h2 was found
30933 [Test worker] INFO  manager.MyListener - Start search element by locator --->By.cssSelector: h3
30954 [Test worker] INFO  manager.MyListener - The element with locator --->By.cssSelector: h3 was found
31301 [Test worker] INFO  tests.TestBase - Test endaddNewContactSuccessScv
31303 [Test worker] INFO  tests.TestBase - Test name ----->addNewContactSuccessScv
31306 [Test worker] INFO  manager.MyListener - Start search element by locator --->By.xpath: //button[text()='Sign Out']
31323 [Test worker] INFO  manager.MyListener - The element with locator --->By.xpath: //button[text()='Sign Out'] was found
31324 [Test worker] INFO  manager.MyListener - Start search element by locator --->By.cssSelector: .contact-item_card__2SOIM
31341 [Test worker] INFO  manager.MyListener - The element with locator --->By.cssSelector: .contact-item_card__2SOIM was found
31341 [Test worker] INFO  manager.MyListener - Start search element by locator --->By.cssSelector: [href='/add']
31356 [Test worker] INFO  manager.MyListener - The element with locator --->By.cssSelector: [href='/add'] was found
31396 [Test worker] INFO  manager.MyListener - Start search element by locator --->By.cssSelector: [placeholder='Name']
31421 [Test worker] INFO  manager.MyListener - The element with locator --->By.cssSelector: [placeholder='Name'] was found
31534 [Test worker] INFO  manager.MyListener - Start search element by locator --->By.cssSelector: [placeholder='Last Name']
31557 [Test worker] INFO  manager.MyListener - The element with locator --->By.cssSelector: [placeholder='Last Name'] was found
31685 [Test worker] INFO  manager.MyListener - Start search element by locator --->By.cssSelector: [placeholder='Phone']
31696 [Test worker] INFO  manager.MyListener - The element with locator --->By.cssSelector: [placeholder='Phone'] was found
31840 [Test worker] INFO  manager.MyListener - Start search element by locator --->By.cssSelector: [placeholder='email']
31850 [Test worker] INFO  manager.MyListener - The element with locator --->By.cssSelector: [placeholder='email'] was found
31995 [Test worker] INFO  manager.MyListener - Start search element by locator --->By.cssSelector: [placeholder='Address']
32007 [Test worker] INFO  manager.MyListener - The element with locator --->By.cssSelector: [placeholder='Address'] was found
32135 [Test worker] INFO  manager.MyListener - Start search element by locator --->By.cssSelector: [placeholder='description']
32146 [Test worker] INFO  manager.MyListener - The element with locator --->By.cssSelector: [placeholder='description'] was found
32283 [Test worker] INFO  manager.MyListener - Start search element by locator --->By.cssSelector: .add_form__2rsm2 button
32306 [Test worker] INFO  manager.MyListener - The element with locator --->By.cssSelector: .add_form__2rsm2 button was found
35355 [Test worker] INFO  manager.MyListener - Start search element by locator --->By.cssSelector: .contact-item_card__2SOIM
35380 [Test worker] INFO  manager.MyListener - The element with locator --->By.cssSelector: .contact-item_card__2SOIM was found
37392 [Test worker] INFO  manager.MyListener - Start search element by locator --->By.cssSelector: h2
37415 [Test worker] INFO  manager.MyListener - The element with locator --->By.cssSelector: h2 was found
37571 [Test worker] INFO  manager.MyListener - Start search element by locator --->By.cssSelector: h3
37592 [Test worker] INFO  manager.MyListener - The element with locator --->By.cssSelector: h3 was found
37750 [Test worker] INFO  tests.TestBase - Test endaddNewContactSuccessScv
37751 [Test worker] INFO  tests.TestBase - Test name ----->addNewContactSuccessScv
37753 [Test worker] INFO  manager.MyListener - Start search element by locator --->By.xpath: //button[text()='Sign Out']
37762 [Test worker] INFO  manager.MyListener - The element with locator --->By.xpath: //button[text()='Sign Out'] was found
37762 [Test worker] INFO  manager.MyListener - Start search element by locator --->By.cssSelector: .contact-item_card__2SOIM
37777 [Test worker] INFO  manager.MyListener - The element with locator --->By.cssSelector: .contact-item_card__2SOIM was found
37778 [Test worker] INFO  manager.MyListener - Start search element by locator --->By.cssSelector: [href='/add']
37793 [Test worker] INFO  manager.MyListener - The element with locator --->By.cssSelector: [href='/add'] was found
37833 [Test worker] INFO  manager.MyListener - Start search element by locator --->By.cssSelector: [placeholder='Name']
37856 [Test worker] INFO  manager.MyListener - The element with locator --->By.cssSelector: [placeholder='Name'] was found
37987 [Test worker] INFO  manager.MyListener - Start search element by locator --->By.cssSelector: [placeholder='Last Name']
38010 [Test worker] INFO  manager.MyListener - The element with locator --->By.cssSelector: [placeholder='Last Name'] was found
38139 [Test worker] INFO  manager.MyListener - Start search element by locator --->By.cssSelector: [placeholder='Phone']
38151 [Test worker] INFO  manager.MyListener - The element with locator --->By.cssSelector: [placeholder='Phone'] was found
38275 [Test worker] INFO  manager.MyListener - Start search element by locator --->By.cssSelector: [placeholder='email']
38290 [Test worker] INFO  manager.MyListener - The element with locator --->By.cssSelector: [placeholder='email'] was found
38418 [Test worker] INFO  manager.MyListener - Start search element by locator --->By.cssSelector: [placeholder='Address']
38432 [Test worker] INFO  manager.MyListener - The element with locator --->By.cssSelector: [placeholder='Address'] was found
38552 [Test worker] INFO  manager.MyListener - Start search element by locator --->By.cssSelector: [placeholder='description']
38572 [Test worker] INFO  manager.MyListener - The element with locator --->By.cssSelector: [placeholder='description'] was found
38707 [Test worker] INFO  manager.MyListener - Start search element by locator --->By.cssSelector: .add_form__2rsm2 button
38727 [Test worker] INFO  manager.MyListener - The element with locator --->By.cssSelector: .add_form__2rsm2 button was found
41776 [Test worker] INFO  manager.MyListener - Start search element by locator --->By.cssSelector: .contact-item_card__2SOIM
41800 [Test worker] INFO  manager.MyListener - The element with locator --->By.cssSelector: .contact-item_card__2SOIM was found
43810 [Test worker] INFO  manager.MyListener - Start search element by locator --->By.cssSelector: h2
43834 [Test worker] INFO  manager.MyListener - The element with locator --->By.cssSelector: h2 was found
43997 [Test worker] INFO  manager.MyListener - Start search element by locator --->By.cssSelector: h3
44008 [Test worker] INFO  manager.MyListener - The element with locator --->By.cssSelector: h3 was found
44161 [Test worker] INFO  tests.TestBase - Test endaddNewContactSuccessScv
44164 [Test worker] INFO  tests.TestBase - Test name ----->fillLoginFormTest
44165 [Test worker] INFO  manager.MyListener - Start search element by locator --->By.xpath: //button[text()='Sign Out']
44179 [Test worker] INFO  manager.MyListener - The element with locator --->By.xpath: //button[text()='Sign Out'] was found
44179 [Test worker] INFO  manager.MyListener - Start search element by locator --->By.xpath: //button[text()='Sign Out']
44200 [Test worker] INFO  manager.MyListener - The element with locator --->By.xpath: //button[text()='Sign Out'] was found
44249 [Test worker] INFO  manager.MyListener - Start search element by locator --->By.cssSelector: [href='/login']
44291 [Test worker] INFO  manager.MyListener - The element with locator --->By.cssSelector: [href='/login'] was found
44348 [Test worker] INFO  manager.MyListener - Start search element by locator --->By.xpath: //input[1]
44366 [Test worker] INFO  manager.MyListener - The element with locator --->By.xpath: //input[1] was found
44499 [Test worker] INFO  manager.MyListener - Start search element by locator --->By.xpath: //input[2]
44523 [Test worker] INFO  manager.MyListener - The element with locator --->By.xpath: //input[2] was found
44643 [Test worker] INFO  manager.MyListener - Start search element by locator --->By.tagName: button
44665 [Test worker] INFO  manager.MyListener - The element with locator --->By.tagName: button was found
49711 [Test worker] INFO  manager.MyListener - Start search element by locator --->By.xpath: //button[text()='Sign Out']
49734 [Test worker] INFO  manager.MyListener - The element with locator --->By.xpath: //button[text()='Sign Out'] was found
49735 [Test worker] INFO  tests.TestBase - Test endfillLoginFormTest
49740 [Test worker] INFO  tests.TestBase - Test name ----->loginSuccessTestModel
49740 [Test worker] INFO  manager.MyListener - Start search element by locator --->By.xpath: //button[text()='Sign Out']
49770 [Test worker] INFO  manager.MyListener - The element with locator --->By.xpath: //button[text()='Sign Out'] was found
49770 [Test worker] INFO  manager.MyListener - Start search element by locator --->By.xpath: //button[text()='Sign Out']
49796 [Test worker] INFO  manager.MyListener - The element with locator --->By.xpath: //button[text()='Sign Out'] was found
49870 [Test worker] INFO  manager.MyListener - Start search element by locator --->By.cssSelector: [href='/login']
49886 [Test worker] INFO  manager.MyListener - The element with locator --->By.cssSelector: [href='/login'] was found
49931 [Test worker] INFO  manager.MyListener - Start search element by locator --->By.xpath: //input[1]
49951 [Test worker] INFO  manager.MyListener - The element with locator --->By.xpath: //input[1] was found
50077 [Test worker] INFO  manager.MyListener - Start search element by locator --->By.xpath: //input[2]
50091 [Test worker] INFO  manager.MyListener - The element with locator --->By.xpath: //input[2] was found
50216 [Test worker] INFO  manager.MyListener - Start search element by locator --->By.tagName: button
50232 [Test worker] INFO  manager.MyListener - The element with locator --->By.tagName: button was found
55279 [Test worker] INFO  manager.MyListener - Start search element by locator --->By.xpath: //button[text()='Sign Out']
55303 [Test worker] INFO  manager.MyListener - The element with locator --->By.xpath: //button[text()='Sign Out'] was found
55305 [Test worker] INFO  tests.TestBase - Test endloginSuccessTestModel
55307 [Test worker] INFO  tests.TestBase - Test name ----->loginSuccessTestModelDataProvider
55308 [Test worker] INFO  manager.MyListener - Start search element by locator --->By.xpath: //button[text()='Sign Out']
55318 [Test worker] INFO  manager.MyListener - The element with locator --->By.xpath: //button[text()='Sign Out'] was found
55318 [Test worker] INFO  manager.MyListener - Start search element by locator --->By.xpath: //button[text()='Sign Out']
55334 [Test worker] INFO  manager.MyListener - The element with locator --->By.xpath: //button[text()='Sign Out'] was found
55397 [Test worker] INFO  manager.MyListener - Start search element by locator --->By.cssSelector: [href='/login']
55415 [Test worker] INFO  manager.MyListener - The element with locator --->By.cssSelector: [href='/login'] was found
55461 [Test worker] INFO  manager.MyListener - Start search element by locator --->By.xpath: //input[1]
55474 [Test worker] INFO  manager.MyListener - The element with locator --->By.xpath: //input[1] was found
55619 [Test worker] INFO  manager.MyListener - Start search element by locator --->By.xpath: //input[2]
55632 [Test worker] INFO  manager.MyListener - The element with locator --->By.xpath: //input[2] was found
55755 [Test worker] INFO  manager.MyListener - Start search element by locator --->By.tagName: button
55772 [Test worker] INFO  manager.MyListener - The element with locator --->By.tagName: button was found
60818 [Test worker] INFO  manager.MyListener - Start search element by locator --->By.xpath: //button[text()='Sign Out']
60845 [Test worker] INFO  manager.MyListener - The element with locator --->By.xpath: //button[text()='Sign Out'] was found
60846 [Test worker] INFO  tests.TestBase - Test endloginSuccessTestModelDataProvider
60847 [Test worker] INFO  tests.TestBase - Test name ----->loginSuccessTestModelDataProvider
60848 [Test worker] INFO  manager.MyListener - Start search element by locator --->By.xpath: //button[text()='Sign Out']
60856 [Test worker] INFO  manager.MyListener - The element with locator --->By.xpath: //button[text()='Sign Out'] was found
60857 [Test worker] INFO  manager.MyListener - Start search element by locator --->By.xpath: //button[text()='Sign Out']
60876 [Test worker] INFO  manager.MyListener - The element with locator --->By.xpath: //button[text()='Sign Out'] was found
60921 [Test worker] INFO  manager.MyListener - Start search element by locator --->By.cssSelector: [href='/login']
60953 [Test worker] INFO  manager.MyListener - The element with locator --->By.cssSelector: [href='/login'] was found
60995 [Test worker] INFO  manager.MyListener - Start search element by locator --->By.xpath: //input[1]
61020 [Test worker] INFO  manager.MyListener - The element with locator --->By.xpath: //input[1] was found
61166 [Test worker] INFO  manager.MyListener - Start search element by locator --->By.xpath: //input[2]
61195 [Test worker] INFO  manager.MyListener - The element with locator --->By.xpath: //input[2] was found
61320 [Test worker] INFO  manager.MyListener - Start search element by locator --->By.tagName: button
61350 [Test worker] INFO  manager.MyListener - The element with locator --->By.tagName: button was found
66393 [Test worker] INFO  manager.MyListener - Start search element by locator --->By.xpath: //button[text()='Sign Out']
66416 [Test worker] INFO  manager.MyListener - The element with locator --->By.xpath: //button[text()='Sign Out'] was found
66417 [Test worker] INFO  tests.TestBase - Test endloginSuccessTestModelDataProvider
66418 [Test worker] INFO  tests.TestBase - Test name ----->loginSuccessTestModelDataProvider
66419 [Test worker] INFO  manager.MyListener - Start search element by locator --->By.xpath: //button[text()='Sign Out']
66433 [Test worker] INFO  manager.MyListener - The element with locator --->By.xpath: //button[text()='Sign Out'] was found
66433 [Test worker] INFO  manager.MyListener - Start search element by locator --->By.xpath: //button[text()='Sign Out']
66448 [Test worker] INFO  manager.MyListener - The element with locator --->By.xpath: //button[text()='Sign Out'] was found
66512 [Test worker] INFO  manager.MyListener - Start search element by locator --->By.cssSelector: [href='/login']
66530 [Test worker] INFO  manager.MyListener - The element with locator --->By.cssSelector: [href='/login'] was found
66572 [Test worker] INFO  manager.MyListener - Start search element by locator --->By.xpath: //input[1]
66591 [Test worker] INFO  manager.MyListener - The element with locator --->By.xpath: //input[1] was found
66735 [Test worker] INFO  manager.MyListener - Start search element by locator --->By.xpath: //input[2]
66750 [Test worker] INFO  manager.MyListener - The element with locator --->By.xpath: //input[2] was found
66890 [Test worker] INFO  manager.MyListener - Start search element by locator --->By.tagName: button
66909 [Test worker] INFO  manager.MyListener - The element with locator --->By.tagName: button was found
71983 [Test worker] INFO  manager.MyListener - Start search element by locator --->By.xpath: //button[text()='Sign Out']
72006 [Test worker] INFO  manager.MyListener - The element with locator --->By.xpath: //button[text()='Sign Out'] was found
72007 [Test worker] INFO  tests.TestBase - Test endloginSuccessTestModelDataProvider
72008 [Test worker] INFO  tests.TestBase - Test name ----->negativeLoginTest
72009 [Test worker] INFO  manager.MyListener - Start search element by locator --->By.xpath: //button[text()='Sign Out']
72022 [Test worker] INFO  manager.MyListener - The element with locator --->By.xpath: //button[text()='Sign Out'] was found
72022 [Test worker] INFO  manager.MyListener - Start search element by locator --->By.xpath: //button[text()='Sign Out']
72040 [Test worker] INFO  manager.MyListener - The element with locator --->By.xpath: //button[text()='Sign Out'] was found
72088 [Test worker] INFO  manager.MyListener - Start search element by locator --->By.cssSelector: [href='/login']
72108 [Test worker] INFO  manager.MyListener - The element with locator --->By.cssSelector: [href='/login'] was found
72146 [Test worker] INFO  manager.MyListener - Start search element by locator --->By.xpath: //input[1]
72165 [Test worker] INFO  manager.MyListener - The element with locator --->By.xpath: //input[1] was found
72306 [Test worker] INFO  manager.MyListener - Start search element by locator --->By.xpath: //input[2]
72320 [Test worker] INFO  manager.MyListener - The element with locator --->By.xpath: //input[2] was found
72446 [Test worker] INFO  manager.MyListener - Start search element by locator --->By.tagName: button
72460 [Test worker] INFO  manager.MyListener - The element with locator --->By.tagName: button was found
73076 [Test worker] INFO  tests.TestBase - Test endnegativeLoginTest
73077 [Test worker] INFO  tests.TestBase - Test name ----->negativeRegistrationTest
73078 [Test worker] INFO  manager.MyListener - Start search element by locator --->By.xpath: //button[text()='Sign Out']
78154 [Test worker] INFO  manager.MyListener - The element with locator --->By.xpath: //button[text()='Sign Out'] was found
78154 [Test worker] INFO  manager.MyListener - Start search element by locator --->By.cssSelector: [href='/login']
78171 [Test worker] INFO  manager.MyListener - The element with locator --->By.cssSelector: [href='/login'] was found
78208 [Test worker] INFO  manager.MyListener - Start search element by locator --->By.xpath: //input[1]
78224 [Test worker] INFO  manager.MyListener - The element with locator --->By.xpath: //input[1] was found
78382 [Test worker] INFO  manager.MyListener - Start search element by locator --->By.xpath: //input[2]
78407 [Test worker] INFO  manager.MyListener - The element with locator --->By.xpath: //input[2] was found
78554 [Test worker] INFO  manager.MyListener - Start search element by locator --->By.xpath: //button[text()=' Registration']
78566 [Test worker] INFO  manager.MyListener - The element with locator --->By.xpath: //button[text()=' Registration'] was found
83641 [Test worker] INFO  tests.TestBase - Test endnegativeRegistrationTest
83643 [Test worker] INFO  tests.TestBase - Test name ----->successRegistrationTest
83644 [Test worker] INFO  manager.MyListener - Start search element by locator --->By.xpath: //button[text()='Sign Out']
88670 [Test worker] INFO  manager.MyListener - The element with locator --->By.xpath: //button[text()='Sign Out'] was found
88670 [Test worker] INFO  manager.MyListener - Start search element by locator --->By.cssSelector: [href='/login']
88685 [Test worker] INFO  manager.MyListener - The element with locator --->By.cssSelector: [href='/login'] was found
88725 [Test worker] INFO  manager.MyListener - Start search element by locator --->By.xpath: //input[1]
88752 [Test worker] INFO  manager.MyListener - The element with locator --->By.xpath: //input[1] was found
88926 [Test worker] INFO  manager.MyListener - Start search element by locator --->By.xpath: //input[2]
88939 [Test worker] INFO  manager.MyListener - The element with locator --->By.xpath: //input[2] was found
89115 [Test worker] INFO  manager.MyListener - Start search element by locator --->By.xpath: //button[text()=' Registration']
89127 [Test worker] INFO  manager.MyListener - The element with locator --->By.xpath: //button[text()=' Registration'] was found
94182 [Test worker] INFO  manager.MyListener - Start search element by locator --->By.xpath: //button[text()='Sign Out']
94204 [Test worker] INFO  manager.MyListener - The element with locator --->By.xpath: //button[text()='Sign Out'] was found
94205 [Test worker] INFO  tests.TestBase - Test endsuccessRegistrationTest
94206 [Test worker] INFO  tests.TestBase - Test name ----->successRegistrationTestNew
94207 [Test worker] INFO  manager.MyListener - Start search element by locator --->By.xpath: //button[text()='Sign Out']
94220 [Test worker] INFO  manager.MyListener - The element with locator --->By.xpath: //button[text()='Sign Out'] was found
94220 [Test worker] INFO  manager.MyListener - Start search element by locator --->By.xpath: //button[text()='Sign Out']
94236 [Test worker] INFO  manager.MyListener - The element with locator --->By.xpath: //button[text()='Sign Out'] was found
94286 [Test worker] INFO  manager.MyListener - Start search element by locator --->By.cssSelector: [href='/login']
94298 [Test worker] INFO  manager.MyListener - The element with locator --->By.cssSelector: [href='/login'] was found
94339 [Test worker] INFO  manager.MyListener - Start search element by locator --->By.xpath: //input[1]
94360 [Test worker] INFO  manager.MyListener - The element with locator --->By.xpath: //input[1] was found
94498 [Test worker] INFO  manager.MyListener - Start search element by locator --->By.xpath: //input[2]
94518 [Test worker] INFO  manager.MyListener - The element with locator --->By.xpath: //input[2] was found
94647 [Test worker] INFO  manager.MyListener - Start search element by locator --->By.xpath: //button[text()=' Registration']
94660 [Test worker] INFO  manager.MyListener - The element with locator --->By.xpath: //button[text()=' Registration'] was found
99710 [Test worker] INFO  manager.MyListener - Start search element by locator --->By.xpath: //button[text()='Sign Out']
99733 [Test worker] INFO  manager.MyListener - The element with locator --->By.xpath: //button[text()='Sign Out'] was found
99734 [Test worker] INFO  tests.TestBase - Test endsuccessRegistrationTestNew
99735 [Test worker] INFO  tests.TestBase - Test name ----->successRegistrationTestNew
99735 [Test worker] INFO  manager.MyListener - Start search element by locator --->By.xpath: //button[text()='Sign Out']
99751 [Test worker] INFO  manager.MyListener - The element with locator --->By.xpath: //button[text()='Sign Out'] was found
99751 [Test worker] INFO  manager.MyListener - Start search element by locator --->By.xpath: //button[text()='Sign Out']
99765 [Test worker] INFO  manager.MyListener - The element with locator --->By.xpath: //button[text()='Sign Out'] was found
99814 [Test worker] INFO  manager.MyListener - Start search element by locator --->By.cssSelector: [href='/login']
99839 [Test worker] INFO  manager.MyListener - The element with locator --->By.cssSelector: [href='/login'] was found
99888 [Test worker] INFO  manager.MyListener - Start search element by locator --->By.xpath: //input[1]
99911 [Test worker] INFO  manager.MyListener - The element with locator --->By.xpath: //input[1] was found
100048 [Test worker] INFO  manager.MyListener - Start search element by locator --->By.xpath: //input[2]
100068 [Test worker] INFO  manager.MyListener - The element with locator --->By.xpath: //input[2] was found
100198 [Test worker] INFO  manager.MyListener - Start search element by locator --->By.xpath: //button[text()=' Registration']
100221 [Test worker] INFO  manager.MyListener - The element with locator --->By.xpath: //button[text()=' Registration'] was found
105278 [Test worker] INFO  manager.MyListener - Start search element by locator --->By.xpath: //button[text()='Sign Out']
105297 [Test worker] INFO  manager.MyListener - Something wrong!!!
105299 [Test worker] INFO  manager.MyListener - unexpected alert open: {Alert text : User already exist}
  (Session info: chrome=102.0.5005.63): User already exist
Build info: version: '3.141.59', revision: 'e82be7d358', time: '2018-11-14T08:17:03'
System info: host: 'DESKTOP-B7SSTIV', ip: '192.168.1.13', os.name: 'Windows 10', os.arch: 'amd64', os.version: '10.0', java.version: '1.8.0_201'
Driver info: org.openqa.selenium.chrome.ChromeDriver
Capabilities {acceptInsecureCerts: false, browserName: chrome, browserVersion: 102.0.5005.63, chrome: {chromedriverVersion: 102.0.5005.27 (df4a85108ffa..., userDataDir: C:\Users\Andrey\AppData\Loc...}, goog:chromeOptions: {debuggerAddress: localhost:61087}, javascriptEnabled: true, networkConnectionEnabled: false, pageLoadStrategy: normal, platform: WINDOWS, platformName: WINDOWS, proxy: Proxy(), setWindowRect: true, strictFileInteractability: false, timeouts: {implicit: 0, pageLoad: 300000, script: 30000}, unhandledPromptBehavior: dismiss and notify, webauthn:extension:credBlob: true, webauthn:extension:largeBlob: true, webauthn:virtualAuthenticators: true}
Session ID: fa71cddffa51ffa301ebd51d861db695
*** Element info: {Using=xpath, value=//button[text()='Sign Out']}
105300 [Test worker] INFO  manager.MyListener - org.openqa.selenium.UnhandledAlertException: unexpected alert open: {Alert text : User already exist}
  (Session info: chrome=102.0.5005.63): User already exist
Build info: version: '3.141.59', revision: 'e82be7d358', time: '2018-11-14T08:17:03'
System info: host: 'DESKTOP-B7SSTIV', ip: '192.168.1.13', os.name: 'Windows 10', os.arch: 'amd64', os.version: '10.0', java.version: '1.8.0_201'
Driver info: org.openqa.selenium.chrome.ChromeDriver
Capabilities {acceptInsecureCerts: false, browserName: chrome, browserVersion: 102.0.5005.63, chrome: {chromedriverVersion: 102.0.5005.27 (df4a85108ffa..., userDataDir: C:\Users\Andrey\AppData\Loc...}, goog:chromeOptions: {debuggerAddress: localhost:61087}, javascriptEnabled: true, networkConnectionEnabled: false, pageLoadStrategy: normal, platform: WINDOWS, platformName: WINDOWS, proxy: Proxy(), setWindowRect: true, strictFileInteractability: false, timeouts: {implicit: 0, pageLoad: 300000, script: 30000}, unhandledPromptBehavior: dismiss and notify, webauthn:extension:credBlob: true, webauthn:extension:largeBlob: true, webauthn:virtualAuthenticators: true}
Session ID: fa71cddffa51ffa301ebd51d861db695
*** Element info: {Using=xpath, value=//button[text()='Sign Out']}
105853 [Test worker] INFO  manager.MyListener - Error screenshot link --->src/test/screenshots/screenshot-380.png
105855 [Test worker] INFO  tests.TestBase - Test endsuccessRegistrationTestNew
105856 [Test worker] INFO  tests.TestBase - Test name ----->successRegistrationTestNew
105857 [Test worker] INFO  manager.MyListener - Start search element by locator --->By.xpath: //button[text()='Sign Out']
110919 [Test worker] INFO  manager.MyListener - The element with locator --->By.xpath: //button[text()='Sign Out'] was found
110920 [Test worker] INFO  manager.MyListener - Start search element by locator --->By.cssSelector: [href='/login']
110941 [Test worker] INFO  manager.MyListener - The element with locator --->By.cssSelector: [href='/login'] was found
110982 [Test worker] INFO  manager.MyListener - Start search element by locator --->By.xpath: //input[1]
111005 [Test worker] INFO  manager.MyListener - The element with locator --->By.xpath: //input[1] was found
111154 [Test worker] INFO  manager.MyListener - Start search element by locator --->By.xpath: //input[2]
111177 [Test worker] INFO  manager.MyListener - The element with locator --->By.xpath: //input[2] was found
111327 [Test worker] INFO  manager.MyListener - Start search element by locator --->By.xpath: //button[text()=' Registration']
111357 [Test worker] INFO  manager.MyListener - The element with locator --->By.xpath: //button[text()=' Registration'] was found
116417 [Test worker] INFO  manager.MyListener - Start search element by locator --->By.xpath: //button[text()='Sign Out']
116436 [Test worker] INFO  manager.MyListener - Something wrong!!!
116436 [Test worker] INFO  manager.MyListener - unexpected alert open: {Alert text : User already exist}
  (Session info: chrome=102.0.5005.63): User already exist
Build info: version: '3.141.59', revision: 'e82be7d358', time: '2018-11-14T08:17:03'
System info: host: 'DESKTOP-B7SSTIV', ip: '192.168.1.13', os.name: 'Windows 10', os.arch: 'amd64', os.version: '10.0', java.version: '1.8.0_201'
Driver info: org.openqa.selenium.chrome.ChromeDriver
Capabilities {acceptInsecureCerts: false, browserName: chrome, browserVersion: 102.0.5005.63, chrome: {chromedriverVersion: 102.0.5005.27 (df4a85108ffa..., userDataDir: C:\Users\Andrey\AppData\Loc...}, goog:chromeOptions: {debuggerAddress: localhost:61087}, javascriptEnabled: true, networkConnectionEnabled: false, pageLoadStrategy: normal, platform: WINDOWS, platformName: WINDOWS, proxy: Proxy(), setWindowRect: true, strictFileInteractability: false, timeouts: {implicit: 0, pageLoad: 300000, script: 30000}, unhandledPromptBehavior: dismiss and notify, webauthn:extension:credBlob: true, webauthn:extension:largeBlob: true, webauthn:virtualAuthenticators: true}
Session ID: fa71cddffa51ffa301ebd51d861db695
*** Element info: {Using=xpath, value=//button[text()='Sign Out']}
116436 [Test worker] INFO  manager.MyListener - org.openqa.selenium.UnhandledAlertException: unexpected alert open: {Alert text : User already exist}
  (Session info: chrome=102.0.5005.63): User already exist
Build info: version: '3.141.59', revision: 'e82be7d358', time: '2018-11-14T08:17:03'
System info: host: 'DESKTOP-B7SSTIV', ip: '192.168.1.13', os.name: 'Windows 10', os.arch: 'amd64', os.version: '10.0', java.version: '1.8.0_201'
Driver info: org.openqa.selenium.chrome.ChromeDriver
Capabilities {acceptInsecureCerts: false, browserName: chrome, browserVersion: 102.0.5005.63, chrome: {chromedriverVersion: 102.0.5005.27 (df4a85108ffa..., userDataDir: C:\Users\Andrey\AppData\Loc...}, goog:chromeOptions: {debuggerAddress: localhost:61087}, javascriptEnabled: true, networkConnectionEnabled: false, pageLoadStrategy: normal, platform: WINDOWS, platformName: WINDOWS, proxy: Proxy(), setWindowRect: true, strictFileInteractability: false, timeouts: {implicit: 0, pageLoad: 300000, script: 30000}, unhandledPromptBehavior: dismiss and notify, webauthn:extension:credBlob: true, webauthn:extension:largeBlob: true, webauthn:virtualAuthenticators: true}
Session ID: fa71cddffa51ffa301ebd51d861db695
*** Element info: {Using=xpath, value=//button[text()='Sign Out']}
116946 [Test worker] INFO  manager.MyListener - Error screenshot link --->src/test/screenshots/screenshot-391.png
116947 [Test worker] INFO  tests.TestBase - Test endsuccessRegistrationTestNew
116948 [Test worker] INFO  tests.TestBase - Test name ----->removeAllContacts
116949 [Test worker] INFO  manager.MyListener - Start search element by locator --->By.xpath: //button[text()='Sign Out']
121963 [Test worker] INFO  manager.MyListener - The element with locator --->By.xpath: //button[text()='Sign Out'] was found
121963 [Test worker] INFO  manager.MyListener - Start search element by locator --->By.cssSelector: [href='/login']
121981 [Test worker] INFO  manager.MyListener - The element with locator --->By.cssSelector: [href='/login'] was found
122020 [Test worker] INFO  manager.MyListener - Start search element by locator --->By.xpath: //input[1]
122044 [Test worker] INFO  manager.MyListener - The element with locator --->By.xpath: //input[1] was found
122200 [Test worker] INFO  manager.MyListener - Start search element by locator --->By.xpath: //input[2]
122213 [Test worker] INFO  manager.MyListener - The element with locator --->By.xpath: //input[2] was found
122360 [Test worker] INFO  manager.MyListener - Start search element by locator --->By.tagName: button
122376 [Test worker] INFO  manager.MyListener - The element with locator --->By.tagName: button was found
122416 [Test worker] INFO  manager.MyListener - Start search element by locator --->By.cssSelector: .contact-item_card__2SOIM
122750 [Test worker] INFO  manager.MyListener - The element with locator --->By.cssSelector: .contact-item_card__2SOIM was found
122751 [Test worker] INFO  manager.MyListener - Start search element by locator --->By.cssSelector: .contact-item_card__2SOIM
122766 [Test worker] INFO  manager.MyListener - The element with locator --->By.cssSelector: .contact-item_card__2SOIM was found
122766 [Test worker] INFO  manager.MyListener - Start search element by locator --->By.cssSelector: .contact-item_card__2SOIM h3
122786 [Test worker] INFO  manager.MyListener - The element with locator --->By.cssSelector: .contact-item_card__2SOIM h3 was found
122788 [Test worker] INFO  manager.MyListener - Start search element by locator --->By.cssSelector: .contact-item_card__2SOIM h3
122801 [Test worker] INFO  manager.MyListener - The element with locator --->By.cssSelector: .contact-item_card__2SOIM h3 was found
122820 [Test worker] INFO  manager.MyListener - Start search element by locator --->By.cssSelector: .contact-item_card__2SOIM
122847 [Test worker] INFO  manager.MyListener - The element with locator --->By.cssSelector: .contact-item_card__2SOIM was found
122903 [Test worker] INFO  manager.MyListener - Start search element by locator --->By.xpath: //button[.='Remove']
122928 [Test worker] INFO  manager.MyListener - The element with locator --->By.xpath: //button[.='Remove'] was found
123467 [Test worker] INFO  manager.MyListener - Start search element by locator --->By.cssSelector: .contact-item_card__2SOIM
123491 [Test worker] INFO  manager.MyListener - The element with locator --->By.cssSelector: .contact-item_card__2SOIM was found
123492 [Test worker] INFO  manager.MyListener - Start search element by locator --->By.cssSelector: .contact-item_card__2SOIM
123509 [Test worker] INFO  manager.MyListener - The element with locator --->By.cssSelector: .contact-item_card__2SOIM was found
123509 [Test worker] INFO  manager.MyListener - Start search element by locator --->By.cssSelector: .contact-item_card__2SOIM
123523 [Test worker] INFO  manager.MyListener - The element with locator --->By.cssSelector: .contact-item_card__2SOIM was found
123523 [Test worker] INFO  manager.MyListener - Start search element by locator --->By.cssSelector: .contact-item_card__2SOIM h3
123548 [Test worker] INFO  manager.MyListener - The element with locator --->By.cssSelector: .contact-item_card__2SOIM h3 was found
123548 [Test worker] INFO  manager.MyListener - Start search element by locator --->By.cssSelector: .contact-item_card__2SOIM h3
123568 [Test worker] INFO  manager.MyListener - The element with locator --->By.cssSelector: .contact-item_card__2SOIM h3 was found
123576 [Test worker] INFO  manager.MyListener - Start search element by locator --->By.cssSelector: .contact-item_card__2SOIM
123586 [Test worker] INFO  manager.MyListener - The element with locator --->By.cssSelector: .contact-item_card__2SOIM was found
123621 [Test worker] INFO  manager.MyListener - Start search element by locator --->By.xpath: //button[.='Remove']
123637 [Test worker] INFO  manager.MyListener - The element with locator --->By.xpath: //button[.='Remove'] was found
124177 [Test worker] INFO  manager.MyListener - Start search element by locator --->By.cssSelector: .contact-item_card__2SOIM
124201 [Test worker] INFO  manager.MyListener - The element with locator --->By.cssSelector: .contact-item_card__2SOIM was found
124201 [Test worker] INFO  manager.MyListener - Start search element by locator --->By.cssSelector: .contact-item_card__2SOIM
124217 [Test worker] INFO  manager.MyListener - The element with locator --->By.cssSelector: .contact-item_card__2SOIM was found
124217 [Test worker] INFO  manager.MyListener - Start search element by locator --->By.cssSelector: .contact-item_card__2SOIM
124233 [Test worker] INFO  manager.MyListener - The element with locator --->By.cssSelector: .contact-item_card__2SOIM was found
124233 [Test worker] INFO  manager.MyListener - Start search element by locator --->By.cssSelector: .contact-item_card__2SOIM h3
124248 [Test worker] INFO  manager.MyListener - The element with locator --->By.cssSelector: .contact-item_card__2SOIM h3 was found
124249 [Test worker] INFO  manager.MyListener - Start search element by locator --->By.cssSelector: .contact-item_card__2SOIM h3
124266 [Test worker] INFO  manager.MyListener - The element with locator --->By.cssSelector: .contact-item_card__2SOIM h3 was found
124273 [Test worker] INFO  manager.MyListener - Start search element by locator --->By.cssSelector: .contact-item_card__2SOIM
124297 [Test worker] INFO  manager.MyListener - The element with locator --->By.cssSelector: .contact-item_card__2SOIM was found
124333 [Test worker] INFO  manager.MyListener - Start search element by locator --->By.xpath: //button[.='Remove']
124348 [Test worker] INFO  manager.MyListener - The element with locator --->By.xpath: //button[.='Remove'] was found
124900 [Test worker] INFO  manager.MyListener - Start search element by locator --->By.cssSelector: .contact-item_card__2SOIM
124923 [Test worker] INFO  manager.MyListener - The element with locator --->By.cssSelector: .contact-item_card__2SOIM was found
124923 [Test worker] INFO  manager.MyListener - Start search element by locator --->By.cssSelector: .contact-item_card__2SOIM
124939 [Test worker] INFO  manager.MyListener - The element with locator --->By.cssSelector: .contact-item_card__2SOIM was found
124939 [Test worker] INFO  manager.MyListener - Start search element by locator --->By.cssSelector: .contact-item_card__2SOIM
124954 [Test worker] INFO  manager.MyListener - The element with locator --->By.cssSelector: .contact-item_card__2SOIM was found
124955 [Test worker] INFO  manager.MyListener - Start search element by locator --->By.cssSelector: .contact-item_card__2SOIM h3
124970 [Test worker] INFO  manager.MyListener - The element with locator --->By.cssSelector: .contact-item_card__2SOIM h3 was found
124971 [Test worker] INFO  manager.MyListener - Start search element by locator --->By.cssSelector: .contact-item_card__2SOIM h3
124988 [Test worker] INFO  manager.MyListener - The element with locator --->By.cssSelector: .contact-item_card__2SOIM h3 was found
124995 [Test worker] INFO  manager.MyListener - Start search element by locator --->By.cssSelector: .contact-item_card__2SOIM
125016 [Test worker] INFO  manager.MyListener - The element with locator --->By.cssSelector: .contact-item_card__2SOIM was found
125050 [Test worker] INFO  manager.MyListener - Start search element by locator --->By.xpath: //button[.='Remove']
125067 [Test worker] INFO  manager.MyListener - The element with locator --->By.xpath: //button[.='Remove'] was found
125606 [Test worker] INFO  manager.MyListener - Start search element by locator --->By.cssSelector: .contact-item_card__2SOIM
125632 [Test worker] INFO  manager.MyListener - The element with locator --->By.cssSelector: .contact-item_card__2SOIM was found
125633 [Test worker] INFO  manager.MyListener - Start search element by locator --->By.cssSelector: .contact-item_card__2SOIM
125645 [Test worker] INFO  manager.MyListener - The element with locator --->By.cssSelector: .contact-item_card__2SOIM was found
125646 [Test worker] INFO  manager.MyListener - Start search element by locator --->By.cssSelector: .contact-item_card__2SOIM
125661 [Test worker] INFO  manager.MyListener - The element with locator --->By.cssSelector: .contact-item_card__2SOIM was found
125661 [Test worker] INFO  manager.MyListener - Start search element by locator --->By.cssSelector: .contact-item_card__2SOIM h3
125677 [Test worker] INFO  manager.MyListener - The element with locator --->By.cssSelector: .contact-item_card__2SOIM h3 was found
125677 [Test worker] INFO  manager.MyListener - Start search element by locator --->By.cssSelector: .contact-item_card__2SOIM h3
125692 [Test worker] INFO  manager.MyListener - The element with locator --->By.cssSelector: .contact-item_card__2SOIM h3 was found
125698 [Test worker] INFO  manager.MyListener - Start search element by locator --->By.cssSelector: .contact-item_card__2SOIM
125714 [Test worker] INFO  manager.MyListener - The element with locator --->By.cssSelector: .contact-item_card__2SOIM was found
125746 [Test worker] INFO  manager.MyListener - Start search element by locator --->By.xpath: //button[.='Remove']
125758 [Test worker] INFO  manager.MyListener - The element with locator --->By.xpath: //button[.='Remove'] was found
126304 [Test worker] INFO  manager.MyListener - Start search element by locator --->By.cssSelector: .contact-item_card__2SOIM
126327 [Test worker] INFO  manager.MyListener - The element with locator --->By.cssSelector: .contact-item_card__2SOIM was found
126327 [Test worker] INFO  manager.MyListener - Start search element by locator --->By.cssSelector: .contact-item_card__2SOIM
126345 [Test worker] INFO  manager.MyListener - The element with locator --->By.cssSelector: .contact-item_card__2SOIM was found
126346 [Test worker] INFO  manager.MyListener - Start search element by locator --->By.cssSelector: .contact-item_card__2SOIM
126358 [Test worker] INFO  manager.MyListener - The element with locator --->By.cssSelector: .contact-item_card__2SOIM was found
126359 [Test worker] INFO  manager.MyListener - Start search element by locator --->By.cssSelector: .contact-item_card__2SOIM h3
126375 [Test worker] INFO  manager.MyListener - The element with locator --->By.cssSelector: .contact-item_card__2SOIM h3 was found
126375 [Test worker] INFO  manager.MyListener - Start search element by locator --->By.cssSelector: .contact-item_card__2SOIM h3
126389 [Test worker] INFO  manager.MyListener - The element with locator --->By.cssSelector: .contact-item_card__2SOIM h3 was found
126396 [Test worker] INFO  manager.MyListener - Start search element by locator --->By.cssSelector: .contact-item_card__2SOIM
126418 [Test worker] INFO  manager.MyListener - The element with locator --->By.cssSelector: .contact-item_card__2SOIM was found
126458 [Test worker] INFO  manager.MyListener - Start search element by locator --->By.xpath: //button[.='Remove']
126469 [Test worker] INFO  manager.MyListener - The element with locator --->By.xpath: //button[.='Remove'] was found
127023 [Test worker] INFO  manager.MyListener - Start search element by locator --->By.cssSelector: .contact-item_card__2SOIM
127046 [Test worker] INFO  manager.MyListener - The element with locator --->By.cssSelector: .contact-item_card__2SOIM was found
127046 [Test worker] INFO  manager.MyListener - Start search element by locator --->By.cssSelector: .contact-item_card__2SOIM
127061 [Test worker] INFO  manager.MyListener - The element with locator --->By.cssSelector: .contact-item_card__2SOIM was found
127061 [Test worker] INFO  manager.MyListener - Start search element by locator --->By.cssSelector: .contact-item_card__2SOIM
127077 [Test worker] INFO  manager.MyListener - The element with locator --->By.cssSelector: .contact-item_card__2SOIM was found
127078 [Test worker] INFO  manager.MyListener - Start search element by locator --->By.cssSelector: .contact-item_card__2SOIM h3
127093 [Test worker] INFO  manager.MyListener - The element with locator --->By.cssSelector: .contact-item_card__2SOIM h3 was found
127093 [Test worker] INFO  manager.MyListener - Start search element by locator --->By.cssSelector: .contact-item_card__2SOIM h3
127111 [Test worker] INFO  manager.MyListener - The element with locator --->By.cssSelector: .contact-item_card__2SOIM h3 was found
127118 [Test worker] INFO  manager.MyListener - Start search element by locator --->By.cssSelector: .contact-item_card__2SOIM
127139 [Test worker] INFO  manager.MyListener - The element with locator --->By.cssSelector: .contact-item_card__2SOIM was found
127180 [Test worker] INFO  manager.MyListener - Start search element by locator --->By.xpath: //button[.='Remove']
127204 [Test worker] INFO  manager.MyListener - The element with locator --->By.xpath: //button[.='Remove'] was found
127759 [Test worker] INFO  manager.MyListener - Start search element by locator --->By.cssSelector: .contact-item_card__2SOIM
127782 [Test worker] INFO  manager.MyListener - The element with locator --->By.cssSelector: .contact-item_card__2SOIM was found
127783 [Test worker] INFO  manager.MyListener - Start search element by locator --->By.cssSelector: .contact-item_card__2SOIM
127797 [Test worker] INFO  manager.MyListener - The element with locator --->By.cssSelector: .contact-item_card__2SOIM was found
127797 [Test worker] INFO  manager.MyListener - Start search element by locator --->By.cssSelector: .contact-item_card__2SOIM
127812 [Test worker] INFO  manager.MyListener - The element with locator --->By.cssSelector: .contact-item_card__2SOIM was found
127813 [Test worker] INFO  manager.MyListener - Start search element by locator --->By.cssSelector: .contact-item_card__2SOIM h3
127830 [Test worker] INFO  manager.MyListener - The element with locator --->By.cssSelector: .contact-item_card__2SOIM h3 was found
127830 [Test worker] INFO  manager.MyListener - Start search element by locator --->By.cssSelector: .contact-item_card__2SOIM h3
127843 [Test worker] INFO  manager.MyListener - The element with locator --->By.cssSelector: .contact-item_card__2SOIM h3 was found
127850 [Test worker] INFO  manager.MyListener - Start search element by locator --->By.cssSelector: .contact-item_card__2SOIM
127858 [Test worker] INFO  manager.MyListener - The element with locator --->By.cssSelector: .contact-item_card__2SOIM was found
127893 [Test worker] INFO  manager.MyListener - Start search element by locator --->By.xpath: //button[.='Remove']
127909 [Test worker] INFO  manager.MyListener - The element with locator --->By.xpath: //button[.='Remove'] was found
128463 [Test worker] INFO  manager.MyListener - Start search element by locator --->By.cssSelector: .contact-item_card__2SOIM
128487 [Test worker] INFO  manager.MyListener - The element with locator --->By.cssSelector: .contact-item_card__2SOIM was found
128487 [Test worker] INFO  manager.MyListener - Start search element by locator --->By.cssSelector: .contact-item_card__2SOIM
128505 [Test worker] INFO  manager.MyListener - The element with locator --->By.cssSelector: .contact-item_card__2SOIM was found
128505 [Test worker] INFO  manager.MyListener - Start search element by locator --->By.cssSelector: .contact-item_card__2SOIM
128519 [Test worker] INFO  manager.MyListener - The element with locator --->By.cssSelector: .contact-item_card__2SOIM was found
128519 [Test worker] INFO  manager.MyListener - Start search element by locator --->By.cssSelector: .contact-item_card__2SOIM h3
128536 [Test worker] INFO  manager.MyListener - The element with locator --->By.cssSelector: .contact-item_card__2SOIM h3 was found
128536 [Test worker] INFO  manager.MyListener - Start search element by locator --->By.cssSelector: .contact-item_card__2SOIM h3
128555 [Test worker] INFO  manager.MyListener - The element with locator --->By.cssSelector: .contact-item_card__2SOIM h3 was found
128563 [Test worker] INFO  manager.MyListener - Start search element by locator --->By.cssSelector: .contact-item_card__2SOIM
128581 [Test worker] INFO  manager.MyListener - The element with locator --->By.cssSelector: .contact-item_card__2SOIM was found
128629 [Test worker] INFO  manager.MyListener - Start search element by locator --->By.xpath: //button[.='Remove']
128642 [Test worker] INFO  manager.MyListener - The element with locator --->By.xpath: //button[.='Remove'] was found
129185 [Test worker] INFO  manager.MyListener - Start search element by locator --->By.cssSelector: .contact-item_card__2SOIM
129209 [Test worker] INFO  manager.MyListener - The element with locator --->By.cssSelector: .contact-item_card__2SOIM was found
129209 [Test worker] INFO  manager.MyListener - Start search element by locator --->By.cssSelector: .contact-item_card__2SOIM
129226 [Test worker] INFO  manager.MyListener - The element with locator --->By.cssSelector: .contact-item_card__2SOIM was found
129226 [Test worker] INFO  manager.MyListener - Start search element by locator --->By.cssSelector: .contact-item_card__2SOIM
129239 [Test worker] INFO  manager.MyListener - The element with locator --->By.cssSelector: .contact-item_card__2SOIM was found
129239 [Test worker] INFO  manager.MyListener - Start search element by locator --->By.cssSelector: .contact-item_card__2SOIM h3
129256 [Test worker] INFO  manager.MyListener - The element with locator --->By.cssSelector: .contact-item_card__2SOIM h3 was found
129256 [Test worker] INFO  manager.MyListener - Start search element by locator --->By.cssSelector: .contact-item_card__2SOIM h3
129270 [Test worker] INFO  manager.MyListener - The element with locator --->By.cssSelector: .contact-item_card__2SOIM h3 was found
129277 [Test worker] INFO  manager.MyListener - Start search element by locator --->By.cssSelector: .contact-item_card__2SOIM
129300 [Test worker] INFO  manager.MyListener - The element with locator --->By.cssSelector: .contact-item_card__2SOIM was found
129334 [Test worker] INFO  manager.MyListener - Start search element by locator --->By.xpath: //button[.='Remove']
129353 [Test worker] INFO  manager.MyListener - The element with locator --->By.xpath: //button[.='Remove'] was found
129891 [Test worker] INFO  manager.MyListener - Start search element by locator --->By.cssSelector: .contact-item_card__2SOIM
129915 [Test worker] INFO  manager.MyListener - The element with locator --->By.cssSelector: .contact-item_card__2SOIM was found
129915 [Test worker] INFO  manager.MyListener - Start search element by locator --->By.cssSelector: .contact-item_card__2SOIM
129930 [Test worker] INFO  manager.MyListener - The element with locator --->By.cssSelector: .contact-item_card__2SOIM was found
129930 [Test worker] INFO  manager.MyListener - Start search element by locator --->By.cssSelector: .contact-item_card__2SOIM
129949 [Test worker] INFO  manager.MyListener - The element with locator --->By.cssSelector: .contact-item_card__2SOIM was found
129949 [Test worker] INFO  manager.MyListener - Start search element by locator --->By.cssSelector: .contact-item_card__2SOIM h3
129962 [Test worker] INFO  manager.MyListener - The element with locator --->By.cssSelector: .contact-item_card__2SOIM h3 was found
129962 [Test worker] INFO  manager.MyListener - Start search element by locator --->By.cssSelector: .contact-item_card__2SOIM h3
129978 [Test worker] INFO  manager.MyListener - The element with locator --->By.cssSelector: .contact-item_card__2SOIM h3 was found
129987 [Test worker] INFO  manager.MyListener - Start search element by locator --->By.cssSelector: .contact-item_card__2SOIM
130009 [Test worker] INFO  manager.MyListener - The element with locator --->By.cssSelector: .contact-item_card__2SOIM was found
130044 [Test worker] INFO  manager.MyListener - Start search element by locator --->By.xpath: //button[.='Remove']
130058 [Test worker] INFO  manager.MyListener - The element with locator --->By.xpath: //button[.='Remove'] was found
130604 [Test worker] INFO  manager.MyListener - Start search element by locator --->By.cssSelector: .contact-item_card__2SOIM
130630 [Test worker] INFO  manager.MyListener - The element with locator --->By.cssSelector: .contact-item_card__2SOIM was found
130631 [Test worker] INFO  manager.MyListener - Start search element by locator --->By.cssSelector: .contact-item_card__2SOIM
130642 [Test worker] INFO  manager.MyListener - The element with locator --->By.cssSelector: .contact-item_card__2SOIM was found
130642 [Test worker] INFO  manager.MyListener - Start search element by locator --->By.cssSelector: .contact-item_card__2SOIM
130658 [Test worker] INFO  manager.MyListener - The element with locator --->By.cssSelector: .contact-item_card__2SOIM was found
130659 [Test worker] INFO  manager.MyListener - Start search element by locator --->By.cssSelector: .contact-item_card__2SOIM h3
130673 [Test worker] INFO  manager.MyListener - The element with locator --->By.cssSelector: .contact-item_card__2SOIM h3 was found
130673 [Test worker] INFO  manager.MyListener - Start search element by locator --->By.cssSelector: .contact-item_card__2SOIM h3
130688 [Test worker] INFO  manager.MyListener - The element with locator --->By.cssSelector: .contact-item_card__2SOIM h3 was found
130695 [Test worker] INFO  manager.MyListener - Start search element by locator --->By.cssSelector: .contact-item_card__2SOIM
130707 [Test worker] INFO  manager.MyListener - The element with locator --->By.cssSelector: .contact-item_card__2SOIM was found
130742 [Test worker] INFO  manager.MyListener - Start search element by locator --->By.xpath: //button[.='Remove']
130768 [Test worker] INFO  manager.MyListener - The element with locator --->By.xpath: //button[.='Remove'] was found
131313 [Test worker] INFO  manager.MyListener - Start search element by locator --->By.cssSelector: .contact-item_card__2SOIM
131336 [Test worker] INFO  manager.MyListener - The element with locator --->By.cssSelector: .contact-item_card__2SOIM was found
131337 [Test worker] INFO  manager.MyListener - Start search element by locator --->By.cssSelector: .contact-item_card__2SOIM
131352 [Test worker] INFO  manager.MyListener - The element with locator --->By.cssSelector: .contact-item_card__2SOIM was found
131352 [Test worker] INFO  manager.MyListener - Start search element by locator --->By.cssSelector: .contact-item_card__2SOIM
131368 [Test worker] INFO  manager.MyListener - The element with locator --->By.cssSelector: .contact-item_card__2SOIM was found
131368 [Test worker] INFO  manager.MyListener - Start search element by locator --->By.cssSelector: .contact-item_card__2SOIM h3
131386 [Test worker] INFO  manager.MyListener - The element with locator --->By.cssSelector: .contact-item_card__2SOIM h3 was found
131386 [Test worker] INFO  manager.MyListener - Start search element by locator --->By.cssSelector: .contact-item_card__2SOIM h3
131399 [Test worker] INFO  manager.MyListener - The element with locator --->By.cssSelector: .contact-item_card__2SOIM h3 was found
131406 [Test worker] INFO  manager.MyListener - Start search element by locator --->By.cssSelector: .contact-item_card__2SOIM
131415 [Test worker] INFO  manager.MyListener - The element with locator --->By.cssSelector: .contact-item_card__2SOIM was found
131451 [Test worker] INFO  manager.MyListener - Start search element by locator --->By.xpath: //button[.='Remove']
131469 [Test worker] INFO  manager.MyListener - The element with locator --->By.xpath: //button[.='Remove'] was found
132006 [Test worker] INFO  manager.MyListener - Start search element by locator --->By.cssSelector: .contact-item_card__2SOIM
132032 [Test worker] INFO  manager.MyListener - The element with locator --->By.cssSelector: .contact-item_card__2SOIM was found
132032 [Test worker] INFO  manager.MyListener - Start search element by locator --->By.cssSelector: .contact-item_card__2SOIM
132043 [Test worker] INFO  manager.MyListener - The element with locator --->By.cssSelector: .contact-item_card__2SOIM was found
132043 [Test worker] INFO  manager.MyListener - Start search element by locator --->By.cssSelector: .contact-item_card__2SOIM
132059 [Test worker] INFO  manager.MyListener - The element with locator --->By.cssSelector: .contact-item_card__2SOIM was found
132059 [Test worker] INFO  manager.MyListener - Start search element by locator --->By.cssSelector: .contact-item_card__2SOIM h3
132075 [Test worker] INFO  manager.MyListener - The element with locator --->By.cssSelector: .contact-item_card__2SOIM h3 was found
132075 [Test worker] INFO  manager.MyListener - Start search element by locator --->By.cssSelector: .contact-item_card__2SOIM h3
132090 [Test worker] INFO  manager.MyListener - The element with locator --->By.cssSelector: .contact-item_card__2SOIM h3 was found
132097 [Test worker] INFO  manager.MyListener - Start search element by locator --->By.cssSelector: .contact-item_card__2SOIM
132108 [Test worker] INFO  manager.MyListener - The element with locator --->By.cssSelector: .contact-item_card__2SOIM was found
132147 [Test worker] INFO  manager.MyListener - Start search element by locator --->By.xpath: //button[.='Remove']
132171 [Test worker] INFO  manager.MyListener - The element with locator --->By.xpath: //button[.='Remove'] was found
132718 [Test worker] INFO  manager.MyListener - Start search element by locator --->By.cssSelector: .contact-item_card__2SOIM
132741 [Test worker] INFO  manager.MyListener - The element with locator --->By.cssSelector: .contact-item_card__2SOIM was found
132741 [Test worker] INFO  manager.MyListener - Start search element by locator --->By.cssSelector: .contact-item_card__2SOIM
132757 [Test worker] INFO  manager.MyListener - The element with locator --->By.cssSelector: .contact-item_card__2SOIM was found
132757 [Test worker] INFO  manager.MyListener - Start search element by locator --->By.cssSelector: .contact-item_card__2SOIM
132773 [Test worker] INFO  manager.MyListener - The element with locator --->By.cssSelector: .contact-item_card__2SOIM was found
132773 [Test worker] INFO  manager.MyListener - Start search element by locator --->By.cssSelector: .contact-item_card__2SOIM h3
132792 [Test worker] INFO  manager.MyListener - The element with locator --->By.cssSelector: .contact-item_card__2SOIM h3 was found
132792 [Test worker] INFO  manager.MyListener - Start search element by locator --->By.cssSelector: .contact-item_card__2SOIM h3
132804 [Test worker] INFO  manager.MyListener - The element with locator --->By.cssSelector: .contact-item_card__2SOIM h3 was found
132811 [Test worker] INFO  manager.MyListener - Start search element by locator --->By.cssSelector: .contact-item_card__2SOIM
132820 [Test worker] INFO  manager.MyListener - The element with locator --->By.cssSelector: .contact-item_card__2SOIM was found
132857 [Test worker] INFO  manager.MyListener - Start search element by locator --->By.xpath: //button[.='Remove']
132872 [Test worker] INFO  manager.MyListener - The element with locator --->By.xpath: //button[.='Remove'] was found
133415 [Test worker] INFO  manager.MyListener - Start search element by locator --->By.cssSelector: .contact-item_card__2SOIM
133438 [Test worker] INFO  manager.MyListener - The element with locator --->By.cssSelector: .contact-item_card__2SOIM was found
133438 [Test worker] INFO  manager.MyListener - Start search element by locator --->By.cssSelector: .contact-item_card__2SOIM
133453 [Test worker] INFO  manager.MyListener - The element with locator --->By.cssSelector: .contact-item_card__2SOIM was found
133454 [Test worker] INFO  manager.MyListener - Start search element by locator --->By.cssSelector: .contact-item_card__2SOIM
133471 [Test worker] INFO  manager.MyListener - The element with locator --->By.cssSelector: .contact-item_card__2SOIM was found
133471 [Test worker] INFO  manager.MyListener - Start search element by locator --->By.cssSelector: .contact-item_card__2SOIM h3
133485 [Test worker] INFO  manager.MyListener - The element with locator --->By.cssSelector: .contact-item_card__2SOIM h3 was found
133485 [Test worker] INFO  manager.MyListener - Start search element by locator --->By.cssSelector: .contact-item_card__2SOIM h3
133498 [Test worker] INFO  manager.MyListener - The element with locator --->By.cssSelector: .contact-item_card__2SOIM h3 was found
133508 [Test worker] INFO  manager.MyListener - Start search element by locator --->By.cssSelector: .contact-item_card__2SOIM
133530 [Test worker] INFO  manager.MyListener - The element with locator --->By.cssSelector: .contact-item_card__2SOIM was found
133579 [Test worker] INFO  manager.MyListener - Start search element by locator --->By.xpath: //button[.='Remove']
133594 [Test worker] INFO  manager.MyListener - The element with locator --->By.xpath: //button[.='Remove'] was found
134139 [Test worker] INFO  manager.MyListener - Start search element by locator --->By.cssSelector: .contact-item_card__2SOIM
134161 [Test worker] INFO  manager.MyListener - The element with locator --->By.cssSelector: .contact-item_card__2SOIM was found
134161 [Test worker] INFO  manager.MyListener - Start search element by locator --->By.cssSelector: .contact-item_card__2SOIM
134176 [Test worker] INFO  manager.MyListener - The element with locator --->By.cssSelector: .contact-item_card__2SOIM was found
134177 [Test worker] INFO  manager.MyListener - Start search element by locator --->By.cssSelector: .contact-item_card__2SOIM
134192 [Test worker] INFO  manager.MyListener - The element with locator --->By.cssSelector: .contact-item_card__2SOIM was found
134192 [Test worker] INFO  manager.MyListener - Start search element by locator --->By.cssSelector: .contact-item_card__2SOIM h3
134209 [Test worker] INFO  manager.MyListener - The element with locator --->By.cssSelector: .contact-item_card__2SOIM h3 was found
134209 [Test worker] INFO  manager.MyListener - Start search element by locator --->By.cssSelector: .contact-item_card__2SOIM h3
134227 [Test worker] INFO  manager.MyListener - The element with locator --->By.cssSelector: .contact-item_card__2SOIM h3 was found
134234 [Test worker] INFO  manager.MyListener - Start search element by locator --->By.cssSelector: .contact-item_card__2SOIM
134256 [Test worker] INFO  manager.MyListener - The element with locator --->By.cssSelector: .contact-item_card__2SOIM was found
134294 [Test worker] INFO  manager.MyListener - Start search element by locator --->By.xpath: //button[.='Remove']
134307 [Test worker] INFO  manager.MyListener - The element with locator --->By.xpath: //button[.='Remove'] was found
134863 [Test worker] INFO  manager.MyListener - Start search element by locator --->By.cssSelector: .contact-item_card__2SOIM
134886 [Test worker] INFO  manager.MyListener - The element with locator --->By.cssSelector: .contact-item_card__2SOIM was found
134886 [Test worker] INFO  manager.MyListener - Start search element by locator --->By.cssSelector: .contact-item_card__2SOIM
134901 [Test worker] INFO  manager.MyListener - The element with locator --->By.cssSelector: .contact-item_card__2SOIM was found
134902 [Test worker] INFO  manager.MyListener - Start search element by locator --->By.cssSelector: .contact-item_card__2SOIM
134917 [Test worker] INFO  manager.MyListener - The element with locator --->By.cssSelector: .contact-item_card__2SOIM was found
134917 [Test worker] INFO  manager.MyListener - Start search element by locator --->By.cssSelector: .contact-item_card__2SOIM h3
134932 [Test worker] INFO  manager.MyListener - The element with locator --->By.cssSelector: .contact-item_card__2SOIM h3 was found
134932 [Test worker] INFO  manager.MyListener - Start search element by locator --->By.cssSelector: .contact-item_card__2SOIM h3
134949 [Test worker] INFO  manager.MyListener - The element with locator --->By.cssSelector: .contact-item_card__2SOIM h3 was found
134955 [Test worker] INFO  manager.MyListener - Start search element by locator --->By.cssSelector: .contact-item_card__2SOIM
134963 [Test worker] INFO  manager.MyListener - The element with locator --->By.cssSelector: .contact-item_card__2SOIM was found
135000 [Test worker] INFO  manager.MyListener - Start search element by locator --->By.xpath: //button[.='Remove']
135012 [Test worker] INFO  manager.MyListener - The element with locator --->By.xpath: //button[.='Remove'] was found
135556 [Test worker] INFO  manager.MyListener - Start search element by locator --->By.cssSelector: .contact-item_card__2SOIM
135579 [Test worker] INFO  manager.MyListener - The element with locator --->By.cssSelector: .contact-item_card__2SOIM was found
135579 [Test worker] INFO  manager.MyListener - Start search element by locator --->By.cssSelector: .contact-item_card__2SOIM
135595 [Test worker] INFO  manager.MyListener - The element with locator --->By.cssSelector: .contact-item_card__2SOIM was found
135595 [Test worker] INFO  manager.MyListener - Start search element by locator --->By.cssSelector: .contact-item_card__2SOIM
135611 [Test worker] INFO  manager.MyListener - The element with locator --->By.cssSelector: .contact-item_card__2SOIM was found
135611 [Test worker] INFO  manager.MyListener - Start search element by locator --->By.cssSelector: .contact-item_card__2SOIM h3
135629 [Test worker] INFO  manager.MyListener - The element with locator --->By.cssSelector: .contact-item_card__2SOIM h3 was found
135630 [Test worker] INFO  manager.MyListener - Start search element by locator --->By.cssSelector: .contact-item_card__2SOIM h3
135642 [Test worker] INFO  manager.MyListener - The element with locator --->By.cssSelector: .contact-item_card__2SOIM h3 was found
135648 [Test worker] INFO  manager.MyListener - Start search element by locator --->By.cssSelector: .contact-item_card__2SOIM
135658 [Test worker] INFO  manager.MyListener - The element with locator --->By.cssSelector: .contact-item_card__2SOIM was found
135695 [Test worker] INFO  manager.MyListener - Start search element by locator --->By.xpath: //button[.='Remove']
135710 [Test worker] INFO  manager.MyListener - The element with locator --->By.xpath: //button[.='Remove'] was found
136251 [Test worker] INFO  manager.MyListener - Start search element by locator --->By.cssSelector: .contact-item_card__2SOIM
136274 [Test worker] INFO  manager.MyListener - The element with locator --->By.cssSelector: .contact-item_card__2SOIM was found
136274 [Test worker] INFO  manager.MyListener - Start search element by locator --->By.cssSelector: .contact-item_card__2SOIM
136289 [Test worker] INFO  manager.MyListener - The element with locator --->By.cssSelector: .contact-item_card__2SOIM was found
136289 [Test worker] INFO  manager.MyListener - Start search element by locator --->By.cssSelector: .contact-item_card__2SOIM
136308 [Test worker] INFO  manager.MyListener - The element with locator --->By.cssSelector: .contact-item_card__2SOIM was found
136308 [Test worker] INFO  manager.MyListener - Start search element by locator --->By.cssSelector: .contact-item_card__2SOIM h3
136321 [Test worker] INFO  manager.MyListener - The element with locator --->By.cssSelector: .contact-item_card__2SOIM h3 was found
136321 [Test worker] INFO  manager.MyListener - Start search element by locator --->By.cssSelector: .contact-item_card__2SOIM h3
136337 [Test worker] INFO  manager.MyListener - The element with locator --->By.cssSelector: .contact-item_card__2SOIM h3 was found
136346 [Test worker] INFO  manager.MyListener - Start search element by locator --->By.cssSelector: .contact-item_card__2SOIM
136369 [Test worker] INFO  manager.MyListener - The element with locator --->By.cssSelector: .contact-item_card__2SOIM was found
136408 [Test worker] INFO  manager.MyListener - Start search element by locator --->By.xpath: //button[.='Remove']
136417 [Test worker] INFO  manager.MyListener - The element with locator --->By.xpath: //button[.='Remove'] was found
136963 [Test worker] INFO  manager.MyListener - Start search element by locator --->By.cssSelector: .contact-item_card__2SOIM
136988 [Test worker] INFO  manager.MyListener - The element with locator --->By.cssSelector: .contact-item_card__2SOIM was found
136988 [Test worker] INFO  manager.MyListener - Start search element by locator --->By.cssSelector: .contact-item_card__2SOIM
137001 [Test worker] INFO  manager.MyListener - The element with locator --->By.cssSelector: .contact-item_card__2SOIM was found
137001 [Test worker] INFO  manager.MyListener - Start search element by locator --->By.cssSelector: .contact-item_card__2SOIM
137026 [Test worker] INFO  manager.MyListener - The element with locator --->By.cssSelector: .contact-item_card__2SOIM was found
137027 [Test worker] INFO  manager.MyListener - Start search element by locator --->By.cssSelector: .contact-item_card__2SOIM h3
137049 [Test worker] INFO  manager.MyListener - The element with locator --->By.cssSelector: .contact-item_card__2SOIM h3 was found
137049 [Test worker] INFO  manager.MyListener - Start search element by locator --->By.cssSelector: .contact-item_card__2SOIM h3
137067 [Test worker] INFO  manager.MyListener - The element with locator --->By.cssSelector: .contact-item_card__2SOIM h3 was found
137074 [Test worker] INFO  manager.MyListener - Start search element by locator --->By.cssSelector: .contact-item_card__2SOIM
137096 [Test worker] INFO  manager.MyListener - The element with locator --->By.cssSelector: .contact-item_card__2SOIM was found
137131 [Test worker] INFO  manager.MyListener - Start search element by locator --->By.xpath: //button[.='Remove']
137149 [Test worker] INFO  manager.MyListener - The element with locator --->By.xpath: //button[.='Remove'] was found
137703 [Test worker] INFO  manager.MyListener - Start search element by locator --->By.cssSelector: .contact-item_card__2SOIM
137726 [Test worker] INFO  manager.MyListener - The element with locator --->By.cssSelector: .contact-item_card__2SOIM was found
137726 [Test worker] INFO  manager.MyListener - Start search element by locator --->By.cssSelector: .contact-item_card__2SOIM
137740 [Test worker] INFO  manager.MyListener - The element with locator --->By.cssSelector: .contact-item_card__2SOIM was found
137740 [Test worker] INFO  manager.MyListener - Start search element by locator --->By.cssSelector: .contact-item_card__2SOIM
137756 [Test worker] INFO  manager.MyListener - The element with locator --->By.cssSelector: .contact-item_card__2SOIM was found
137756 [Test worker] INFO  manager.MyListener - Start search element by locator --->By.cssSelector: .contact-item_card__2SOIM h3
137772 [Test worker] INFO  manager.MyListener - The element with locator --->By.cssSelector: .contact-item_card__2SOIM h3 was found
137772 [Test worker] INFO  manager.MyListener - Start search element by locator --->By.cssSelector: .contact-item_card__2SOIM h3
137791 [Test worker] INFO  manager.MyListener - The element with locator --->By.cssSelector: .contact-item_card__2SOIM h3 was found
137797 [Test worker] INFO  manager.MyListener - Start search element by locator --->By.cssSelector: .contact-item_card__2SOIM
137819 [Test worker] INFO  manager.MyListener - The element with locator --->By.cssSelector: .contact-item_card__2SOIM was found
137861 [Test worker] INFO  manager.MyListener - Start search element by locator --->By.xpath: //button[.='Remove']
137884 [Test worker] INFO  manager.MyListener - The element with locator --->By.xpath: //button[.='Remove'] was found
138442 [Test worker] INFO  manager.MyListener - Start search element by locator --->By.cssSelector: .contact-item_card__2SOIM
138468 [Test worker] INFO  manager.MyListener - The element with locator --->By.cssSelector: .contact-item_card__2SOIM was found
138468 [Test worker] INFO  manager.MyListener - Start search element by locator --->By.cssSelector: .contact-item_card__2SOIM
138480 [Test worker] INFO  manager.MyListener - The element with locator --->By.cssSelector: .contact-item_card__2SOIM was found
138480 [Test worker] INFO  manager.MyListener - Start search element by locator --->By.cssSelector: .contact-item_card__2SOIM
138496 [Test worker] INFO  manager.MyListener - The element with locator --->By.cssSelector: .contact-item_card__2SOIM was found
138496 [Test worker] INFO  manager.MyListener - Start search element by locator --->By.cssSelector: .contact-item_card__2SOIM h3
138513 [Test worker] INFO  manager.MyListener - The element with locator --->By.cssSelector: .contact-item_card__2SOIM h3 was found
138513 [Test worker] INFO  manager.MyListener - Start search element by locator --->By.cssSelector: .contact-item_card__2SOIM h3
138527 [Test worker] INFO  manager.MyListener - The element with locator --->By.cssSelector: .contact-item_card__2SOIM h3 was found
138534 [Test worker] INFO  manager.MyListener - Start search element by locator --->By.cssSelector: .contact-item_card__2SOIM
138546 [Test worker] INFO  manager.MyListener - The element with locator --->By.cssSelector: .contact-item_card__2SOIM was found
138579 [Test worker] INFO  manager.MyListener - Start search element by locator --->By.xpath: //button[.='Remove']
138595 [Test worker] INFO  manager.MyListener - The element with locator --->By.xpath: //button[.='Remove'] was found
139142 [Test worker] INFO  manager.MyListener - Start search element by locator --->By.cssSelector: .contact-item_card__2SOIM
139165 [Test worker] INFO  manager.MyListener - The element with locator --->By.cssSelector: .contact-item_card__2SOIM was found
139165 [Test worker] INFO  manager.MyListener - Start search element by locator --->By.cssSelector: .contact-item_card__2SOIM
139180 [Test worker] INFO  manager.MyListener - The element with locator --->By.cssSelector: .contact-item_card__2SOIM was found
139180 [Test worker] INFO  manager.MyListener - Start search element by locator --->By.cssSelector: .contact-item_card__2SOIM
139196 [Test worker] INFO  manager.MyListener - The element with locator --->By.cssSelector: .contact-item_card__2SOIM was found
139196 [Test worker] INFO  manager.MyListener - Start search element by locator --->By.cssSelector: .contact-item_card__2SOIM h3
139212 [Test worker] INFO  manager.MyListener - The element with locator --->By.cssSelector: .contact-item_card__2SOIM h3 was found
139212 [Test worker] INFO  manager.MyListener - Start search element by locator --->By.cssSelector: .contact-item_card__2SOIM h3
139231 [Test worker] INFO  manager.MyListener - The element with locator --->By.cssSelector: .contact-item_card__2SOIM h3 was found
139238 [Test worker] INFO  manager.MyListener - Start search element by locator --->By.cssSelector: .contact-item_card__2SOIM
139258 [Test worker] INFO  manager.MyListener - The element with locator --->By.cssSelector: .contact-item_card__2SOIM was found
139297 [Test worker] INFO  manager.MyListener - Start search element by locator --->By.xpath: //button[.='Remove']
139322 [Test worker] INFO  manager.MyListener - The element with locator --->By.xpath: //button[.='Remove'] was found
139867 [Test worker] INFO  manager.MyListener - Start search element by locator --->By.cssSelector: .contact-item_card__2SOIM
139890 [Test worker] INFO  manager.MyListener - The element with locator --->By.cssSelector: .contact-item_card__2SOIM was found
139890 [Test worker] INFO  manager.MyListener - Start search element by locator --->By.cssSelector: .contact-item_card__2SOIM
139908 [Test worker] INFO  manager.MyListener - The element with locator --->By.cssSelector: .contact-item_card__2SOIM was found
139908 [Test worker] INFO  manager.MyListener - Start search element by locator --->By.cssSelector: .contact-item_card__2SOIM
139921 [Test worker] INFO  manager.MyListener - The element with locator --->By.cssSelector: .contact-item_card__2SOIM was found
139921 [Test worker] INFO  manager.MyListener - Start search element by locator --->By.cssSelector: .contact-item_card__2SOIM h3
139937 [Test worker] INFO  manager.MyListener - The element with locator --->By.cssSelector: .contact-item_card__2SOIM h3 was found
139937 [Test worker] INFO  manager.MyListener - Start search element by locator --->By.cssSelector: .contact-item_card__2SOIM h3
139953 [Test worker] INFO  manager.MyListener - The element with locator --->By.cssSelector: .contact-item_card__2SOIM h3 was found
139959 [Test worker] INFO  manager.MyListener - Start search element by locator --->By.cssSelector: .contact-item_card__2SOIM
139969 [Test worker] INFO  manager.MyListener - The element with locator --->By.cssSelector: .contact-item_card__2SOIM was found
140003 [Test worker] INFO  manager.MyListener - Start search element by locator --->By.xpath: //button[.='Remove']
140017 [Test worker] INFO  manager.MyListener - The element with locator --->By.xpath: //button[.='Remove'] was found
140562 [Test worker] INFO  manager.MyListener - Start search element by locator --->By.cssSelector: .contact-item_card__2SOIM
140587 [Test worker] INFO  manager.MyListener - The element with locator --->By.cssSelector: .contact-item_card__2SOIM was found
140587 [Test worker] INFO  manager.MyListener - Start search element by locator --->By.cssSelector: .contact-item_card__2SOIM
140600 [Test worker] INFO  manager.MyListener - The element with locator --->By.cssSelector: .contact-item_card__2SOIM was found
140600 [Test worker] INFO  manager.MyListener - Start search element by locator --->By.cssSelector: .contact-item_card__2SOIM
140615 [Test worker] INFO  manager.MyListener - The element with locator --->By.cssSelector: .contact-item_card__2SOIM was found
140615 [Test worker] INFO  manager.MyListener - Start search element by locator --->By.cssSelector: .contact-item_card__2SOIM h3
140632 [Test worker] INFO  manager.MyListener - The element with locator --->By.cssSelector: .contact-item_card__2SOIM h3 was found
140632 [Test worker] INFO  manager.MyListener - Start search element by locator --->By.cssSelector: .contact-item_card__2SOIM h3
140645 [Test worker] INFO  manager.MyListener - The element with locator --->By.cssSelector: .contact-item_card__2SOIM h3 was found
140651 [Test worker] INFO  manager.MyListener - Start search element by locator --->By.cssSelector: .contact-item_card__2SOIM
140661 [Test worker] INFO  manager.MyListener - The element with locator --->By.cssSelector: .contact-item_card__2SOIM was found
140707 [Test worker] INFO  manager.MyListener - Start search element by locator --->By.xpath: //button[.='Remove']
140727 [Test worker] INFO  manager.MyListener - The element with locator --->By.xpath: //button[.='Remove'] was found
141282 [Test worker] INFO  manager.MyListener - Start search element by locator --->By.cssSelector: .contact-item_card__2SOIM
141308 [Test worker] INFO  manager.MyListener - The element with locator --->By.cssSelector: .contact-item_card__2SOIM was found
141308 [Test worker] INFO  manager.MyListener - Start search element by locator --->By.cssSelector: .contact-item_card__2SOIM
141317 [Test worker] INFO  manager.MyListener - The element with locator --->By.cssSelector: .contact-item_card__2SOIM was found
141317 [Test worker] INFO  manager.MyListener - Start search element by locator --->By.cssSelector: .contact-item_card__2SOIM
141334 [Test worker] INFO  manager.MyListener - The element with locator --->By.cssSelector: .contact-item_card__2SOIM was found
141334 [Test worker] INFO  manager.MyListener - Start search element by locator --->By.cssSelector: .contact-item_card__2SOIM h3
146347 [Test worker] INFO  manager.MyListener - The element with locator --->By.cssSelector: .contact-item_card__2SOIM h3 was found
146347 [Test worker] INFO  manager.MyListener - Start search element by locator --->By.cssSelector: .contact-item_card__2SOIM
151367 [Test worker] INFO  manager.MyListener - The element with locator --->By.cssSelector: .contact-item_card__2SOIM was found
151367 [Test worker] INFO  manager.MyListener - Start search element by locator --->By.cssSelector: .contact-item_card__2SOIM
156435 [Test worker] INFO  manager.MyListener - The element with locator --->By.cssSelector: .contact-item_card__2SOIM was found
156436 [Test worker] INFO  tests.TestBase - Test endremoveAllContacts
156437 [Test worker] INFO  tests.TestBase - Test name ----->removeOneContact
156438 [Test worker] INFO  manager.MyListener - Start search element by locator --->By.xpath: //button[text()='Sign Out']
156457 [Test worker] INFO  manager.MyListener - The element with locator --->By.xpath: //button[text()='Sign Out'] was found
156457 [Test worker] INFO  manager.MyListener - Start search element by locator --->By.cssSelector: .contact-item_card__2SOIM
161529 [Test worker] INFO  manager.MyListener - Something wrong!!!
161529 [Test worker] INFO  manager.MyListener - no such element: Unable to locate element: {"method":"css selector","selector":".contact-item_card__2SOIM"}
  (Session info: chrome=102.0.5005.63)
For documentation on this error, please visit: https://www.seleniumhq.org/exceptions/no_such_element.html
Build info: version: '3.141.59', revision: 'e82be7d358', time: '2018-11-14T08:17:03'
System info: host: 'DESKTOP-B7SSTIV', ip: '192.168.1.13', os.name: 'Windows 10', os.arch: 'amd64', os.version: '10.0', java.version: '1.8.0_201'
Driver info: org.openqa.selenium.chrome.ChromeDriver
Capabilities {acceptInsecureCerts: false, browserName: chrome, browserVersion: 102.0.5005.63, chrome: {chromedriverVersion: 102.0.5005.27 (df4a85108ffa..., userDataDir: C:\Users\Andrey\AppData\Loc...}, goog:chromeOptions: {debuggerAddress: localhost:61087}, javascriptEnabled: true, networkConnectionEnabled: false, pageLoadStrategy: normal, platform: WINDOWS, platformName: WINDOWS, proxy: Proxy(), setWindowRect: true, strictFileInteractability: false, timeouts: {implicit: 0, pageLoad: 300000, script: 30000}, unhandledPromptBehavior: dismiss and notify, webauthn:extension:credBlob: true, webauthn:extension:largeBlob: true, webauthn:virtualAuthenticators: true}
Session ID: fa71cddffa51ffa301ebd51d861db695
*** Element info: {Using=css selector, value=.contact-item_card__2SOIM}
161529 [Test worker] INFO  manager.MyListener - org.openqa.selenium.NoSuchElementException: no such element: Unable to locate element: {"method":"css selector","selector":".contact-item_card__2SOIM"}
  (Session info: chrome=102.0.5005.63)
For documentation on this error, please visit: https://www.seleniumhq.org/exceptions/no_such_element.html
Build info: version: '3.141.59', revision: 'e82be7d358', time: '2018-11-14T08:17:03'
System info: host: 'DESKTOP-B7SSTIV', ip: '192.168.1.13', os.name: 'Windows 10', os.arch: 'amd64', os.version: '10.0', java.version: '1.8.0_201'
Driver info: org.openqa.selenium.chrome.ChromeDriver
Capabilities {acceptInsecureCerts: false, browserName: chrome, browserVersion: 102.0.5005.63, chrome: {chromedriverVersion: 102.0.5005.27 (df4a85108ffa..., userDataDir: C:\Users\Andrey\AppData\Loc...}, goog:chromeOptions: {debuggerAddress: localhost:61087}, javascriptEnabled: true, networkConnectionEnabled: false, pageLoadStrategy: normal, platform: WINDOWS, platformName: WINDOWS, proxy: Proxy(), setWindowRect: true, strictFileInteractability: false, timeouts: {implicit: 0, pageLoad: 300000, script: 30000}, unhandledPromptBehavior: dismiss and notify, webauthn:extension:credBlob: true, webauthn:extension:largeBlob: true, webauthn:virtualAuthenticators: true}
Session ID: fa71cddffa51ffa301ebd51d861db695
*** Element info: {Using=css selector, value=.contact-item_card__2SOIM}
161989 [Test worker] INFO  manager.MyListener - Error screenshot link --->src/test/screenshots/screenshot-436.png
161990 [Test worker] INFO  tests.TestBase - Test endremoveOneContact
