3606 [Test worker] INFO  manager.ApplicationManager - All tests starts in 'Chrome' browser
4780 [Test worker] INFO  tests.TestBase - Test name ----->addNewContactSuccess
4783 [Test worker] INFO  manager.MyListener - Start search element by locator --->By.xpath: //button[text()='Sign Out']
9860 [Test worker] INFO  manager.MyListener - The element with locator --->By.xpath: //button[text()='Sign Out'] was found
9861 [Test worker] INFO  manager.MyListener - Start search element by locator --->By.cssSelector: [href='/login']
9879 [Test worker] INFO  manager.MyListener - The element with locator --->By.cssSelector: [href='/login'] was found
10002 [Test worker] INFO  manager.MyListener - Start search element by locator --->By.xpath: //input[1]
10069 [Test worker] INFO  manager.MyListener - The element with locator --->By.xpath: //input[1] was found
10319 [Test worker] INFO  manager.MyListener - Start search element by locator --->By.xpath: //input[2]
10352 [Test worker] INFO  manager.MyListener - The element with locator --->By.xpath: //input[2] was found
10539 [Test worker] INFO  manager.MyListener - Start search element by locator --->By.tagName: button
10564 [Test worker] INFO  manager.MyListener - The element with locator --->By.tagName: button was found
10637 [Test worker] INFO  manager.MyListener - Start search element by locator --->By.cssSelector: .contact-item_card__2SOIM
15702 [Test worker] INFO  manager.MyListener - The element with locator --->By.cssSelector: .contact-item_card__2SOIM was found
15702 [Test worker] INFO  tests.TestBase - The test 'Add new contact starts with count of contact---->0
15703 [Test worker] INFO  manager.MyListener - Start search element by locator --->By.cssSelector: [href='/add']
15724 [Test worker] INFO  manager.MyListener - The element with locator --->By.cssSelector: [href='/add'] was found
15776 [Test worker] INFO  manager.MyListener - Start search element by locator --->By.cssSelector: [placeholder='Name']
15805 [Test worker] INFO  manager.MyListener - The element with locator --->By.cssSelector: [placeholder='Name'] was found
15931 [Test worker] INFO  manager.MyListener - Start search element by locator --->By.cssSelector: [placeholder='Last Name']
15958 [Test worker] INFO  manager.MyListener - The element with locator --->By.cssSelector: [placeholder='Last Name'] was found
16091 [Test worker] INFO  manager.MyListener - Start search element by locator --->By.cssSelector: [placeholder='Phone']
16119 [Test worker] INFO  manager.MyListener - The element with locator --->By.cssSelector: [placeholder='Phone'] was found
16275 [Test worker] INFO  manager.MyListener - Start search element by locator --->By.cssSelector: [placeholder='email']
16302 [Test worker] INFO  manager.MyListener - The element with locator --->By.cssSelector: [placeholder='email'] was found
16452 [Test worker] INFO  manager.MyListener - Start search element by locator --->By.cssSelector: [placeholder='Address']
16471 [Test worker] INFO  manager.MyListener - The element with locator --->By.cssSelector: [placeholder='Address'] was found
16623 [Test worker] INFO  manager.MyListener - Start search element by locator --->By.cssSelector: [placeholder='description']
16643 [Test worker] INFO  manager.MyListener - The element with locator --->By.cssSelector: [placeholder='description'] was found
16783 [Test worker] INFO  manager.MyListener - Start search element by locator --->By.cssSelector: .add_form__2rsm2 button
16797 [Test worker] INFO  manager.MyListener - The element with locator --->By.cssSelector: .add_form__2rsm2 button was found
19845 [Test worker] INFO  manager.MyListener - Start search element by locator --->By.cssSelector: .contact-item_card__2SOIM
19868 [Test worker] INFO  manager.MyListener - The element with locator --->By.cssSelector: .contact-item_card__2SOIM was found
19868 [Test worker] INFO  tests.TestBase - The test 'Add new contact' ends with count of contact in the end --->1
21872 [Test worker] INFO  manager.MyListener - Start search element by locator --->By.cssSelector: h2
21897 [Test worker] INFO  manager.MyListener - The element with locator --->By.cssSelector: h2 was found
21913 [Test worker] INFO  manager.MyListener - Start search element by locator --->By.cssSelector: h3
21929 [Test worker] INFO  manager.MyListener - The element with locator --->By.cssSelector: h3 was found
21942 [Test worker] INFO  tests.TestBase - Test endaddNewContactSuccess
21943 [Test worker] INFO  tests.TestBase - Test name ----->addNewContactSuccessNew
21944 [Test worker] INFO  manager.MyListener - Start search element by locator --->By.xpath: //button[text()='Sign Out']
21964 [Test worker] INFO  manager.MyListener - The element with locator --->By.xpath: //button[text()='Sign Out'] was found
21965 [Test worker] INFO  manager.MyListener - Start search element by locator --->By.cssSelector: .contact-item_card__2SOIM
21992 [Test worker] INFO  manager.MyListener - The element with locator --->By.cssSelector: .contact-item_card__2SOIM was found
21992 [Test worker] INFO  tests.TestBase - The test 'Add new contact starts with count of contact---->1
21992 [Test worker] INFO  manager.MyListener - Start search element by locator --->By.cssSelector: [href='/add']
22004 [Test worker] INFO  manager.MyListener - The element with locator --->By.cssSelector: [href='/add'] was found
22059 [Test worker] INFO  manager.MyListener - Start search element by locator --->By.cssSelector: [placeholder='Name']
22098 [Test worker] INFO  manager.MyListener - The element with locator --->By.cssSelector: [placeholder='Name'] was found
22243 [Test worker] INFO  manager.MyListener - Start search element by locator --->By.cssSelector: [placeholder='Last Name']
22259 [Test worker] INFO  manager.MyListener - The element with locator --->By.cssSelector: [placeholder='Last Name'] was found
22397 [Test worker] INFO  manager.MyListener - Start search element by locator --->By.cssSelector: [placeholder='Phone']
22414 [Test worker] INFO  manager.MyListener - The element with locator --->By.cssSelector: [placeholder='Phone'] was found
22575 [Test worker] INFO  manager.MyListener - Start search element by locator --->By.cssSelector: [placeholder='email']
22594 [Test worker] INFO  manager.MyListener - The element with locator --->By.cssSelector: [placeholder='email'] was found
22804 [Test worker] INFO  manager.MyListener - Start search element by locator --->By.cssSelector: [placeholder='Address']
22831 [Test worker] INFO  manager.MyListener - The element with locator --->By.cssSelector: [placeholder='Address'] was found
22980 [Test worker] INFO  manager.MyListener - Start search element by locator --->By.cssSelector: [placeholder='description']
23012 [Test worker] INFO  manager.MyListener - The element with locator --->By.cssSelector: [placeholder='description'] was found
23195 [Test worker] INFO  manager.MyListener - Start search element by locator --->By.cssSelector: .add_form__2rsm2 button
23224 [Test worker] INFO  manager.MyListener - The element with locator --->By.cssSelector: .add_form__2rsm2 button was found
26279 [Test worker] INFO  manager.MyListener - Start search element by locator --->By.cssSelector: .contact-item_card__2SOIM
26302 [Test worker] INFO  manager.MyListener - The element with locator --->By.cssSelector: .contact-item_card__2SOIM was found
26302 [Test worker] INFO  tests.TestBase - The test 'Add new contact' ends with count of contact in the end --->3
28315 [Test worker] INFO  tests.TestBase - Test endaddNewContactSuccessNew
28322 [Test worker] INFO  tests.TestBase - Test name ----->addNewContactSuccessScv
28323 [Test worker] INFO  manager.MyListener - Start search element by locator --->By.xpath: //button[text()='Sign Out']
28345 [Test worker] INFO  manager.MyListener - The element with locator --->By.xpath: //button[text()='Sign Out'] was found
28345 [Test worker] INFO  manager.MyListener - Start search element by locator --->By.cssSelector: .contact-item_card__2SOIM
28372 [Test worker] INFO  manager.MyListener - The element with locator --->By.cssSelector: .contact-item_card__2SOIM was found
28372 [Test worker] INFO  manager.MyListener - Start search element by locator --->By.cssSelector: [href='/add']
28413 [Test worker] INFO  manager.MyListener - The element with locator --->By.cssSelector: [href='/add'] was found
28521 [Test worker] INFO  manager.MyListener - Start search element by locator --->By.cssSelector: [placeholder='Name']
28558 [Test worker] INFO  manager.MyListener - The element with locator --->By.cssSelector: [placeholder='Name'] was found
28699 [Test worker] INFO  manager.MyListener - Start search element by locator --->By.cssSelector: [placeholder='Last Name']
28722 [Test worker] INFO  manager.MyListener - The element with locator --->By.cssSelector: [placeholder='Last Name'] was found
28853 [Test worker] INFO  manager.MyListener - Start search element by locator --->By.cssSelector: [placeholder='Phone']
28865 [Test worker] INFO  manager.MyListener - The element with locator --->By.cssSelector: [placeholder='Phone'] was found
29003 [Test worker] INFO  manager.MyListener - Start search element by locator --->By.cssSelector: [placeholder='email']
29024 [Test worker] INFO  manager.MyListener - The element with locator --->By.cssSelector: [placeholder='email'] was found
29191 [Test worker] INFO  manager.MyListener - Start search element by locator --->By.cssSelector: [placeholder='Address']
29209 [Test worker] INFO  manager.MyListener - The element with locator --->By.cssSelector: [placeholder='Address'] was found
29338 [Test worker] INFO  manager.MyListener - Start search element by locator --->By.cssSelector: [placeholder='description']
29364 [Test worker] INFO  manager.MyListener - The element with locator --->By.cssSelector: [placeholder='description'] was found
29499 [Test worker] INFO  manager.MyListener - Start search element by locator --->By.cssSelector: .add_form__2rsm2 button
29517 [Test worker] INFO  manager.MyListener - The element with locator --->By.cssSelector: .add_form__2rsm2 button was found
32567 [Test worker] INFO  manager.MyListener - Start search element by locator --->By.cssSelector: .contact-item_card__2SOIM
32590 [Test worker] INFO  manager.MyListener - The element with locator --->By.cssSelector: .contact-item_card__2SOIM was found
34593 [Test worker] INFO  tests.TestBase - Test endaddNewContactSuccessScv
34594 [Test worker] INFO  tests.TestBase - Test name ----->addNewContactSuccessScv
34594 [Test worker] INFO  manager.MyListener - Start search element by locator --->By.xpath: //button[text()='Sign Out']
34621 [Test worker] INFO  manager.MyListener - The element with locator --->By.xpath: //button[text()='Sign Out'] was found
34622 [Test worker] INFO  manager.MyListener - Start search element by locator --->By.cssSelector: .contact-item_card__2SOIM
34646 [Test worker] INFO  manager.MyListener - The element with locator --->By.cssSelector: .contact-item_card__2SOIM was found
34647 [Test worker] INFO  manager.MyListener - Start search element by locator --->By.cssSelector: [href='/add']
34664 [Test worker] INFO  manager.MyListener - The element with locator --->By.cssSelector: [href='/add'] was found
34703 [Test worker] INFO  manager.MyListener - Start search element by locator --->By.cssSelector: [placeholder='Name']
34729 [Test worker] INFO  manager.MyListener - The element with locator --->By.cssSelector: [placeholder='Name'] was found
34866 [Test worker] INFO  manager.MyListener - Start search element by locator --->By.cssSelector: [placeholder='Last Name']
34888 [Test worker] INFO  manager.MyListener - The element with locator --->By.cssSelector: [placeholder='Last Name'] was found
35026 [Test worker] INFO  manager.MyListener - Start search element by locator --->By.cssSelector: [placeholder='Phone']
35045 [Test worker] INFO  manager.MyListener - The element with locator --->By.cssSelector: [placeholder='Phone'] was found
35194 [Test worker] INFO  manager.MyListener - Start search element by locator --->By.cssSelector: [placeholder='email']
35222 [Test worker] INFO  manager.MyListener - The element with locator --->By.cssSelector: [placeholder='email'] was found
35391 [Test worker] INFO  manager.MyListener - Start search element by locator --->By.cssSelector: [placeholder='Address']
35403 [Test worker] INFO  manager.MyListener - The element with locator --->By.cssSelector: [placeholder='Address'] was found
35539 [Test worker] INFO  manager.MyListener - Start search element by locator --->By.cssSelector: [placeholder='description']
35559 [Test worker] INFO  manager.MyListener - The element with locator --->By.cssSelector: [placeholder='description'] was found
35712 [Test worker] INFO  manager.MyListener - Start search element by locator --->By.cssSelector: .add_form__2rsm2 button
35729 [Test worker] INFO  manager.MyListener - The element with locator --->By.cssSelector: .add_form__2rsm2 button was found
38785 [Test worker] INFO  manager.MyListener - Start search element by locator --->By.cssSelector: .contact-item_card__2SOIM
38808 [Test worker] INFO  manager.MyListener - The element with locator --->By.cssSelector: .contact-item_card__2SOIM was found
40815 [Test worker] INFO  tests.TestBase - Test endaddNewContactSuccessScv
40816 [Test worker] INFO  tests.TestBase - Test name ----->addNewContactSuccessScv
40817 [Test worker] INFO  manager.MyListener - Start search element by locator --->By.xpath: //button[text()='Sign Out']
40836 [Test worker] INFO  manager.MyListener - The element with locator --->By.xpath: //button[text()='Sign Out'] was found
40837 [Test worker] INFO  manager.MyListener - Start search element by locator --->By.cssSelector: .contact-item_card__2SOIM
40852 [Test worker] INFO  manager.MyListener - The element with locator --->By.cssSelector: .contact-item_card__2SOIM was found
40852 [Test worker] INFO  manager.MyListener - Start search element by locator --->By.cssSelector: [href='/add']
40866 [Test worker] INFO  manager.MyListener - The element with locator --->By.cssSelector: [href='/add'] was found
40917 [Test worker] INFO  manager.MyListener - Start search element by locator --->By.cssSelector: [placeholder='Name']
40942 [Test worker] INFO  manager.MyListener - The element with locator --->By.cssSelector: [placeholder='Name'] was found
41080 [Test worker] INFO  manager.MyListener - Start search element by locator --->By.cssSelector: [placeholder='Last Name']
41104 [Test worker] INFO  manager.MyListener - The element with locator --->By.cssSelector: [placeholder='Last Name'] was found
41219 [Test worker] INFO  manager.MyListener - Start search element by locator --->By.cssSelector: [placeholder='Phone']
41229 [Test worker] INFO  manager.MyListener - The element with locator --->By.cssSelector: [placeholder='Phone'] was found
41389 [Test worker] INFO  manager.MyListener - Start search element by locator --->By.cssSelector: [placeholder='email']
41398 [Test worker] INFO  manager.MyListener - The element with locator --->By.cssSelector: [placeholder='email'] was found
41567 [Test worker] INFO  manager.MyListener - Start search element by locator --->By.cssSelector: [placeholder='Address']
41587 [Test worker] INFO  manager.MyListener - The element with locator --->By.cssSelector: [placeholder='Address'] was found
41715 [Test worker] INFO  manager.MyListener - Start search element by locator --->By.cssSelector: [placeholder='description']
41726 [Test worker] INFO  manager.MyListener - The element with locator --->By.cssSelector: [placeholder='description'] was found
41866 [Test worker] INFO  manager.MyListener - Start search element by locator --->By.cssSelector: .add_form__2rsm2 button
41883 [Test worker] INFO  manager.MyListener - The element with locator --->By.cssSelector: .add_form__2rsm2 button was found
44928 [Test worker] INFO  manager.MyListener - Start search element by locator --->By.cssSelector: .contact-item_card__2SOIM
44950 [Test worker] INFO  manager.MyListener - The element with locator --->By.cssSelector: .contact-item_card__2SOIM was found
46959 [Test worker] INFO  manager.MyListener - Start search element by locator --->By.cssSelector: h2
46984 [Test worker] INFO  manager.MyListener - The element with locator --->By.cssSelector: h2 was found
47079 [Test worker] INFO  manager.MyListener - Start search element by locator --->By.cssSelector: h3
47093 [Test worker] INFO  manager.MyListener - The element with locator --->By.cssSelector: h3 was found
47190 [Test worker] INFO  tests.TestBase - Test endaddNewContactSuccessScv
47193 [Test worker] INFO  tests.TestBase - Test name ----->fillLoginFormTest
47193 [Test worker] INFO  manager.MyListener - Start search element by locator --->By.xpath: //button[text()='Sign Out']
47216 [Test worker] INFO  manager.MyListener - The element with locator --->By.xpath: //button[text()='Sign Out'] was found
47216 [Test worker] INFO  manager.MyListener - Start search element by locator --->By.xpath: //button[text()='Sign Out']
47251 [Test worker] INFO  manager.MyListener - The element with locator --->By.xpath: //button[text()='Sign Out'] was found
47303 [Test worker] INFO  manager.MyListener - Start search element by locator --->By.cssSelector: [href='/login']
47334 [Test worker] INFO  manager.MyListener - The element with locator --->By.cssSelector: [href='/login'] was found
47411 [Test worker] INFO  manager.MyListener - Start search element by locator --->By.xpath: //input[1]
47435 [Test worker] INFO  manager.MyListener - The element with locator --->By.xpath: //input[1] was found
47581 [Test worker] INFO  manager.MyListener - Start search element by locator --->By.xpath: //input[2]
47608 [Test worker] INFO  manager.MyListener - The element with locator --->By.xpath: //input[2] was found
47745 [Test worker] INFO  manager.MyListener - Start search element by locator --->By.tagName: button
47768 [Test worker] INFO  manager.MyListener - The element with locator --->By.tagName: button was found
52830 [Test worker] INFO  manager.MyListener - Start search element by locator --->By.xpath: //button[text()='Sign Out']
52853 [Test worker] INFO  manager.MyListener - The element with locator --->By.xpath: //button[text()='Sign Out'] was found
52854 [Test worker] INFO  tests.TestBase - Test endfillLoginFormTest
52859 [Test worker] INFO  tests.TestBase - Test name ----->loginSuccessTestModel
52862 [Test worker] INFO  manager.MyListener - Start search element by locator --->By.xpath: //button[text()='Sign Out']
52898 [Test worker] INFO  manager.MyListener - The element with locator --->By.xpath: //button[text()='Sign Out'] was found
52898 [Test worker] INFO  manager.MyListener - Start search element by locator --->By.xpath: //button[text()='Sign Out']
52925 [Test worker] INFO  manager.MyListener - The element with locator --->By.xpath: //button[text()='Sign Out'] was found
52985 [Test worker] INFO  manager.MyListener - Start search element by locator --->By.cssSelector: [href='/login']
53009 [Test worker] INFO  manager.MyListener - The element with locator --->By.cssSelector: [href='/login'] was found
53066 [Test worker] INFO  manager.MyListener - Start search element by locator --->By.xpath: //input[1]
53088 [Test worker] INFO  manager.MyListener - The element with locator --->By.xpath: //input[1] was found
53237 [Test worker] INFO  manager.MyListener - Start search element by locator --->By.xpath: //input[2]
53252 [Test worker] INFO  manager.MyListener - The element with locator --->By.xpath: //input[2] was found
53383 [Test worker] INFO  manager.MyListener - Start search element by locator --->By.tagName: button
53396 [Test worker] INFO  manager.MyListener - The element with locator --->By.tagName: button was found
58447 [Test worker] INFO  manager.MyListener - Start search element by locator --->By.xpath: //button[text()='Sign Out']
58470 [Test worker] INFO  manager.MyListener - The element with locator --->By.xpath: //button[text()='Sign Out'] was found
58471 [Test worker] INFO  tests.TestBase - Test endloginSuccessTestModel
58472 [Test worker] INFO  tests.TestBase - Test name ----->loginSuccessTestModelDataProvider
58473 [Test worker] INFO  manager.MyListener - Start search element by locator --->By.xpath: //button[text()='Sign Out']
58485 [Test worker] INFO  manager.MyListener - The element with locator --->By.xpath: //button[text()='Sign Out'] was found
58485 [Test worker] INFO  manager.MyListener - Start search element by locator --->By.xpath: //button[text()='Sign Out']
58500 [Test worker] INFO  manager.MyListener - The element with locator --->By.xpath: //button[text()='Sign Out'] was found
58570 [Test worker] INFO  manager.MyListener - Start search element by locator --->By.cssSelector: [href='/login']
58594 [Test worker] INFO  manager.MyListener - The element with locator --->By.cssSelector: [href='/login'] was found
58672 [Test worker] INFO  manager.MyListener - Start search element by locator --->By.xpath: //input[1]
58686 [Test worker] INFO  manager.MyListener - The element with locator --->By.xpath: //input[1] was found
58849 [Test worker] INFO  manager.MyListener - Start search element by locator --->By.xpath: //input[2]
58869 [Test worker] INFO  manager.MyListener - The element with locator --->By.xpath: //input[2] was found
59021 [Test worker] INFO  manager.MyListener - Start search element by locator --->By.tagName: button
59039 [Test worker] INFO  manager.MyListener - The element with locator --->By.tagName: button was found
64096 [Test worker] INFO  manager.MyListener - Start search element by locator --->By.xpath: //button[text()='Sign Out']
64123 [Test worker] INFO  manager.MyListener - The element with locator --->By.xpath: //button[text()='Sign Out'] was found
64123 [Test worker] INFO  tests.TestBase - Test endloginSuccessTestModelDataProvider
64124 [Test worker] INFO  tests.TestBase - Test name ----->loginSuccessTestModelDataProvider
64125 [Test worker] INFO  manager.MyListener - Start search element by locator --->By.xpath: //button[text()='Sign Out']
64148 [Test worker] INFO  manager.MyListener - The element with locator --->By.xpath: //button[text()='Sign Out'] was found
64149 [Test worker] INFO  manager.MyListener - Start search element by locator --->By.xpath: //button[text()='Sign Out']
64168 [Test worker] INFO  manager.MyListener - The element with locator --->By.xpath: //button[text()='Sign Out'] was found
64217 [Test worker] INFO  manager.MyListener - Start search element by locator --->By.cssSelector: [href='/login']
64257 [Test worker] INFO  manager.MyListener - The element with locator --->By.cssSelector: [href='/login'] was found
64301 [Test worker] INFO  manager.MyListener - Start search element by locator --->By.xpath: //input[1]
64333 [Test worker] INFO  manager.MyListener - The element with locator --->By.xpath: //input[1] was found
64489 [Test worker] INFO  manager.MyListener - Start search element by locator --->By.xpath: //input[2]
64510 [Test worker] INFO  manager.MyListener - The element with locator --->By.xpath: //input[2] was found
64671 [Test worker] INFO  manager.MyListener - Start search element by locator --->By.tagName: button
64693 [Test worker] INFO  manager.MyListener - The element with locator --->By.tagName: button was found
69741 [Test worker] INFO  manager.MyListener - Start search element by locator --->By.xpath: //button[text()='Sign Out']
69764 [Test worker] INFO  manager.MyListener - The element with locator --->By.xpath: //button[text()='Sign Out'] was found
69765 [Test worker] INFO  tests.TestBase - Test endloginSuccessTestModelDataProvider
69765 [Test worker] INFO  tests.TestBase - Test name ----->loginSuccessTestModelDataProvider
69766 [Test worker] INFO  manager.MyListener - Start search element by locator --->By.xpath: //button[text()='Sign Out']
69778 [Test worker] INFO  manager.MyListener - The element with locator --->By.xpath: //button[text()='Sign Out'] was found
69779 [Test worker] INFO  manager.MyListener - Start search element by locator --->By.xpath: //button[text()='Sign Out']
69793 [Test worker] INFO  manager.MyListener - The element with locator --->By.xpath: //button[text()='Sign Out'] was found
69853 [Test worker] INFO  manager.MyListener - Start search element by locator --->By.cssSelector: [href='/login']
69884 [Test worker] INFO  manager.MyListener - The element with locator --->By.cssSelector: [href='/login'] was found
69931 [Test worker] INFO  manager.MyListener - Start search element by locator --->By.xpath: //input[1]
69949 [Test worker] INFO  manager.MyListener - The element with locator --->By.xpath: //input[1] was found
70104 [Test worker] INFO  manager.MyListener - Start search element by locator --->By.xpath: //input[2]
70120 [Test worker] INFO  manager.MyListener - The element with locator --->By.xpath: //input[2] was found
70249 [Test worker] INFO  manager.MyListener - Start search element by locator --->By.tagName: button
70259 [Test worker] INFO  manager.MyListener - The element with locator --->By.tagName: button was found
75303 [Test worker] INFO  manager.MyListener - Start search element by locator --->By.xpath: //button[text()='Sign Out']
75327 [Test worker] INFO  manager.MyListener - The element with locator --->By.xpath: //button[text()='Sign Out'] was found
75328 [Test worker] INFO  tests.TestBase - Test endloginSuccessTestModelDataProvider
75329 [Test worker] INFO  tests.TestBase - Test name ----->negativeLoginTest
75330 [Test worker] INFO  manager.MyListener - Start search element by locator --->By.xpath: //button[text()='Sign Out']
75342 [Test worker] INFO  manager.MyListener - The element with locator --->By.xpath: //button[text()='Sign Out'] was found
75342 [Test worker] INFO  manager.MyListener - Start search element by locator --->By.xpath: //button[text()='Sign Out']
75357 [Test worker] INFO  manager.MyListener - The element with locator --->By.xpath: //button[text()='Sign Out'] was found
75409 [Test worker] INFO  manager.MyListener - Start search element by locator --->By.cssSelector: [href='/login']
75426 [Test worker] INFO  manager.MyListener - The element with locator --->By.cssSelector: [href='/login'] was found
75483 [Test worker] INFO  manager.MyListener - Start search element by locator --->By.xpath: //input[1]
75495 [Test worker] INFO  manager.MyListener - The element with locator --->By.xpath: //input[1] was found
75631 [Test worker] INFO  manager.MyListener - Start search element by locator --->By.xpath: //input[2]
75656 [Test worker] INFO  manager.MyListener - The element with locator --->By.xpath: //input[2] was found
75780 [Test worker] INFO  manager.MyListener - Start search element by locator --->By.tagName: button
75793 [Test worker] INFO  manager.MyListener - The element with locator --->By.tagName: button was found
76444 [Test worker] INFO  tests.TestBase - Test endnegativeLoginTest
76448 [Test worker] INFO  tests.TestBase - Test name ----->negativeRegistrationTest
76454 [Test worker] INFO  manager.MyListener - Start search element by locator --->By.xpath: //button[text()='Sign Out']
81503 [Test worker] INFO  manager.MyListener - The element with locator --->By.xpath: //button[text()='Sign Out'] was found
81503 [Test worker] INFO  manager.MyListener - Start search element by locator --->By.cssSelector: [href='/login']
81520 [Test worker] INFO  manager.MyListener - The element with locator --->By.cssSelector: [href='/login'] was found
81556 [Test worker] INFO  manager.MyListener - Start search element by locator --->By.xpath: //input[1]
81571 [Test worker] INFO  manager.MyListener - The element with locator --->By.xpath: //input[1] was found
81752 [Test worker] INFO  manager.MyListener - Start search element by locator --->By.xpath: //input[2]
81774 [Test worker] INFO  manager.MyListener - The element with locator --->By.xpath: //input[2] was found
81965 [Test worker] INFO  manager.MyListener - Start search element by locator --->By.xpath: //button[text()=' Registration']
81993 [Test worker] INFO  manager.MyListener - The element with locator --->By.xpath: //button[text()=' Registration'] was found
87057 [Test worker] INFO  tests.TestBase - Test endnegativeRegistrationTest
87060 [Test worker] INFO  tests.TestBase - Test name ----->successRegistrationTest
87061 [Test worker] INFO  manager.MyListener - Start search element by locator --->By.xpath: //button[text()='Sign Out']
92105 [Test worker] INFO  manager.MyListener - The element with locator --->By.xpath: //button[text()='Sign Out'] was found
92105 [Test worker] INFO  manager.MyListener - Start search element by locator --->By.cssSelector: [href='/login']
92122 [Test worker] INFO  manager.MyListener - The element with locator --->By.cssSelector: [href='/login'] was found
92164 [Test worker] INFO  manager.MyListener - Start search element by locator --->By.xpath: //input[1]
92185 [Test worker] INFO  manager.MyListener - The element with locator --->By.xpath: //input[1] was found
92370 [Test worker] INFO  manager.MyListener - Start search element by locator --->By.xpath: //input[2]
92390 [Test worker] INFO  manager.MyListener - The element with locator --->By.xpath: //input[2] was found
92586 [Test worker] INFO  manager.MyListener - Start search element by locator --->By.xpath: //button[text()=' Registration']
92611 [Test worker] INFO  manager.MyListener - The element with locator --->By.xpath: //button[text()=' Registration'] was found
97672 [Test worker] INFO  manager.MyListener - Start search element by locator --->By.xpath: //button[text()='Sign Out']
97694 [Test worker] INFO  manager.MyListener - The element with locator --->By.xpath: //button[text()='Sign Out'] was found
97695 [Test worker] INFO  tests.TestBase - Test endsuccessRegistrationTest
97697 [Test worker] INFO  tests.TestBase - Test name ----->successRegistrationTestNew
97697 [Test worker] INFO  manager.MyListener - Start search element by locator --->By.xpath: //button[text()='Sign Out']
97712 [Test worker] INFO  manager.MyListener - The element with locator --->By.xpath: //button[text()='Sign Out'] was found
97712 [Test worker] INFO  manager.MyListener - Start search element by locator --->By.xpath: //button[text()='Sign Out']
97729 [Test worker] INFO  manager.MyListener - The element with locator --->By.xpath: //button[text()='Sign Out'] was found
97777 [Test worker] INFO  manager.MyListener - Start search element by locator --->By.cssSelector: [href='/login']
97802 [Test worker] INFO  manager.MyListener - The element with locator --->By.cssSelector: [href='/login'] was found
97848 [Test worker] INFO  manager.MyListener - Start search element by locator --->By.xpath: //input[1]
97871 [Test worker] INFO  manager.MyListener - The element with locator --->By.xpath: //input[1] was found
98022 [Test worker] INFO  manager.MyListener - Start search element by locator --->By.xpath: //input[2]
98037 [Test worker] INFO  manager.MyListener - The element with locator --->By.xpath: //input[2] was found
98187 [Test worker] INFO  manager.MyListener - Start search element by locator --->By.xpath: //button[text()=' Registration']
98212 [Test worker] INFO  manager.MyListener - The element with locator --->By.xpath: //button[text()=' Registration'] was found
103257 [Test worker] INFO  manager.MyListener - Start search element by locator --->By.xpath: //button[text()='Sign Out']
103283 [Test worker] INFO  manager.MyListener - The element with locator --->By.xpath: //button[text()='Sign Out'] was found
103284 [Test worker] INFO  tests.TestBase - Test endsuccessRegistrationTestNew
103285 [Test worker] INFO  tests.TestBase - Test name ----->successRegistrationTestNew
103286 [Test worker] INFO  manager.MyListener - Start search element by locator --->By.xpath: //button[text()='Sign Out']
103295 [Test worker] INFO  manager.MyListener - The element with locator --->By.xpath: //button[text()='Sign Out'] was found
103295 [Test worker] INFO  manager.MyListener - Start search element by locator --->By.xpath: //button[text()='Sign Out']
103314 [Test worker] INFO  manager.MyListener - The element with locator --->By.xpath: //button[text()='Sign Out'] was found
103357 [Test worker] INFO  manager.MyListener - Start search element by locator --->By.cssSelector: [href='/login']
103383 [Test worker] INFO  manager.MyListener - The element with locator --->By.cssSelector: [href='/login'] was found
103439 [Test worker] INFO  manager.MyListener - Start search element by locator --->By.xpath: //input[1]
103455 [Test worker] INFO  manager.MyListener - The element with locator --->By.xpath: //input[1] was found
103629 [Test worker] INFO  manager.MyListener - Start search element by locator --->By.xpath: //input[2]
103654 [Test worker] INFO  manager.MyListener - The element with locator --->By.xpath: //input[2] was found
103797 [Test worker] INFO  manager.MyListener - Start search element by locator --->By.xpath: //button[text()=' Registration']
103810 [Test worker] INFO  manager.MyListener - The element with locator --->By.xpath: //button[text()=' Registration'] was found
108862 [Test worker] INFO  manager.MyListener - Start search element by locator --->By.xpath: //button[text()='Sign Out']
108882 [Test worker] INFO  manager.MyListener - Something wrong!!!
108882 [Test worker] INFO  manager.MyListener - unexpected alert open: {Alert text : User already exist}
  (Session info: chrome=102.0.5005.63): User already exist
Build info: version: '3.141.59', revision: 'e82be7d358', time: '2018-11-14T08:17:03'
System info: host: 'DESKTOP-B7SSTIV', ip: '192.168.1.13', os.name: 'Windows 10', os.arch: 'amd64', os.version: '10.0', java.version: '1.8.0_201'
Driver info: org.openqa.selenium.chrome.ChromeDriver
Capabilities {acceptInsecureCerts: false, browserName: chrome, browserVersion: 102.0.5005.63, chrome: {chromedriverVersion: 102.0.5005.27 (df4a85108ffa..., userDataDir: C:\Users\Andrey\AppData\Loc...}, goog:chromeOptions: {debuggerAddress: localhost:61154}, javascriptEnabled: true, networkConnectionEnabled: false, pageLoadStrategy: normal, platform: WINDOWS, platformName: WINDOWS, proxy: Proxy(), setWindowRect: true, strictFileInteractability: false, timeouts: {implicit: 0, pageLoad: 300000, script: 30000}, unhandledPromptBehavior: dismiss and notify, webauthn:extension:credBlob: true, webauthn:extension:largeBlob: true, webauthn:virtualAuthenticators: true}
Session ID: fb01370a80f6aadddc76e564e427cca1
*** Element info: {Using=xpath, value=//button[text()='Sign Out']}
108884 [Test worker] INFO  manager.MyListener - org.openqa.selenium.UnhandledAlertException: unexpected alert open: {Alert text : User already exist}
  (Session info: chrome=102.0.5005.63): User already exist
Build info: version: '3.141.59', revision: 'e82be7d358', time: '2018-11-14T08:17:03'
System info: host: 'DESKTOP-B7SSTIV', ip: '192.168.1.13', os.name: 'Windows 10', os.arch: 'amd64', os.version: '10.0', java.version: '1.8.0_201'
Driver info: org.openqa.selenium.chrome.ChromeDriver
Capabilities {acceptInsecureCerts: false, browserName: chrome, browserVersion: 102.0.5005.63, chrome: {chromedriverVersion: 102.0.5005.27 (df4a85108ffa..., userDataDir: C:\Users\Andrey\AppData\Loc...}, goog:chromeOptions: {debuggerAddress: localhost:61154}, javascriptEnabled: true, networkConnectionEnabled: false, pageLoadStrategy: normal, platform: WINDOWS, platformName: WINDOWS, proxy: Proxy(), setWindowRect: true, strictFileInteractability: false, timeouts: {implicit: 0, pageLoad: 300000, script: 30000}, unhandledPromptBehavior: dismiss and notify, webauthn:extension:credBlob: true, webauthn:extension:largeBlob: true, webauthn:virtualAuthenticators: true}
Session ID: fb01370a80f6aadddc76e564e427cca1
*** Element info: {Using=xpath, value=//button[text()='Sign Out']}
109537 [Test worker] INFO  manager.MyListener - Error screenshot link --->src/test/screenshots/screenshot-1154.png
109538 [Test worker] INFO  tests.TestBase - Test endsuccessRegistrationTestNew
109539 [Test worker] INFO  tests.TestBase - Test name ----->successRegistrationTestNew
109539 [Test worker] INFO  manager.MyListener - Start search element by locator --->By.xpath: //button[text()='Sign Out']
114594 [Test worker] INFO  manager.MyListener - The element with locator --->By.xpath: //button[text()='Sign Out'] was found
114595 [Test worker] INFO  manager.MyListener - Start search element by locator --->By.cssSelector: [href='/login']
114611 [Test worker] INFO  manager.MyListener - The element with locator --->By.cssSelector: [href='/login'] was found
114654 [Test worker] INFO  manager.MyListener - Start search element by locator --->By.xpath: //input[1]
114677 [Test worker] INFO  manager.MyListener - The element with locator --->By.xpath: //input[1] was found
114846 [Test worker] INFO  manager.MyListener - Start search element by locator --->By.xpath: //input[2]
114860 [Test worker] INFO  manager.MyListener - The element with locator --->By.xpath: //input[2] was found
115021 [Test worker] INFO  manager.MyListener - Start search element by locator --->By.xpath: //button[text()=' Registration']
115043 [Test worker] INFO  manager.MyListener - The element with locator --->By.xpath: //button[text()=' Registration'] was found
120105 [Test worker] INFO  manager.MyListener - Start search element by locator --->By.xpath: //button[text()='Sign Out']
120124 [Test worker] INFO  manager.MyListener - Something wrong!!!
120125 [Test worker] INFO  manager.MyListener - unexpected alert open: {Alert text : User already exist}
  (Session info: chrome=102.0.5005.63): User already exist
Build info: version: '3.141.59', revision: 'e82be7d358', time: '2018-11-14T08:17:03'
System info: host: 'DESKTOP-B7SSTIV', ip: '192.168.1.13', os.name: 'Windows 10', os.arch: 'amd64', os.version: '10.0', java.version: '1.8.0_201'
Driver info: org.openqa.selenium.chrome.ChromeDriver
Capabilities {acceptInsecureCerts: false, browserName: chrome, browserVersion: 102.0.5005.63, chrome: {chromedriverVersion: 102.0.5005.27 (df4a85108ffa..., userDataDir: C:\Users\Andrey\AppData\Loc...}, goog:chromeOptions: {debuggerAddress: localhost:61154}, javascriptEnabled: true, networkConnectionEnabled: false, pageLoadStrategy: normal, platform: WINDOWS, platformName: WINDOWS, proxy: Proxy(), setWindowRect: true, strictFileInteractability: false, timeouts: {implicit: 0, pageLoad: 300000, script: 30000}, unhandledPromptBehavior: dismiss and notify, webauthn:extension:credBlob: true, webauthn:extension:largeBlob: true, webauthn:virtualAuthenticators: true}
Session ID: fb01370a80f6aadddc76e564e427cca1
*** Element info: {Using=xpath, value=//button[text()='Sign Out']}
120125 [Test worker] INFO  manager.MyListener - org.openqa.selenium.UnhandledAlertException: unexpected alert open: {Alert text : User already exist}
  (Session info: chrome=102.0.5005.63): User already exist
Build info: version: '3.141.59', revision: 'e82be7d358', time: '2018-11-14T08:17:03'
System info: host: 'DESKTOP-B7SSTIV', ip: '192.168.1.13', os.name: 'Windows 10', os.arch: 'amd64', os.version: '10.0', java.version: '1.8.0_201'
Driver info: org.openqa.selenium.chrome.ChromeDriver
Capabilities {acceptInsecureCerts: false, browserName: chrome, browserVersion: 102.0.5005.63, chrome: {chromedriverVersion: 102.0.5005.27 (df4a85108ffa..., userDataDir: C:\Users\Andrey\AppData\Loc...}, goog:chromeOptions: {debuggerAddress: localhost:61154}, javascriptEnabled: true, networkConnectionEnabled: false, pageLoadStrategy: normal, platform: WINDOWS, platformName: WINDOWS, proxy: Proxy(), setWindowRect: true, strictFileInteractability: false, timeouts: {implicit: 0, pageLoad: 300000, script: 30000}, unhandledPromptBehavior: dismiss and notify, webauthn:extension:credBlob: true, webauthn:extension:largeBlob: true, webauthn:virtualAuthenticators: true}
Session ID: fb01370a80f6aadddc76e564e427cca1
*** Element info: {Using=xpath, value=//button[text()='Sign Out']}
120732 [Test worker] INFO  manager.MyListener - Error screenshot link --->src/test/screenshots/screenshot-1165.png
120734 [Test worker] INFO  tests.TestBase - Test endsuccessRegistrationTestNew
120736 [Test worker] INFO  tests.TestBase - Test name ----->removeAllContacts
120736 [Test worker] INFO  manager.MyListener - Start search element by locator --->By.xpath: //button[text()='Sign Out']
125784 [Test worker] INFO  manager.MyListener - The element with locator --->By.xpath: //button[text()='Sign Out'] was found
125784 [Test worker] INFO  manager.MyListener - Start search element by locator --->By.cssSelector: [href='/login']
125800 [Test worker] INFO  manager.MyListener - The element with locator --->By.cssSelector: [href='/login'] was found
125841 [Test worker] INFO  manager.MyListener - Start search element by locator --->By.xpath: //input[1]
125866 [Test worker] INFO  manager.MyListener - The element with locator --->By.xpath: //input[1] was found
126029 [Test worker] INFO  manager.MyListener - Start search element by locator --->By.xpath: //input[2]
126057 [Test worker] INFO  manager.MyListener - The element with locator --->By.xpath: //input[2] was found
126214 [Test worker] INFO  manager.MyListener - Start search element by locator --->By.tagName: button
126240 [Test worker] INFO  manager.MyListener - The element with locator --->By.tagName: button was found
126276 [Test worker] INFO  manager.MyListener - Start search element by locator --->By.cssSelector: .contact-item_card__2SOIM
131334 [Test worker] INFO  manager.MyListener - The element with locator --->By.cssSelector: .contact-item_card__2SOIM was found
131334 [Test worker] INFO  tests.TestBase - Test endremoveAllContacts
131335 [Test worker] INFO  tests.TestBase - Test name ----->removeOneContact
131336 [Test worker] INFO  manager.MyListener - Start search element by locator --->By.xpath: //button[text()='Sign Out']
131352 [Test worker] INFO  manager.MyListener - The element with locator --->By.xpath: //button[text()='Sign Out'] was found
131352 [Test worker] INFO  manager.MyListener - Start search element by locator --->By.cssSelector: .contact-item_card__2SOIM
136367 [Test worker] INFO  manager.MyListener - Something wrong!!!
136367 [Test worker] INFO  manager.MyListener - no such element: Unable to locate element: {"method":"css selector","selector":".contact-item_card__2SOIM"}
  (Session info: chrome=102.0.5005.63)
For documentation on this error, please visit: https://www.seleniumhq.org/exceptions/no_such_element.html
Build info: version: '3.141.59', revision: 'e82be7d358', time: '2018-11-14T08:17:03'
System info: host: 'DESKTOP-B7SSTIV', ip: '192.168.1.13', os.name: 'Windows 10', os.arch: 'amd64', os.version: '10.0', java.version: '1.8.0_201'
Driver info: org.openqa.selenium.chrome.ChromeDriver
Capabilities {acceptInsecureCerts: false, browserName: chrome, browserVersion: 102.0.5005.63, chrome: {chromedriverVersion: 102.0.5005.27 (df4a85108ffa..., userDataDir: C:\Users\Andrey\AppData\Loc...}, goog:chromeOptions: {debuggerAddress: localhost:61154}, javascriptEnabled: true, networkConnectionEnabled: false, pageLoadStrategy: normal, platform: WINDOWS, platformName: WINDOWS, proxy: Proxy(), setWindowRect: true, strictFileInteractability: false, timeouts: {implicit: 0, pageLoad: 300000, script: 30000}, unhandledPromptBehavior: dismiss and notify, webauthn:extension:credBlob: true, webauthn:extension:largeBlob: true, webauthn:virtualAuthenticators: true}
Session ID: fb01370a80f6aadddc76e564e427cca1
*** Element info: {Using=css selector, value=.contact-item_card__2SOIM}
136367 [Test worker] INFO  manager.MyListener - org.openqa.selenium.NoSuchElementException: no such element: Unable to locate element: {"method":"css selector","selector":".contact-item_card__2SOIM"}
  (Session info: chrome=102.0.5005.63)
For documentation on this error, please visit: https://www.seleniumhq.org/exceptions/no_such_element.html
Build info: version: '3.141.59', revision: 'e82be7d358', time: '2018-11-14T08:17:03'
System info: host: 'DESKTOP-B7SSTIV', ip: '192.168.1.13', os.name: 'Windows 10', os.arch: 'amd64', os.version: '10.0', java.version: '1.8.0_201'
Driver info: org.openqa.selenium.chrome.ChromeDriver
Capabilities {acceptInsecureCerts: false, browserName: chrome, browserVersion: 102.0.5005.63, chrome: {chromedriverVersion: 102.0.5005.27 (df4a85108ffa..., userDataDir: C:\Users\Andrey\AppData\Loc...}, goog:chromeOptions: {debuggerAddress: localhost:61154}, javascriptEnabled: true, networkConnectionEnabled: false, pageLoadStrategy: normal, platform: WINDOWS, platformName: WINDOWS, proxy: Proxy(), setWindowRect: true, strictFileInteractability: false, timeouts: {implicit: 0, pageLoad: 300000, script: 30000}, unhandledPromptBehavior: dismiss and notify, webauthn:extension:credBlob: true, webauthn:extension:largeBlob: true, webauthn:virtualAuthenticators: true}
Session ID: fb01370a80f6aadddc76e564e427cca1
*** Element info: {Using=css selector, value=.contact-item_card__2SOIM}
136873 [Test worker] INFO  manager.MyListener - Error screenshot link --->src/test/screenshots/screenshot-1182.png
136874 [Test worker] INFO  tests.TestBase - Test endremoveOneContact
