3606 [Test worker] INFO  manager.ApplicationManager - All tests starts in 'Chrome' browser
4758 [Test worker] INFO  tests.TestBase - Test name ----->addNewContactSuccessScv
4764 [Test worker] INFO  manager.MyListener - Start search element by locator --->By.xpath: //button[text()='Sign Out']
9884 [Test worker] INFO  manager.MyListener - The element with locator --->By.xpath: //button[text()='Sign Out'] was found
9885 [Test worker] INFO  manager.MyListener - Start search element by locator --->By.cssSelector: [href='/login']
9903 [Test worker] INFO  manager.MyListener - The element with locator --->By.cssSelector: [href='/login'] was found
10051 [Test worker] INFO  manager.MyListener - Start search element by locator --->By.xpath: //input[1]
10089 [Test worker] INFO  manager.MyListener - The element with locator --->By.xpath: //input[1] was found
10329 [Test worker] INFO  manager.MyListener - Start search element by locator --->By.xpath: //input[2]
10361 [Test worker] INFO  manager.MyListener - The element with locator --->By.xpath: //input[2] was found
10561 [Test worker] INFO  manager.MyListener - Start search element by locator --->By.tagName: button
10583 [Test worker] INFO  manager.MyListener - The element with locator --->By.tagName: button was found
10639 [Test worker] INFO  manager.MyListener - Start search element by locator --->By.cssSelector: .contact-item_card__2SOIM
15704 [Test worker] INFO  manager.MyListener - The element with locator --->By.cssSelector: .contact-item_card__2SOIM was found
15704 [Test worker] INFO  manager.MyListener - Start search element by locator --->By.cssSelector: [href='/add']
20770 [Test worker] INFO  manager.MyListener - Something wrong!!!
20771 [Test worker] INFO  manager.MyListener - no such element: Unable to locate element: {"method":"css selector","selector":"[href='/add']"}
  (Session info: chrome=102.0.5005.63)
For documentation on this error, please visit: https://www.seleniumhq.org/exceptions/no_such_element.html
Build info: version: '3.141.59', revision: 'e82be7d358', time: '2018-11-14T08:17:03'
System info: host: 'DESKTOP-B7SSTIV', ip: '192.168.1.13', os.name: 'Windows 10', os.arch: 'amd64', os.version: '10.0', java.version: '1.8.0_201'
Driver info: org.openqa.selenium.chrome.ChromeDriver
Capabilities {acceptInsecureCerts: false, browserName: chrome, browserVersion: 102.0.5005.63, chrome: {chromedriverVersion: 102.0.5005.27 (df4a85108ffa..., userDataDir: C:\Users\Andrey\AppData\Loc...}, goog:chromeOptions: {debuggerAddress: localhost:65504}, javascriptEnabled: true, networkConnectionEnabled: false, pageLoadStrategy: normal, platform: WINDOWS, platformName: WINDOWS, proxy: Proxy(), setWindowRect: true, strictFileInteractability: false, timeouts: {implicit: 0, pageLoad: 300000, script: 30000}, unhandledPromptBehavior: dismiss and notify, webauthn:extension:credBlob: true, webauthn:extension:largeBlob: true, webauthn:virtualAuthenticators: true}
Session ID: 870307eac6e05301444268428bccca5f
*** Element info: {Using=css selector, value=[href='/add']}
20772 [Test worker] INFO  manager.MyListener - org.openqa.selenium.NoSuchElementException: no such element: Unable to locate element: {"method":"css selector","selector":"[href='/add']"}
  (Session info: chrome=102.0.5005.63)
For documentation on this error, please visit: https://www.seleniumhq.org/exceptions/no_such_element.html
Build info: version: '3.141.59', revision: 'e82be7d358', time: '2018-11-14T08:17:03'
System info: host: 'DESKTOP-B7SSTIV', ip: '192.168.1.13', os.name: 'Windows 10', os.arch: 'amd64', os.version: '10.0', java.version: '1.8.0_201'
Driver info: org.openqa.selenium.chrome.ChromeDriver
Capabilities {acceptInsecureCerts: false, browserName: chrome, browserVersion: 102.0.5005.63, chrome: {chromedriverVersion: 102.0.5005.27 (df4a85108ffa..., userDataDir: C:\Users\Andrey\AppData\Loc...}, goog:chromeOptions: {debuggerAddress: localhost:65504}, javascriptEnabled: true, networkConnectionEnabled: false, pageLoadStrategy: normal, platform: WINDOWS, platformName: WINDOWS, proxy: Proxy(), setWindowRect: true, strictFileInteractability: false, timeouts: {implicit: 0, pageLoad: 300000, script: 30000}, unhandledPromptBehavior: dismiss and notify, webauthn:extension:credBlob: true, webauthn:extension:largeBlob: true, webauthn:virtualAuthenticators: true}
Session ID: 870307eac6e05301444268428bccca5f
*** Element info: {Using=css selector, value=[href='/add']}
21277 [Test worker] INFO  manager.MyListener - Error screenshot link --->src/test/screenshots/screenshot-3522.png
21280 [Test worker] INFO  tests.TestBase - Test endaddNewContactSuccessScv
21281 [Test worker] INFO  tests.TestBase - Test name ----->addNewContactSuccessScv
21282 [Test worker] INFO  manager.MyListener - Start search element by locator --->By.xpath: //button[text()='Sign Out']
23671 [Test worker] INFO  manager.MyListener - The element with locator --->By.xpath: //button[text()='Sign Out'] was found
23673 [Test worker] INFO  manager.MyListener - Start search element by locator --->By.cssSelector: .contact-item_card__2SOIM
23941 [Test worker] INFO  manager.MyListener - The element with locator --->By.cssSelector: .contact-item_card__2SOIM was found
23941 [Test worker] INFO  manager.MyListener - Start search element by locator --->By.cssSelector: [href='/add']
23965 [Test worker] INFO  manager.MyListener - The element with locator --->By.cssSelector: [href='/add'] was found
24051 [Test worker] INFO  manager.MyListener - Start search element by locator --->By.cssSelector: [placeholder='Name']
24087 [Test worker] INFO  manager.MyListener - The element with locator --->By.cssSelector: [placeholder='Name'] was found
24215 [Test worker] INFO  manager.MyListener - Start search element by locator --->By.cssSelector: [placeholder='Last Name']
24241 [Test worker] INFO  manager.MyListener - The element with locator --->By.cssSelector: [placeholder='Last Name'] was found
24378 [Test worker] INFO  manager.MyListener - Start search element by locator --->By.cssSelector: [placeholder='Phone']
24396 [Test worker] INFO  manager.MyListener - The element with locator --->By.cssSelector: [placeholder='Phone'] was found
24552 [Test worker] INFO  manager.MyListener - Start search element by locator --->By.cssSelector: [placeholder='email']
24572 [Test worker] INFO  manager.MyListener - The element with locator --->By.cssSelector: [placeholder='email'] was found
24755 [Test worker] INFO  manager.MyListener - Start search element by locator --->By.cssSelector: [placeholder='Address']
24792 [Test worker] INFO  manager.MyListener - The element with locator --->By.cssSelector: [placeholder='Address'] was found
24918 [Test worker] INFO  manager.MyListener - Start search element by locator --->By.cssSelector: [placeholder='description']
24948 [Test worker] INFO  manager.MyListener - The element with locator --->By.cssSelector: [placeholder='description'] was found
25099 [Test worker] INFO  manager.MyListener - Start search element by locator --->By.cssSelector: .add_form__2rsm2 button
25118 [Test worker] INFO  manager.MyListener - The element with locator --->By.cssSelector: .add_form__2rsm2 button was found
28157 [Test worker] INFO  manager.MyListener - Start search element by locator --->By.cssSelector: .contact-item_card__2SOIM
28181 [Test worker] INFO  manager.MyListener - The element with locator --->By.cssSelector: .contact-item_card__2SOIM was found
30185 [Test worker] INFO  manager.MyListener - Start search element by locator --->By.cssSelector: h2
30210 [Test worker] INFO  manager.MyListener - The element with locator --->By.cssSelector: h2 was found
30344 [Test worker] INFO  manager.MyListener - Start search element by locator --->By.cssSelector: h3
30367 [Test worker] INFO  manager.MyListener - The element with locator --->By.cssSelector: h3 was found
30505 [Test worker] INFO  tests.TestBase - Test endaddNewContactSuccessScv
30506 [Test worker] INFO  tests.TestBase - Test name ----->addNewContactSuccessScv
30507 [Test worker] INFO  manager.MyListener - Start search element by locator --->By.xpath: //button[text()='Sign Out']
30530 [Test worker] INFO  manager.MyListener - The element with locator --->By.xpath: //button[text()='Sign Out'] was found
30530 [Test worker] INFO  manager.MyListener - Start search element by locator --->By.cssSelector: .contact-item_card__2SOIM
30550 [Test worker] INFO  manager.MyListener - The element with locator --->By.cssSelector: .contact-item_card__2SOIM was found
30551 [Test worker] INFO  manager.MyListener - Start search element by locator --->By.cssSelector: [href='/add']
30576 [Test worker] INFO  manager.MyListener - The element with locator --->By.cssSelector: [href='/add'] was found
30646 [Test worker] INFO  manager.MyListener - Start search element by locator --->By.cssSelector: [placeholder='Name']
30678 [Test worker] INFO  manager.MyListener - The element with locator --->By.cssSelector: [placeholder='Name'] was found
30816 [Test worker] INFO  manager.MyListener - Start search element by locator --->By.cssSelector: [placeholder='Last Name']
30833 [Test worker] INFO  manager.MyListener - The element with locator --->By.cssSelector: [placeholder='Last Name'] was found
30960 [Test worker] INFO  manager.MyListener - Start search element by locator --->By.cssSelector: [placeholder='Phone']
30985 [Test worker] INFO  manager.MyListener - The element with locator --->By.cssSelector: [placeholder='Phone'] was found
31148 [Test worker] INFO  manager.MyListener - Start search element by locator --->By.cssSelector: [placeholder='email']
31169 [Test worker] INFO  manager.MyListener - The element with locator --->By.cssSelector: [placeholder='email'] was found
31351 [Test worker] INFO  manager.MyListener - Start search element by locator --->By.cssSelector: [placeholder='Address']
31372 [Test worker] INFO  manager.MyListener - The element with locator --->By.cssSelector: [placeholder='Address'] was found
31514 [Test worker] INFO  manager.MyListener - Start search element by locator --->By.cssSelector: [placeholder='description']
31531 [Test worker] INFO  manager.MyListener - The element with locator --->By.cssSelector: [placeholder='description'] was found
31672 [Test worker] INFO  manager.MyListener - Start search element by locator --->By.cssSelector: .add_form__2rsm2 button
31685 [Test worker] INFO  manager.MyListener - The element with locator --->By.cssSelector: .add_form__2rsm2 button was found
34732 [Test worker] INFO  manager.MyListener - Start search element by locator --->By.cssSelector: .contact-item_card__2SOIM
34755 [Test worker] INFO  manager.MyListener - The element with locator --->By.cssSelector: .contact-item_card__2SOIM was found
36770 [Test worker] INFO  manager.MyListener - Start search element by locator --->By.cssSelector: h2
36793 [Test worker] INFO  manager.MyListener - The element with locator --->By.cssSelector: h2 was found
36939 [Test worker] INFO  manager.MyListener - Start search element by locator --->By.cssSelector: h3
36951 [Test worker] INFO  manager.MyListener - The element with locator --->By.cssSelector: h3 was found
37104 [Test worker] INFO  tests.TestBase - Test endaddNewContactSuccessScv
