2948 [Test worker] INFO  manager.ApplicationManager - All tests starts in 'Chrome' browser
3991 [Test worker] INFO  tests.TestBase - Test name ----->addNewContactSuccess
3993 [Test worker] INFO  manager.MyListener - Start search element by locator --->By.xpath: //button[text()='Sign Out']
9066 [Test worker] INFO  manager.MyListener - The element with locator --->By.xpath: //button[text()='Sign Out'] was found
9067 [Test worker] INFO  manager.MyListener - Start search element by locator --->By.cssSelector: [href='/login']
9082 [Test worker] INFO  manager.MyListener - The element with locator --->By.cssSelector: [href='/login'] was found
9192 [Test worker] INFO  manager.MyListener - Start search element by locator --->By.xpath: //input[1]
9232 [Test worker] INFO  manager.MyListener - The element with locator --->By.xpath: //input[1] was found
9458 [Test worker] INFO  manager.MyListener - Start search element by locator --->By.xpath: //input[2]
9492 [Test worker] INFO  manager.MyListener - The element with locator --->By.xpath: //input[2] was found
9654 [Test worker] INFO  manager.MyListener - Start search element by locator --->By.tagName: button
9685 [Test worker] INFO  manager.MyListener - The element with locator --->By.tagName: button was found
9741 [Test worker] INFO  manager.MyListener - Start search element by locator --->By.cssSelector: .contact-item_card__2SOIM
10541 [Test worker] INFO  manager.MyListener - The element with locator --->By.cssSelector: .contact-item_card__2SOIM was found
10542 [Test worker] INFO  tests.TestBase - The test 'Add new contact starts with count of contact---->3
10542 [Test worker] INFO  manager.MyListener - Start search element by locator --->By.cssSelector: [href='/add']
10557 [Test worker] INFO  manager.MyListener - The element with locator --->By.cssSelector: [href='/add'] was found
10642 [Test worker] INFO  manager.MyListener - Start search element by locator --->By.cssSelector: [placeholder='Name']
10664 [Test worker] INFO  manager.MyListener - The element with locator --->By.cssSelector: [placeholder='Name'] was found
10792 [Test worker] INFO  manager.MyListener - Start search element by locator --->By.cssSelector: [placeholder='Last Name']
10831 [Test worker] INFO  manager.MyListener - The element with locator --->By.cssSelector: [placeholder='Last Name'] was found
10969 [Test worker] INFO  manager.MyListener - Start search element by locator --->By.cssSelector: [placeholder='Phone']
10991 [Test worker] INFO  manager.MyListener - The element with locator --->By.cssSelector: [placeholder='Phone'] was found
11171 [Test worker] INFO  manager.MyListener - Start search element by locator --->By.cssSelector: [placeholder='email']
11198 [Test worker] INFO  manager.MyListener - The element with locator --->By.cssSelector: [placeholder='email'] was found
11400 [Test worker] INFO  manager.MyListener - Start search element by locator --->By.cssSelector: [placeholder='Address']
11422 [Test worker] INFO  manager.MyListener - The element with locator --->By.cssSelector: [placeholder='Address'] was found
11557 [Test worker] INFO  manager.MyListener - Start search element by locator --->By.cssSelector: [placeholder='description']
11578 [Test worker] INFO  manager.MyListener - The element with locator --->By.cssSelector: [placeholder='description'] was found
11744 [Test worker] INFO  manager.MyListener - Start search element by locator --->By.cssSelector: .add_form__2rsm2 button
11765 [Test worker] INFO  manager.MyListener - The element with locator --->By.cssSelector: .add_form__2rsm2 button was found
14815 [Test worker] INFO  manager.MyListener - Start search element by locator --->By.cssSelector: .contact-item_card__2SOIM
14837 [Test worker] INFO  manager.MyListener - The element with locator --->By.cssSelector: .contact-item_card__2SOIM was found
14838 [Test worker] INFO  tests.TestBase - The test 'Add new contact' ends with count of contact in the end --->4
16855 [Test worker] INFO  manager.MyListener - Start search element by locator --->By.cssSelector: h2
16878 [Test worker] INFO  manager.MyListener - The element with locator --->By.cssSelector: h2 was found
16927 [Test worker] INFO  manager.MyListener - Start search element by locator --->By.cssSelector: h3
16940 [Test worker] INFO  manager.MyListener - The element with locator --->By.cssSelector: h3 was found
16991 [Test worker] INFO  tests.TestBase - Test endaddNewContactSuccess
16992 [Test worker] INFO  tests.TestBase - Test name ----->addNewContactSuccessNew
16993 [Test worker] INFO  manager.MyListener - Start search element by locator --->By.xpath: //button[text()='Sign Out']
17016 [Test worker] INFO  manager.MyListener - The element with locator --->By.xpath: //button[text()='Sign Out'] was found
17016 [Test worker] INFO  manager.MyListener - Start search element by locator --->By.cssSelector: .contact-item_card__2SOIM
17031 [Test worker] INFO  manager.MyListener - The element with locator --->By.cssSelector: .contact-item_card__2SOIM was found
17032 [Test worker] INFO  tests.TestBase - The test 'Add new contact starts with count of contact---->4
17032 [Test worker] INFO  manager.MyListener - Start search element by locator --->By.cssSelector: [href='/add']
17046 [Test worker] INFO  manager.MyListener - The element with locator --->By.cssSelector: [href='/add'] was found
17097 [Test worker] INFO  manager.MyListener - Start search element by locator --->By.cssSelector: [placeholder='Name']
17113 [Test worker] INFO  manager.MyListener - The element with locator --->By.cssSelector: [placeholder='Name'] was found
17243 [Test worker] INFO  manager.MyListener - Start search element by locator --->By.cssSelector: [placeholder='Last Name']
17268 [Test worker] INFO  manager.MyListener - The element with locator --->By.cssSelector: [placeholder='Last Name'] was found
17402 [Test worker] INFO  manager.MyListener - Start search element by locator --->By.cssSelector: [placeholder='Phone']
17423 [Test worker] INFO  manager.MyListener - The element with locator --->By.cssSelector: [placeholder='Phone'] was found
17573 [Test worker] INFO  manager.MyListener - Start search element by locator --->By.cssSelector: [placeholder='email']
17596 [Test worker] INFO  manager.MyListener - The element with locator --->By.cssSelector: [placeholder='email'] was found
17732 [Test worker] INFO  manager.MyListener - Start search element by locator --->By.cssSelector: [placeholder='Address']
17747 [Test worker] INFO  manager.MyListener - The element with locator --->By.cssSelector: [placeholder='Address'] was found
17880 [Test worker] INFO  manager.MyListener - Start search element by locator --->By.cssSelector: [placeholder='description']
17902 [Test worker] INFO  manager.MyListener - The element with locator --->By.cssSelector: [placeholder='description'] was found
18030 [Test worker] INFO  manager.MyListener - Start search element by locator --->By.cssSelector: .add_form__2rsm2 button
18044 [Test worker] INFO  manager.MyListener - The element with locator --->By.cssSelector: .add_form__2rsm2 button was found
21094 [Test worker] INFO  manager.MyListener - Start search element by locator --->By.cssSelector: .contact-item_card__2SOIM
21117 [Test worker] INFO  manager.MyListener - The element with locator --->By.cssSelector: .contact-item_card__2SOIM was found
21117 [Test worker] INFO  tests.TestBase - The test 'Add new contact' ends with count of contact in the end --->5
23127 [Test worker] INFO  manager.MyListener - Start search element by locator --->By.cssSelector: h2
23149 [Test worker] INFO  manager.MyListener - The element with locator --->By.cssSelector: h2 was found
23199 [Test worker] INFO  manager.MyListener - Start search element by locator --->By.cssSelector: h3
23212 [Test worker] INFO  manager.MyListener - The element with locator --->By.cssSelector: h3 was found
23276 [Test worker] INFO  tests.TestBase - Test endaddNewContactSuccessNew
23282 [Test worker] INFO  tests.TestBase - Test name ----->addNewContactSuccessScv
23282 [Test worker] INFO  manager.MyListener - Start search element by locator --->By.xpath: //button[text()='Sign Out']
23310 [Test worker] INFO  manager.MyListener - The element with locator --->By.xpath: //button[text()='Sign Out'] was found
23310 [Test worker] INFO  manager.MyListener - Start search element by locator --->By.cssSelector: .contact-item_card__2SOIM
23320 [Test worker] INFO  manager.MyListener - The element with locator --->By.cssSelector: .contact-item_card__2SOIM was found
23320 [Test worker] INFO  manager.MyListener - Start search element by locator --->By.cssSelector: [href='/add']
23335 [Test worker] INFO  manager.MyListener - The element with locator --->By.cssSelector: [href='/add'] was found
23377 [Test worker] INFO  manager.MyListener - Start search element by locator --->By.cssSelector: [placeholder='Name']
23400 [Test worker] INFO  manager.MyListener - The element with locator --->By.cssSelector: [placeholder='Name'] was found
23530 [Test worker] INFO  manager.MyListener - Start search element by locator --->By.cssSelector: [placeholder='Last Name']
23553 [Test worker] INFO  manager.MyListener - The element with locator --->By.cssSelector: [placeholder='Last Name'] was found
23688 [Test worker] INFO  manager.MyListener - Start search element by locator --->By.cssSelector: [placeholder='Phone']
23708 [Test worker] INFO  manager.MyListener - The element with locator --->By.cssSelector: [placeholder='Phone'] was found
23849 [Test worker] INFO  manager.MyListener - Start search element by locator --->By.cssSelector: [placeholder='email']
23868 [Test worker] INFO  manager.MyListener - The element with locator --->By.cssSelector: [placeholder='email'] was found
24029 [Test worker] INFO  manager.MyListener - Start search element by locator --->By.cssSelector: [placeholder='Address']
24043 [Test worker] INFO  manager.MyListener - The element with locator --->By.cssSelector: [placeholder='Address'] was found
24181 [Test worker] INFO  manager.MyListener - Start search element by locator --->By.cssSelector: [placeholder='description']
24191 [Test worker] INFO  manager.MyListener - The element with locator --->By.cssSelector: [placeholder='description'] was found
24333 [Test worker] INFO  manager.MyListener - Start search element by locator --->By.cssSelector: .add_form__2rsm2 button
24350 [Test worker] INFO  manager.MyListener - The element with locator --->By.cssSelector: .add_form__2rsm2 button was found
27413 [Test worker] INFO  manager.MyListener - Start search element by locator --->By.cssSelector: .contact-item_card__2SOIM
27437 [Test worker] INFO  manager.MyListener - The element with locator --->By.cssSelector: .contact-item_card__2SOIM was found
29442 [Test worker] INFO  manager.MyListener - Start search element by locator --->By.cssSelector: h2
29471 [Test worker] INFO  manager.MyListener - The element with locator --->By.cssSelector: h2 was found
29555 [Test worker] INFO  manager.MyListener - Start search element by locator --->By.cssSelector: h3
29580 [Test worker] INFO  manager.MyListener - The element with locator --->By.cssSelector: h3 was found
29662 [Test worker] INFO  tests.TestBase - Test endaddNewContactSuccessScv
29663 [Test worker] INFO  tests.TestBase - Test name ----->addNewContactSuccessScv
29663 [Test worker] INFO  manager.MyListener - Start search element by locator --->By.xpath: //button[text()='Sign Out']
29683 [Test worker] INFO  manager.MyListener - The element with locator --->By.xpath: //button[text()='Sign Out'] was found
29683 [Test worker] INFO  manager.MyListener - Start search element by locator --->By.cssSelector: .contact-item_card__2SOIM
29699 [Test worker] INFO  manager.MyListener - The element with locator --->By.cssSelector: .contact-item_card__2SOIM was found
29700 [Test worker] INFO  manager.MyListener - Start search element by locator --->By.cssSelector: [href='/add']
29713 [Test worker] INFO  manager.MyListener - The element with locator --->By.cssSelector: [href='/add'] was found
29752 [Test worker] INFO  manager.MyListener - Start search element by locator --->By.cssSelector: [placeholder='Name']
29784 [Test worker] INFO  manager.MyListener - The element with locator --->By.cssSelector: [placeholder='Name'] was found
29908 [Test worker] INFO  manager.MyListener - Start search element by locator --->By.cssSelector: [placeholder='Last Name']
29931 [Test worker] INFO  manager.MyListener - The element with locator --->By.cssSelector: [placeholder='Last Name'] was found
30067 [Test worker] INFO  manager.MyListener - Start search element by locator --->By.cssSelector: [placeholder='Phone']
30087 [Test worker] INFO  manager.MyListener - The element with locator --->By.cssSelector: [placeholder='Phone'] was found
30233 [Test worker] INFO  manager.MyListener - Start search element by locator --->By.cssSelector: [placeholder='email']
30245 [Test worker] INFO  manager.MyListener - The element with locator --->By.cssSelector: [placeholder='email'] was found
30402 [Test worker] INFO  manager.MyListener - Start search element by locator --->By.cssSelector: [placeholder='Address']
30417 [Test worker] INFO  manager.MyListener - The element with locator --->By.cssSelector: [placeholder='Address'] was found
30530 [Test worker] INFO  manager.MyListener - Start search element by locator --->By.cssSelector: [placeholder='description']
30542 [Test worker] INFO  manager.MyListener - The element with locator --->By.cssSelector: [placeholder='description'] was found
30674 [Test worker] INFO  manager.MyListener - Start search element by locator --->By.cssSelector: .add_form__2rsm2 button
30696 [Test worker] INFO  manager.MyListener - The element with locator --->By.cssSelector: .add_form__2rsm2 button was found
33736 [Test worker] INFO  manager.MyListener - Start search element by locator --->By.cssSelector: .contact-item_card__2SOIM
33759 [Test worker] INFO  manager.MyListener - The element with locator --->By.cssSelector: .contact-item_card__2SOIM was found
35766 [Test worker] INFO  manager.MyListener - Start search element by locator --->By.cssSelector: h2
35788 [Test worker] INFO  manager.MyListener - The element with locator --->By.cssSelector: h2 was found
35871 [Test worker] INFO  manager.MyListener - Start search element by locator --->By.cssSelector: h3
35882 [Test worker] INFO  manager.MyListener - The element with locator --->By.cssSelector: h3 was found
35964 [Test worker] INFO  tests.TestBase - Test endaddNewContactSuccessScv
35965 [Test worker] INFO  tests.TestBase - Test name ----->addNewContactSuccessScv
35965 [Test worker] INFO  manager.MyListener - Start search element by locator --->By.xpath: //button[text()='Sign Out']
35976 [Test worker] INFO  manager.MyListener - The element with locator --->By.xpath: //button[text()='Sign Out'] was found
35977 [Test worker] INFO  manager.MyListener - Start search element by locator --->By.cssSelector: .contact-item_card__2SOIM
35990 [Test worker] INFO  manager.MyListener - The element with locator --->By.cssSelector: .contact-item_card__2SOIM was found
35990 [Test worker] INFO  manager.MyListener - Start search element by locator --->By.cssSelector: [href='/add']
36005 [Test worker] INFO  manager.MyListener - The element with locator --->By.cssSelector: [href='/add'] was found
36052 [Test worker] INFO  manager.MyListener - Start search element by locator --->By.cssSelector: [placeholder='Name']
36071 [Test worker] INFO  manager.MyListener - The element with locator --->By.cssSelector: [placeholder='Name'] was found
36193 [Test worker] INFO  manager.MyListener - Start search element by locator --->By.cssSelector: [placeholder='Last Name']
36206 [Test worker] INFO  manager.MyListener - The element with locator --->By.cssSelector: [placeholder='Last Name'] was found
36340 [Test worker] INFO  manager.MyListener - Start search element by locator --->By.cssSelector: [placeholder='Phone']
36363 [Test worker] INFO  manager.MyListener - The element with locator --->By.cssSelector: [placeholder='Phone'] was found
36512 [Test worker] INFO  manager.MyListener - Start search element by locator --->By.cssSelector: [placeholder='email']
36521 [Test worker] INFO  manager.MyListener - The element with locator --->By.cssSelector: [placeholder='email'] was found
36664 [Test worker] INFO  manager.MyListener - Start search element by locator --->By.cssSelector: [placeholder='Address']
36678 [Test worker] INFO  manager.MyListener - The element with locator --->By.cssSelector: [placeholder='Address'] was found
36794 [Test worker] INFO  manager.MyListener - Start search element by locator --->By.cssSelector: [placeholder='description']
36813 [Test worker] INFO  manager.MyListener - The element with locator --->By.cssSelector: [placeholder='description'] was found
36952 [Test worker] INFO  manager.MyListener - Start search element by locator --->By.cssSelector: .add_form__2rsm2 button
36970 [Test worker] INFO  manager.MyListener - The element with locator --->By.cssSelector: .add_form__2rsm2 button was found
40026 [Test worker] INFO  manager.MyListener - Start search element by locator --->By.cssSelector: .contact-item_card__2SOIM
40049 [Test worker] INFO  manager.MyListener - The element with locator --->By.cssSelector: .contact-item_card__2SOIM was found
42054 [Test worker] INFO  manager.MyListener - Start search element by locator --->By.cssSelector: h2
42075 [Test worker] INFO  manager.MyListener - The element with locator --->By.cssSelector: h2 was found
42171 [Test worker] INFO  manager.MyListener - Start search element by locator --->By.cssSelector: h3
42186 [Test worker] INFO  manager.MyListener - The element with locator --->By.cssSelector: h3 was found
42282 [Test worker] INFO  tests.TestBase - Test endaddNewContactSuccessScv
42283 [Test worker] INFO  tests.TestBase - Test name ----->fillLoginFormTest
42284 [Test worker] INFO  manager.MyListener - Start search element by locator --->By.xpath: //button[text()='Sign Out']
42294 [Test worker] INFO  manager.MyListener - The element with locator --->By.xpath: //button[text()='Sign Out'] was found
42294 [Test worker] INFO  manager.MyListener - Start search element by locator --->By.xpath: //button[text()='Sign Out']
42316 [Test worker] INFO  manager.MyListener - The element with locator --->By.xpath: //button[text()='Sign Out'] was found
42364 [Test worker] INFO  manager.MyListener - Start search element by locator --->By.cssSelector: [href='/login']
42393 [Test worker] INFO  manager.MyListener - The element with locator --->By.cssSelector: [href='/login'] was found
42447 [Test worker] INFO  manager.MyListener - Start search element by locator --->By.xpath: //input[1]
42470 [Test worker] INFO  manager.MyListener - The element with locator --->By.xpath: //input[1] was found
42616 [Test worker] INFO  manager.MyListener - Start search element by locator --->By.xpath: //input[2]
42637 [Test worker] INFO  manager.MyListener - The element with locator --->By.xpath: //input[2] was found
42775 [Test worker] INFO  manager.MyListener - Start search element by locator --->By.tagName: button
42800 [Test worker] INFO  manager.MyListener - The element with locator --->By.tagName: button was found
47874 [Test worker] INFO  manager.MyListener - Start search element by locator --->By.xpath: //button[text()='Sign Out']
47897 [Test worker] INFO  manager.MyListener - The element with locator --->By.xpath: //button[text()='Sign Out'] was found
47899 [Test worker] INFO  tests.TestBase - Test endfillLoginFormTest
47903 [Test worker] INFO  tests.TestBase - Test name ----->loginSuccessTestModel
47904 [Test worker] INFO  manager.MyListener - Start search element by locator --->By.xpath: //button[text()='Sign Out']
47928 [Test worker] INFO  manager.MyListener - The element with locator --->By.xpath: //button[text()='Sign Out'] was found
47928 [Test worker] INFO  manager.MyListener - Start search element by locator --->By.xpath: //button[text()='Sign Out']
47942 [Test worker] INFO  manager.MyListener - The element with locator --->By.xpath: //button[text()='Sign Out'] was found
47998 [Test worker] INFO  manager.MyListener - Start search element by locator --->By.cssSelector: [href='/login']
48022 [Test worker] INFO  manager.MyListener - The element with locator --->By.cssSelector: [href='/login'] was found
48068 [Test worker] INFO  manager.MyListener - Start search element by locator --->By.xpath: //input[1]
48086 [Test worker] INFO  manager.MyListener - The element with locator --->By.xpath: //input[1] was found
48225 [Test worker] INFO  manager.MyListener - Start search element by locator --->By.xpath: //input[2]
48242 [Test worker] INFO  manager.MyListener - The element with locator --->By.xpath: //input[2] was found
48377 [Test worker] INFO  manager.MyListener - Start search element by locator --->By.tagName: button
48395 [Test worker] INFO  manager.MyListener - The element with locator --->By.tagName: button was found
53452 [Test worker] INFO  manager.MyListener - Start search element by locator --->By.xpath: //button[text()='Sign Out']
53475 [Test worker] INFO  manager.MyListener - The element with locator --->By.xpath: //button[text()='Sign Out'] was found
53476 [Test worker] INFO  tests.TestBase - Test endloginSuccessTestModel
53477 [Test worker] INFO  tests.TestBase - Test name ----->loginSuccessTestModelDataProvider
53478 [Test worker] INFO  manager.MyListener - Start search element by locator --->By.xpath: //button[text()='Sign Out']
53490 [Test worker] INFO  manager.MyListener - The element with locator --->By.xpath: //button[text()='Sign Out'] was found
53490 [Test worker] INFO  manager.MyListener - Start search element by locator --->By.xpath: //button[text()='Sign Out']
53504 [Test worker] INFO  manager.MyListener - The element with locator --->By.xpath: //button[text()='Sign Out'] was found
53550 [Test worker] INFO  manager.MyListener - Start search element by locator --->By.cssSelector: [href='/login']
53575 [Test worker] INFO  manager.MyListener - The element with locator --->By.cssSelector: [href='/login'] was found
53619 [Test worker] INFO  manager.MyListener - Start search element by locator --->By.xpath: //input[1]
53636 [Test worker] INFO  manager.MyListener - The element with locator --->By.xpath: //input[1] was found
53773 [Test worker] INFO  manager.MyListener - Start search element by locator --->By.xpath: //input[2]
53786 [Test worker] INFO  manager.MyListener - The element with locator --->By.xpath: //input[2] was found
53911 [Test worker] INFO  manager.MyListener - Start search element by locator --->By.tagName: button
53921 [Test worker] INFO  manager.MyListener - The element with locator --->By.tagName: button was found
58976 [Test worker] INFO  manager.MyListener - Start search element by locator --->By.xpath: //button[text()='Sign Out']
59001 [Test worker] INFO  manager.MyListener - The element with locator --->By.xpath: //button[text()='Sign Out'] was found
59004 [Test worker] INFO  tests.TestBase - Test endloginSuccessTestModelDataProvider
59005 [Test worker] INFO  tests.TestBase - Test name ----->loginSuccessTestModelDataProvider
59006 [Test worker] INFO  manager.MyListener - Start search element by locator --->By.xpath: //button[text()='Sign Out']
59029 [Test worker] INFO  manager.MyListener - The element with locator --->By.xpath: //button[text()='Sign Out'] was found
59029 [Test worker] INFO  manager.MyListener - Start search element by locator --->By.xpath: //button[text()='Sign Out']
59043 [Test worker] INFO  manager.MyListener - The element with locator --->By.xpath: //button[text()='Sign Out'] was found
59108 [Test worker] INFO  manager.MyListener - Start search element by locator --->By.cssSelector: [href='/login']
59127 [Test worker] INFO  manager.MyListener - The element with locator --->By.cssSelector: [href='/login'] was found
59178 [Test worker] INFO  manager.MyListener - Start search element by locator --->By.xpath: //input[1]
59199 [Test worker] INFO  manager.MyListener - The element with locator --->By.xpath: //input[1] was found
59329 [Test worker] INFO  manager.MyListener - Start search element by locator --->By.xpath: //input[2]
59339 [Test worker] INFO  manager.MyListener - The element with locator --->By.xpath: //input[2] was found
59463 [Test worker] INFO  manager.MyListener - Start search element by locator --->By.tagName: button
59481 [Test worker] INFO  manager.MyListener - The element with locator --->By.tagName: button was found
64537 [Test worker] INFO  manager.MyListener - Start search element by locator --->By.xpath: //button[text()='Sign Out']
64562 [Test worker] INFO  manager.MyListener - The element with locator --->By.xpath: //button[text()='Sign Out'] was found
64563 [Test worker] INFO  tests.TestBase - Test endloginSuccessTestModelDataProvider
64563 [Test worker] INFO  tests.TestBase - Test name ----->loginSuccessTestModelDataProvider
64564 [Test worker] INFO  manager.MyListener - Start search element by locator --->By.xpath: //button[text()='Sign Out']
64577 [Test worker] INFO  manager.MyListener - The element with locator --->By.xpath: //button[text()='Sign Out'] was found
64577 [Test worker] INFO  manager.MyListener - Start search element by locator --->By.xpath: //button[text()='Sign Out']
64590 [Test worker] INFO  manager.MyListener - The element with locator --->By.xpath: //button[text()='Sign Out'] was found
64651 [Test worker] INFO  manager.MyListener - Start search element by locator --->By.cssSelector: [href='/login']
64674 [Test worker] INFO  manager.MyListener - The element with locator --->By.cssSelector: [href='/login'] was found
64713 [Test worker] INFO  manager.MyListener - Start search element by locator --->By.xpath: //input[1]
64738 [Test worker] INFO  manager.MyListener - The element with locator --->By.xpath: //input[1] was found
64891 [Test worker] INFO  manager.MyListener - Start search element by locator --->By.xpath: //input[2]
64904 [Test worker] INFO  manager.MyListener - The element with locator --->By.xpath: //input[2] was found
65037 [Test worker] INFO  manager.MyListener - Start search element by locator --->By.tagName: button
65058 [Test worker] INFO  manager.MyListener - The element with locator --->By.tagName: button was found
70113 [Test worker] INFO  manager.MyListener - Start search element by locator --->By.xpath: //button[text()='Sign Out']
70135 [Test worker] INFO  manager.MyListener - The element with locator --->By.xpath: //button[text()='Sign Out'] was found
70136 [Test worker] INFO  tests.TestBase - Test endloginSuccessTestModelDataProvider
70137 [Test worker] INFO  tests.TestBase - Test name ----->negativeLoginTest
70138 [Test worker] INFO  manager.MyListener - Start search element by locator --->By.xpath: //button[text()='Sign Out']
70150 [Test worker] INFO  manager.MyListener - The element with locator --->By.xpath: //button[text()='Sign Out'] was found
70150 [Test worker] INFO  manager.MyListener - Start search element by locator --->By.xpath: //button[text()='Sign Out']
70164 [Test worker] INFO  manager.MyListener - The element with locator --->By.xpath: //button[text()='Sign Out'] was found
70216 [Test worker] INFO  manager.MyListener - Start search element by locator --->By.cssSelector: [href='/login']
70255 [Test worker] INFO  manager.MyListener - The element with locator --->By.cssSelector: [href='/login'] was found
70298 [Test worker] INFO  manager.MyListener - Start search element by locator --->By.xpath: //input[1]
70321 [Test worker] INFO  manager.MyListener - The element with locator --->By.xpath: //input[1] was found
70462 [Test worker] INFO  manager.MyListener - Start search element by locator --->By.xpath: //input[2]
70484 [Test worker] INFO  manager.MyListener - The element with locator --->By.xpath: //input[2] was found
70601 [Test worker] INFO  manager.MyListener - Start search element by locator --->By.tagName: button
70620 [Test worker] INFO  manager.MyListener - The element with locator --->By.tagName: button was found
71245 [Test worker] INFO  tests.TestBase - Test endnegativeLoginTest
71246 [Test worker] INFO  tests.TestBase - Test name ----->negativeRegistrationTest
71247 [Test worker] INFO  manager.MyListener - Start search element by locator --->By.xpath: //button[text()='Sign Out']
76284 [Test worker] INFO  manager.MyListener - The element with locator --->By.xpath: //button[text()='Sign Out'] was found
76285 [Test worker] INFO  manager.MyListener - Start search element by locator --->By.cssSelector: [href='/login']
76304 [Test worker] INFO  manager.MyListener - The element with locator --->By.cssSelector: [href='/login'] was found
76336 [Test worker] INFO  manager.MyListener - Start search element by locator --->By.xpath: //input[1]
76353 [Test worker] INFO  manager.MyListener - The element with locator --->By.xpath: //input[1] was found
76502 [Test worker] INFO  manager.MyListener - Start search element by locator --->By.xpath: //input[2]
76517 [Test worker] INFO  manager.MyListener - The element with locator --->By.xpath: //input[2] was found
76669 [Test worker] INFO  manager.MyListener - Start search element by locator --->By.xpath: //button[text()=' Registration']
76693 [Test worker] INFO  manager.MyListener - The element with locator --->By.xpath: //button[text()=' Registration'] was found
81765 [Test worker] INFO  tests.TestBase - Test endnegativeRegistrationTest
81766 [Test worker] INFO  tests.TestBase - Test name ----->successRegistrationTest
81767 [Test worker] INFO  manager.MyListener - Start search element by locator --->By.xpath: //button[text()='Sign Out']
86812 [Test worker] INFO  manager.MyListener - The element with locator --->By.xpath: //button[text()='Sign Out'] was found
86812 [Test worker] INFO  manager.MyListener - Start search element by locator --->By.cssSelector: [href='/login']
86829 [Test worker] INFO  manager.MyListener - The element with locator --->By.cssSelector: [href='/login'] was found
86868 [Test worker] INFO  manager.MyListener - Start search element by locator --->By.xpath: //input[1]
86894 [Test worker] INFO  manager.MyListener - The element with locator --->By.xpath: //input[1] was found
87082 [Test worker] INFO  manager.MyListener - Start search element by locator --->By.xpath: //input[2]
87096 [Test worker] INFO  manager.MyListener - The element with locator --->By.xpath: //input[2] was found
87231 [Test worker] INFO  manager.MyListener - Start search element by locator --->By.xpath: //button[text()=' Registration']
87256 [Test worker] INFO  manager.MyListener - The element with locator --->By.xpath: //button[text()=' Registration'] was found
92306 [Test worker] INFO  manager.MyListener - Start search element by locator --->By.xpath: //button[text()='Sign Out']
92329 [Test worker] INFO  manager.MyListener - The element with locator --->By.xpath: //button[text()='Sign Out'] was found
92330 [Test worker] INFO  tests.TestBase - Test endsuccessRegistrationTest
92331 [Test worker] INFO  tests.TestBase - Test name ----->successRegistrationTestNew
92332 [Test worker] INFO  manager.MyListener - Start search element by locator --->By.xpath: //button[text()='Sign Out']
92346 [Test worker] INFO  manager.MyListener - The element with locator --->By.xpath: //button[text()='Sign Out'] was found
92346 [Test worker] INFO  manager.MyListener - Start search element by locator --->By.xpath: //button[text()='Sign Out']
92360 [Test worker] INFO  manager.MyListener - The element with locator --->By.xpath: //button[text()='Sign Out'] was found
92412 [Test worker] INFO  manager.MyListener - Start search element by locator --->By.cssSelector: [href='/login']
92423 [Test worker] INFO  manager.MyListener - The element with locator --->By.cssSelector: [href='/login'] was found
92473 [Test worker] INFO  manager.MyListener - Start search element by locator --->By.xpath: //input[1]
92486 [Test worker] INFO  manager.MyListener - The element with locator --->By.xpath: //input[1] was found
92646 [Test worker] INFO  manager.MyListener - Start search element by locator --->By.xpath: //input[2]
92666 [Test worker] INFO  manager.MyListener - The element with locator --->By.xpath: //input[2] was found
92793 [Test worker] INFO  manager.MyListener - Start search element by locator --->By.xpath: //button[text()=' Registration']
92818 [Test worker] INFO  manager.MyListener - The element with locator --->By.xpath: //button[text()=' Registration'] was found
97856 [Test worker] INFO  manager.MyListener - Start search element by locator --->By.xpath: //button[text()='Sign Out']
97878 [Test worker] INFO  manager.MyListener - The element with locator --->By.xpath: //button[text()='Sign Out'] was found
97879 [Test worker] INFO  tests.TestBase - Test endsuccessRegistrationTestNew
97880 [Test worker] INFO  tests.TestBase - Test name ----->successRegistrationTestNew
97881 [Test worker] INFO  manager.MyListener - Start search element by locator --->By.xpath: //button[text()='Sign Out']
97894 [Test worker] INFO  manager.MyListener - The element with locator --->By.xpath: //button[text()='Sign Out'] was found
97894 [Test worker] INFO  manager.MyListener - Start search element by locator --->By.xpath: //button[text()='Sign Out']
97908 [Test worker] INFO  manager.MyListener - The element with locator --->By.xpath: //button[text()='Sign Out'] was found
97957 [Test worker] INFO  manager.MyListener - Start search element by locator --->By.cssSelector: [href='/login']
97977 [Test worker] INFO  manager.MyListener - The element with locator --->By.cssSelector: [href='/login'] was found
98025 [Test worker] INFO  manager.MyListener - Start search element by locator --->By.xpath: //input[1]
98036 [Test worker] INFO  manager.MyListener - The element with locator --->By.xpath: //input[1] was found
98182 [Test worker] INFO  manager.MyListener - Start search element by locator --->By.xpath: //input[2]
98205 [Test worker] INFO  manager.MyListener - The element with locator --->By.xpath: //input[2] was found
98331 [Test worker] INFO  manager.MyListener - Start search element by locator --->By.xpath: //button[text()=' Registration']
98344 [Test worker] INFO  manager.MyListener - The element with locator --->By.xpath: //button[text()=' Registration'] was found
103398 [Test worker] INFO  manager.MyListener - Start search element by locator --->By.xpath: //button[text()='Sign Out']
103423 [Test worker] INFO  manager.MyListener - Something wrong!!!
103424 [Test worker] INFO  manager.MyListener - unexpected alert open: {Alert text : User already exist}
  (Session info: chrome=102.0.5005.63): User already exist
Build info: version: '3.141.59', revision: 'e82be7d358', time: '2018-11-14T08:17:03'
System info: host: 'DESKTOP-B7SSTIV', ip: '192.168.1.13', os.name: 'Windows 10', os.arch: 'amd64', os.version: '10.0', java.version: '1.8.0_201'
Driver info: org.openqa.selenium.chrome.ChromeDriver
Capabilities {acceptInsecureCerts: false, browserName: chrome, browserVersion: 102.0.5005.63, chrome: {chromedriverVersion: 102.0.5005.27 (df4a85108ffa..., userDataDir: C:\Users\Andrey\AppData\Loc...}, goog:chromeOptions: {debuggerAddress: localhost:65303}, javascriptEnabled: true, networkConnectionEnabled: false, pageLoadStrategy: normal, platform: WINDOWS, platformName: WINDOWS, proxy: Proxy(), setWindowRect: true, strictFileInteractability: false, timeouts: {implicit: 0, pageLoad: 300000, script: 30000}, unhandledPromptBehavior: dismiss and notify, webauthn:extension:credBlob: true, webauthn:extension:largeBlob: true, webauthn:virtualAuthenticators: true}
Session ID: 4bfb7e523f13710e3fac38bdffff4374
*** Element info: {Using=xpath, value=//button[text()='Sign Out']}
103427 [Test worker] INFO  manager.MyListener - org.openqa.selenium.UnhandledAlertException: unexpected alert open: {Alert text : User already exist}
  (Session info: chrome=102.0.5005.63): User already exist
Build info: version: '3.141.59', revision: 'e82be7d358', time: '2018-11-14T08:17:03'
System info: host: 'DESKTOP-B7SSTIV', ip: '192.168.1.13', os.name: 'Windows 10', os.arch: 'amd64', os.version: '10.0', java.version: '1.8.0_201'
Driver info: org.openqa.selenium.chrome.ChromeDriver
Capabilities {acceptInsecureCerts: false, browserName: chrome, browserVersion: 102.0.5005.63, chrome: {chromedriverVersion: 102.0.5005.27 (df4a85108ffa..., userDataDir: C:\Users\Andrey\AppData\Loc...}, goog:chromeOptions: {debuggerAddress: localhost:65303}, javascriptEnabled: true, networkConnectionEnabled: false, pageLoadStrategy: normal, platform: WINDOWS, platformName: WINDOWS, proxy: Proxy(), setWindowRect: true, strictFileInteractability: false, timeouts: {implicit: 0, pageLoad: 300000, script: 30000}, unhandledPromptBehavior: dismiss and notify, webauthn:extension:credBlob: true, webauthn:extension:largeBlob: true, webauthn:virtualAuthenticators: true}
Session ID: 4bfb7e523f13710e3fac38bdffff4374
*** Element info: {Using=xpath, value=//button[text()='Sign Out']}
104068 [Test worker] INFO  manager.MyListener - Error screenshot link --->src/test/screenshots/screenshot-3227.png
104069 [Test worker] INFO  tests.TestBase - Test endsuccessRegistrationTestNew
104070 [Test worker] INFO  tests.TestBase - Test name ----->successRegistrationTestNew
104070 [Test worker] INFO  manager.MyListener - Start search element by locator --->By.xpath: //button[text()='Sign Out']
109102 [Test worker] INFO  manager.MyListener - The element with locator --->By.xpath: //button[text()='Sign Out'] was found
109103 [Test worker] INFO  manager.MyListener - Start search element by locator --->By.cssSelector: [href='/login']
109119 [Test worker] INFO  manager.MyListener - The element with locator --->By.cssSelector: [href='/login'] was found
109160 [Test worker] INFO  manager.MyListener - Start search element by locator --->By.xpath: //input[1]
109191 [Test worker] INFO  manager.MyListener - The element with locator --->By.xpath: //input[1] was found
109416 [Test worker] INFO  manager.MyListener - Start search element by locator --->By.xpath: //input[2]
109429 [Test worker] INFO  manager.MyListener - The element with locator --->By.xpath: //input[2] was found
109597 [Test worker] INFO  manager.MyListener - Start search element by locator --->By.xpath: //button[text()=' Registration']
109612 [Test worker] INFO  manager.MyListener - The element with locator --->By.xpath: //button[text()=' Registration'] was found
114660 [Test worker] INFO  manager.MyListener - Start search element by locator --->By.xpath: //button[text()='Sign Out']
114679 [Test worker] INFO  manager.MyListener - Something wrong!!!
114680 [Test worker] INFO  manager.MyListener - unexpected alert open: {Alert text : User already exist}
  (Session info: chrome=102.0.5005.63): User already exist
Build info: version: '3.141.59', revision: 'e82be7d358', time: '2018-11-14T08:17:03'
System info: host: 'DESKTOP-B7SSTIV', ip: '192.168.1.13', os.name: 'Windows 10', os.arch: 'amd64', os.version: '10.0', java.version: '1.8.0_201'
Driver info: org.openqa.selenium.chrome.ChromeDriver
Capabilities {acceptInsecureCerts: false, browserName: chrome, browserVersion: 102.0.5005.63, chrome: {chromedriverVersion: 102.0.5005.27 (df4a85108ffa..., userDataDir: C:\Users\Andrey\AppData\Loc...}, goog:chromeOptions: {debuggerAddress: localhost:65303}, javascriptEnabled: true, networkConnectionEnabled: false, pageLoadStrategy: normal, platform: WINDOWS, platformName: WINDOWS, proxy: Proxy(), setWindowRect: true, strictFileInteractability: false, timeouts: {implicit: 0, pageLoad: 300000, script: 30000}, unhandledPromptBehavior: dismiss and notify, webauthn:extension:credBlob: true, webauthn:extension:largeBlob: true, webauthn:virtualAuthenticators: true}
Session ID: 4bfb7e523f13710e3fac38bdffff4374
*** Element info: {Using=xpath, value=//button[text()='Sign Out']}
114680 [Test worker] INFO  manager.MyListener - org.openqa.selenium.UnhandledAlertException: unexpected alert open: {Alert text : User already exist}
  (Session info: chrome=102.0.5005.63): User already exist
Build info: version: '3.141.59', revision: 'e82be7d358', time: '2018-11-14T08:17:03'
System info: host: 'DESKTOP-B7SSTIV', ip: '192.168.1.13', os.name: 'Windows 10', os.arch: 'amd64', os.version: '10.0', java.version: '1.8.0_201'
Driver info: org.openqa.selenium.chrome.ChromeDriver
Capabilities {acceptInsecureCerts: false, browserName: chrome, browserVersion: 102.0.5005.63, chrome: {chromedriverVersion: 102.0.5005.27 (df4a85108ffa..., userDataDir: C:\Users\Andrey\AppData\Loc...}, goog:chromeOptions: {debuggerAddress: localhost:65303}, javascriptEnabled: true, networkConnectionEnabled: false, pageLoadStrategy: normal, platform: WINDOWS, platformName: WINDOWS, proxy: Proxy(), setWindowRect: true, strictFileInteractability: false, timeouts: {implicit: 0, pageLoad: 300000, script: 30000}, unhandledPromptBehavior: dismiss and notify, webauthn:extension:credBlob: true, webauthn:extension:largeBlob: true, webauthn:virtualAuthenticators: true}
Session ID: 4bfb7e523f13710e3fac38bdffff4374
*** Element info: {Using=xpath, value=//button[text()='Sign Out']}
115218 [Test worker] INFO  manager.MyListener - Error screenshot link --->src/test/screenshots/screenshot-3239.png
115222 [Test worker] INFO  tests.TestBase - Test endsuccessRegistrationTestNew
115227 [Test worker] INFO  tests.TestBase - Test name ----->removeAllContacts
115228 [Test worker] INFO  manager.MyListener - Start search element by locator --->By.xpath: //button[text()='Sign Out']
120254 [Test worker] INFO  manager.MyListener - The element with locator --->By.xpath: //button[text()='Sign Out'] was found
120254 [Test worker] INFO  manager.MyListener - Start search element by locator --->By.cssSelector: [href='/login']
120269 [Test worker] INFO  manager.MyListener - The element with locator --->By.cssSelector: [href='/login'] was found
120316 [Test worker] INFO  manager.MyListener - Start search element by locator --->By.xpath: //input[1]
120332 [Test worker] INFO  manager.MyListener - The element with locator --->By.xpath: //input[1] was found
120497 [Test worker] INFO  manager.MyListener - Start search element by locator --->By.xpath: //input[2]
120517 [Test worker] INFO  manager.MyListener - The element with locator --->By.xpath: //input[2] was found
120668 [Test worker] INFO  manager.MyListener - Start search element by locator --->By.tagName: button
120699 [Test worker] INFO  manager.MyListener - The element with locator --->By.tagName: button was found
120746 [Test worker] INFO  manager.MyListener - Start search element by locator --->By.cssSelector: .contact-item_card__2SOIM
121338 [Test worker] INFO  manager.MyListener - The element with locator --->By.cssSelector: .contact-item_card__2SOIM was found
121338 [Test worker] INFO  manager.MyListener - Start search element by locator --->By.cssSelector: .contact-item_card__2SOIM
121353 [Test worker] INFO  manager.MyListener - The element with locator --->By.cssSelector: .contact-item_card__2SOIM was found
121354 [Test worker] INFO  manager.MyListener - Start search element by locator --->By.cssSelector: .contact-item_card__2SOIM h3
121373 [Test worker] INFO  manager.MyListener - The element with locator --->By.cssSelector: .contact-item_card__2SOIM h3 was found
121373 [Test worker] INFO  manager.MyListener - Start search element by locator --->By.cssSelector: .contact-item_card__2SOIM h3
121390 [Test worker] INFO  manager.MyListener - The element with locator --->By.cssSelector: .contact-item_card__2SOIM h3 was found
121403 [Test worker] INFO  manager.MyListener - Start search element by locator --->By.cssSelector: .contact-item_card__2SOIM
121418 [Test worker] INFO  manager.MyListener - The element with locator --->By.cssSelector: .contact-item_card__2SOIM was found
121470 [Test worker] INFO  manager.MyListener - Start search element by locator --->By.xpath: //button[.='Remove']
121483 [Test worker] INFO  manager.MyListener - The element with locator --->By.xpath: //button[.='Remove'] was found
122031 [Test worker] INFO  manager.MyListener - Start search element by locator --->By.cssSelector: .contact-item_card__2SOIM
122053 [Test worker] INFO  manager.MyListener - The element with locator --->By.cssSelector: .contact-item_card__2SOIM was found
122054 [Test worker] INFO  manager.MyListener - Start search element by locator --->By.cssSelector: .contact-item_card__2SOIM
122067 [Test worker] INFO  manager.MyListener - The element with locator --->By.cssSelector: .contact-item_card__2SOIM was found
122067 [Test worker] INFO  manager.MyListener - Start search element by locator --->By.cssSelector: .contact-item_card__2SOIM
122084 [Test worker] INFO  manager.MyListener - The element with locator --->By.cssSelector: .contact-item_card__2SOIM was found
122084 [Test worker] INFO  manager.MyListener - Start search element by locator --->By.cssSelector: .contact-item_card__2SOIM h3
122099 [Test worker] INFO  manager.MyListener - The element with locator --->By.cssSelector: .contact-item_card__2SOIM h3 was found
122099 [Test worker] INFO  manager.MyListener - Start search element by locator --->By.cssSelector: .contact-item_card__2SOIM h3
122121 [Test worker] INFO  manager.MyListener - The element with locator --->By.cssSelector: .contact-item_card__2SOIM h3 was found
122134 [Test worker] INFO  manager.MyListener - Start search element by locator --->By.cssSelector: .contact-item_card__2SOIM
122152 [Test worker] INFO  manager.MyListener - The element with locator --->By.cssSelector: .contact-item_card__2SOIM was found
122193 [Test worker] INFO  manager.MyListener - Start search element by locator --->By.xpath: //button[.='Remove']
122220 [Test worker] INFO  manager.MyListener - The element with locator --->By.xpath: //button[.='Remove'] was found
122777 [Test worker] INFO  manager.MyListener - Start search element by locator --->By.cssSelector: .contact-item_card__2SOIM
122804 [Test worker] INFO  manager.MyListener - The element with locator --->By.cssSelector: .contact-item_card__2SOIM was found
122804 [Test worker] INFO  manager.MyListener - Start search element by locator --->By.cssSelector: .contact-item_card__2SOIM
122829 [Test worker] INFO  manager.MyListener - The element with locator --->By.cssSelector: .contact-item_card__2SOIM was found
122830 [Test worker] INFO  manager.MyListener - Start search element by locator --->By.cssSelector: .contact-item_card__2SOIM
122848 [Test worker] INFO  manager.MyListener - The element with locator --->By.cssSelector: .contact-item_card__2SOIM was found
122848 [Test worker] INFO  manager.MyListener - Start search element by locator --->By.cssSelector: .contact-item_card__2SOIM h3
122864 [Test worker] INFO  manager.MyListener - The element with locator --->By.cssSelector: .contact-item_card__2SOIM h3 was found
122865 [Test worker] INFO  manager.MyListener - Start search element by locator --->By.cssSelector: .contact-item_card__2SOIM h3
122883 [Test worker] INFO  manager.MyListener - The element with locator --->By.cssSelector: .contact-item_card__2SOIM h3 was found
122897 [Test worker] INFO  manager.MyListener - Start search element by locator --->By.cssSelector: .contact-item_card__2SOIM
122909 [Test worker] INFO  manager.MyListener - The element with locator --->By.cssSelector: .contact-item_card__2SOIM was found
122947 [Test worker] INFO  manager.MyListener - Start search element by locator --->By.xpath: //button[.='Remove']
122958 [Test worker] INFO  manager.MyListener - The element with locator --->By.xpath: //button[.='Remove'] was found
123525 [Test worker] INFO  manager.MyListener - Start search element by locator --->By.cssSelector: .contact-item_card__2SOIM
123547 [Test worker] INFO  manager.MyListener - The element with locator --->By.cssSelector: .contact-item_card__2SOIM was found
123548 [Test worker] INFO  manager.MyListener - Start search element by locator --->By.cssSelector: .contact-item_card__2SOIM
123565 [Test worker] INFO  manager.MyListener - The element with locator --->By.cssSelector: .contact-item_card__2SOIM was found
123566 [Test worker] INFO  manager.MyListener - Start search element by locator --->By.cssSelector: .contact-item_card__2SOIM
123580 [Test worker] INFO  manager.MyListener - The element with locator --->By.cssSelector: .contact-item_card__2SOIM was found
123580 [Test worker] INFO  manager.MyListener - Start search element by locator --->By.cssSelector: .contact-item_card__2SOIM h3
123594 [Test worker] INFO  manager.MyListener - The element with locator --->By.cssSelector: .contact-item_card__2SOIM h3 was found
123594 [Test worker] INFO  manager.MyListener - Start search element by locator --->By.cssSelector: .contact-item_card__2SOIM h3
123609 [Test worker] INFO  manager.MyListener - The element with locator --->By.cssSelector: .contact-item_card__2SOIM h3 was found
123616 [Test worker] INFO  manager.MyListener - Start search element by locator --->By.cssSelector: .contact-item_card__2SOIM
123626 [Test worker] INFO  manager.MyListener - The element with locator --->By.cssSelector: .contact-item_card__2SOIM was found
123671 [Test worker] INFO  manager.MyListener - Start search element by locator --->By.xpath: //button[.='Remove']
123688 [Test worker] INFO  manager.MyListener - The element with locator --->By.xpath: //button[.='Remove'] was found
124239 [Test worker] INFO  manager.MyListener - Start search element by locator --->By.cssSelector: .contact-item_card__2SOIM
124262 [Test worker] INFO  manager.MyListener - The element with locator --->By.cssSelector: .contact-item_card__2SOIM was found
124262 [Test worker] INFO  manager.MyListener - Start search element by locator --->By.cssSelector: .contact-item_card__2SOIM
124278 [Test worker] INFO  manager.MyListener - The element with locator --->By.cssSelector: .contact-item_card__2SOIM was found
124278 [Test worker] INFO  manager.MyListener - Start search element by locator --->By.cssSelector: .contact-item_card__2SOIM
124291 [Test worker] INFO  manager.MyListener - The element with locator --->By.cssSelector: .contact-item_card__2SOIM was found
124292 [Test worker] INFO  manager.MyListener - Start search element by locator --->By.cssSelector: .contact-item_card__2SOIM h3
124313 [Test worker] INFO  manager.MyListener - The element with locator --->By.cssSelector: .contact-item_card__2SOIM h3 was found
124314 [Test worker] INFO  manager.MyListener - Start search element by locator --->By.cssSelector: .contact-item_card__2SOIM h3
124340 [Test worker] INFO  manager.MyListener - The element with locator --->By.cssSelector: .contact-item_card__2SOIM h3 was found
124346 [Test worker] INFO  manager.MyListener - Start search element by locator --->By.cssSelector: .contact-item_card__2SOIM
124368 [Test worker] INFO  manager.MyListener - The element with locator --->By.cssSelector: .contact-item_card__2SOIM was found
124420 [Test worker] INFO  manager.MyListener - Start search element by locator --->By.xpath: //button[.='Remove']
124433 [Test worker] INFO  manager.MyListener - The element with locator --->By.xpath: //button[.='Remove'] was found
124984 [Test worker] INFO  manager.MyListener - Start search element by locator --->By.cssSelector: .contact-item_card__2SOIM
125006 [Test worker] INFO  manager.MyListener - The element with locator --->By.cssSelector: .contact-item_card__2SOIM was found
125006 [Test worker] INFO  manager.MyListener - Start search element by locator --->By.cssSelector: .contact-item_card__2SOIM
125023 [Test worker] INFO  manager.MyListener - The element with locator --->By.cssSelector: .contact-item_card__2SOIM was found
125023 [Test worker] INFO  manager.MyListener - Start search element by locator --->By.cssSelector: .contact-item_card__2SOIM
125038 [Test worker] INFO  manager.MyListener - The element with locator --->By.cssSelector: .contact-item_card__2SOIM was found
125038 [Test worker] INFO  manager.MyListener - Start search element by locator --->By.cssSelector: .contact-item_card__2SOIM h3
125052 [Test worker] INFO  manager.MyListener - The element with locator --->By.cssSelector: .contact-item_card__2SOIM h3 was found
125052 [Test worker] INFO  manager.MyListener - Start search element by locator --->By.cssSelector: .contact-item_card__2SOIM h3
125068 [Test worker] INFO  manager.MyListener - The element with locator --->By.cssSelector: .contact-item_card__2SOIM h3 was found
125086 [Test worker] INFO  manager.MyListener - Start search element by locator --->By.cssSelector: .contact-item_card__2SOIM
125102 [Test worker] INFO  manager.MyListener - The element with locator --->By.cssSelector: .contact-item_card__2SOIM was found
125139 [Test worker] INFO  manager.MyListener - Start search element by locator --->By.xpath: //button[.='Remove']
125170 [Test worker] INFO  manager.MyListener - The element with locator --->By.xpath: //button[.='Remove'] was found
125729 [Test worker] INFO  manager.MyListener - Start search element by locator --->By.cssSelector: .contact-item_card__2SOIM
125753 [Test worker] INFO  manager.MyListener - The element with locator --->By.cssSelector: .contact-item_card__2SOIM was found
125753 [Test worker] INFO  manager.MyListener - Start search element by locator --->By.cssSelector: .contact-item_card__2SOIM
125766 [Test worker] INFO  manager.MyListener - The element with locator --->By.cssSelector: .contact-item_card__2SOIM was found
125766 [Test worker] INFO  manager.MyListener - Start search element by locator --->By.cssSelector: .contact-item_card__2SOIM
125782 [Test worker] INFO  manager.MyListener - The element with locator --->By.cssSelector: .contact-item_card__2SOIM was found
125783 [Test worker] INFO  manager.MyListener - Start search element by locator --->By.cssSelector: .contact-item_card__2SOIM h3
125797 [Test worker] INFO  manager.MyListener - The element with locator --->By.cssSelector: .contact-item_card__2SOIM h3 was found
125797 [Test worker] INFO  manager.MyListener - Start search element by locator --->By.cssSelector: .contact-item_card__2SOIM h3
125813 [Test worker] INFO  manager.MyListener - The element with locator --->By.cssSelector: .contact-item_card__2SOIM h3 was found
125820 [Test worker] INFO  manager.MyListener - Start search element by locator --->By.cssSelector: .contact-item_card__2SOIM
125833 [Test worker] INFO  manager.MyListener - The element with locator --->By.cssSelector: .contact-item_card__2SOIM was found
125866 [Test worker] INFO  manager.MyListener - Start search element by locator --->By.xpath: //button[.='Remove']
125878 [Test worker] INFO  manager.MyListener - The element with locator --->By.xpath: //button[.='Remove'] was found
126429 [Test worker] INFO  manager.MyListener - Start search element by locator --->By.cssSelector: .contact-item_card__2SOIM
126451 [Test worker] INFO  manager.MyListener - The element with locator --->By.cssSelector: .contact-item_card__2SOIM was found
126451 [Test worker] INFO  manager.MyListener - Start search element by locator --->By.cssSelector: .contact-item_card__2SOIM
126468 [Test worker] INFO  manager.MyListener - The element with locator --->By.cssSelector: .contact-item_card__2SOIM was found
126468 [Test worker] INFO  manager.MyListener - Start search element by locator --->By.cssSelector: .contact-item_card__2SOIM
126482 [Test worker] INFO  manager.MyListener - The element with locator --->By.cssSelector: .contact-item_card__2SOIM was found
126482 [Test worker] INFO  manager.MyListener - Start search element by locator --->By.cssSelector: .contact-item_card__2SOIM h3
126502 [Test worker] INFO  manager.MyListener - The element with locator --->By.cssSelector: .contact-item_card__2SOIM h3 was found
126502 [Test worker] INFO  manager.MyListener - Start search element by locator --->By.cssSelector: .contact-item_card__2SOIM h3
126512 [Test worker] INFO  manager.MyListener - The element with locator --->By.cssSelector: .contact-item_card__2SOIM h3 was found
126519 [Test worker] INFO  manager.MyListener - Start search element by locator --->By.cssSelector: .contact-item_card__2SOIM
126527 [Test worker] INFO  manager.MyListener - The element with locator --->By.cssSelector: .contact-item_card__2SOIM was found
126564 [Test worker] INFO  manager.MyListener - Start search element by locator --->By.xpath: //button[.='Remove']
126575 [Test worker] INFO  manager.MyListener - The element with locator --->By.xpath: //button[.='Remove'] was found
127128 [Test worker] INFO  manager.MyListener - Start search element by locator --->By.cssSelector: .contact-item_card__2SOIM
127151 [Test worker] INFO  manager.MyListener - The element with locator --->By.cssSelector: .contact-item_card__2SOIM was found
127151 [Test worker] INFO  manager.MyListener - Start search element by locator --->By.cssSelector: .contact-item_card__2SOIM
127165 [Test worker] INFO  manager.MyListener - The element with locator --->By.cssSelector: .contact-item_card__2SOIM was found
127165 [Test worker] INFO  manager.MyListener - Start search element by locator --->By.cssSelector: .contact-item_card__2SOIM
127186 [Test worker] INFO  manager.MyListener - The element with locator --->By.cssSelector: .contact-item_card__2SOIM was found
127186 [Test worker] INFO  manager.MyListener - Start search element by locator --->By.cssSelector: .contact-item_card__2SOIM h3
127198 [Test worker] INFO  manager.MyListener - The element with locator --->By.cssSelector: .contact-item_card__2SOIM h3 was found
127198 [Test worker] INFO  manager.MyListener - Start search element by locator --->By.cssSelector: .contact-item_card__2SOIM h3
127213 [Test worker] INFO  manager.MyListener - The element with locator --->By.cssSelector: .contact-item_card__2SOIM h3 was found
127220 [Test worker] INFO  manager.MyListener - Start search element by locator --->By.cssSelector: .contact-item_card__2SOIM
127241 [Test worker] INFO  manager.MyListener - The element with locator --->By.cssSelector: .contact-item_card__2SOIM was found
127290 [Test worker] INFO  manager.MyListener - Start search element by locator --->By.xpath: //button[.='Remove']
127303 [Test worker] INFO  manager.MyListener - The element with locator --->By.xpath: //button[.='Remove'] was found
127856 [Test worker] INFO  manager.MyListener - Start search element by locator --->By.cssSelector: .contact-item_card__2SOIM
127879 [Test worker] INFO  manager.MyListener - The element with locator --->By.cssSelector: .contact-item_card__2SOIM was found
127879 [Test worker] INFO  manager.MyListener - Start search element by locator --->By.cssSelector: .contact-item_card__2SOIM
127894 [Test worker] INFO  manager.MyListener - The element with locator --->By.cssSelector: .contact-item_card__2SOIM was found
127895 [Test worker] INFO  manager.MyListener - Start search element by locator --->By.cssSelector: .contact-item_card__2SOIM
127908 [Test worker] INFO  manager.MyListener - The element with locator --->By.cssSelector: .contact-item_card__2SOIM was found
127908 [Test worker] INFO  manager.MyListener - Start search element by locator --->By.cssSelector: .contact-item_card__2SOIM h3
127925 [Test worker] INFO  manager.MyListener - The element with locator --->By.cssSelector: .contact-item_card__2SOIM h3 was found
127925 [Test worker] INFO  manager.MyListener - Start search element by locator --->By.cssSelector: .contact-item_card__2SOIM h3
127939 [Test worker] INFO  manager.MyListener - The element with locator --->By.cssSelector: .contact-item_card__2SOIM h3 was found
127951 [Test worker] INFO  manager.MyListener - Start search element by locator --->By.cssSelector: .contact-item_card__2SOIM
127970 [Test worker] INFO  manager.MyListener - The element with locator --->By.cssSelector: .contact-item_card__2SOIM was found
128005 [Test worker] INFO  manager.MyListener - Start search element by locator --->By.xpath: //button[.='Remove']
128017 [Test worker] INFO  manager.MyListener - The element with locator --->By.xpath: //button[.='Remove'] was found
128568 [Test worker] INFO  manager.MyListener - Start search element by locator --->By.cssSelector: .contact-item_card__2SOIM
128591 [Test worker] INFO  manager.MyListener - The element with locator --->By.cssSelector: .contact-item_card__2SOIM was found
128591 [Test worker] INFO  manager.MyListener - Start search element by locator --->By.cssSelector: .contact-item_card__2SOIM
128605 [Test worker] INFO  manager.MyListener - The element with locator --->By.cssSelector: .contact-item_card__2SOIM was found
128605 [Test worker] INFO  manager.MyListener - Start search element by locator --->By.cssSelector: .contact-item_card__2SOIM
128620 [Test worker] INFO  manager.MyListener - The element with locator --->By.cssSelector: .contact-item_card__2SOIM was found
128621 [Test worker] INFO  manager.MyListener - Start search element by locator --->By.cssSelector: .contact-item_card__2SOIM h3
128638 [Test worker] INFO  manager.MyListener - The element with locator --->By.cssSelector: .contact-item_card__2SOIM h3 was found
128638 [Test worker] INFO  manager.MyListener - Start search element by locator --->By.cssSelector: .contact-item_card__2SOIM h3
128652 [Test worker] INFO  manager.MyListener - The element with locator --->By.cssSelector: .contact-item_card__2SOIM h3 was found
128659 [Test worker] INFO  manager.MyListener - Start search element by locator --->By.cssSelector: .contact-item_card__2SOIM
128669 [Test worker] INFO  manager.MyListener - The element with locator --->By.cssSelector: .contact-item_card__2SOIM was found
128701 [Test worker] INFO  manager.MyListener - Start search element by locator --->By.xpath: //button[.='Remove']
128720 [Test worker] INFO  manager.MyListener - The element with locator --->By.xpath: //button[.='Remove'] was found
129266 [Test worker] INFO  manager.MyListener - Start search element by locator --->By.cssSelector: .contact-item_card__2SOIM
134296 [Test worker] INFO  manager.MyListener - The element with locator --->By.cssSelector: .contact-item_card__2SOIM was found
134296 [Test worker] INFO  manager.MyListener - Start search element by locator --->By.cssSelector: .contact-item_card__2SOIM
139325 [Test worker] INFO  manager.MyListener - The element with locator --->By.cssSelector: .contact-item_card__2SOIM was found
139325 [Test worker] INFO  tests.TestBase - Test endremoveAllContacts
139326 [Test worker] INFO  tests.TestBase - Test name ----->removeOneContact
139327 [Test worker] INFO  manager.MyListener - Start search element by locator --->By.xpath: //button[text()='Sign Out']
139346 [Test worker] INFO  manager.MyListener - The element with locator --->By.xpath: //button[text()='Sign Out'] was found
139347 [Test worker] INFO  manager.MyListener - Start search element by locator --->By.cssSelector: .contact-item_card__2SOIM
144371 [Test worker] INFO  manager.MyListener - Something wrong!!!
144371 [Test worker] INFO  manager.MyListener - no such element: Unable to locate element: {"method":"css selector","selector":".contact-item_card__2SOIM"}
  (Session info: chrome=102.0.5005.63)
For documentation on this error, please visit: https://www.seleniumhq.org/exceptions/no_such_element.html
Build info: version: '3.141.59', revision: 'e82be7d358', time: '2018-11-14T08:17:03'
System info: host: 'DESKTOP-B7SSTIV', ip: '192.168.1.13', os.name: 'Windows 10', os.arch: 'amd64', os.version: '10.0', java.version: '1.8.0_201'
Driver info: org.openqa.selenium.chrome.ChromeDriver
Capabilities {acceptInsecureCerts: false, browserName: chrome, browserVersion: 102.0.5005.63, chrome: {chromedriverVersion: 102.0.5005.27 (df4a85108ffa..., userDataDir: C:\Users\Andrey\AppData\Loc...}, goog:chromeOptions: {debuggerAddress: localhost:65303}, javascriptEnabled: true, networkConnectionEnabled: false, pageLoadStrategy: normal, platform: WINDOWS, platformName: WINDOWS, proxy: Proxy(), setWindowRect: true, strictFileInteractability: false, timeouts: {implicit: 0, pageLoad: 300000, script: 30000}, unhandledPromptBehavior: dismiss and notify, webauthn:extension:credBlob: true, webauthn:extension:largeBlob: true, webauthn:virtualAuthenticators: true}
Session ID: 4bfb7e523f13710e3fac38bdffff4374
*** Element info: {Using=css selector, value=.contact-item_card__2SOIM}
144371 [Test worker] INFO  manager.MyListener - org.openqa.selenium.NoSuchElementException: no such element: Unable to locate element: {"method":"css selector","selector":".contact-item_card__2SOIM"}
  (Session info: chrome=102.0.5005.63)
For documentation on this error, please visit: https://www.seleniumhq.org/exceptions/no_such_element.html
Build info: version: '3.141.59', revision: 'e82be7d358', time: '2018-11-14T08:17:03'
System info: host: 'DESKTOP-B7SSTIV', ip: '192.168.1.13', os.name: 'Windows 10', os.arch: 'amd64', os.version: '10.0', java.version: '1.8.0_201'
Driver info: org.openqa.selenium.chrome.ChromeDriver
Capabilities {acceptInsecureCerts: false, browserName: chrome, browserVersion: 102.0.5005.63, chrome: {chromedriverVersion: 102.0.5005.27 (df4a85108ffa..., userDataDir: C:\Users\Andrey\AppData\Loc...}, goog:chromeOptions: {debuggerAddress: localhost:65303}, javascriptEnabled: true, networkConnectionEnabled: false, pageLoadStrategy: normal, platform: WINDOWS, platformName: WINDOWS, proxy: Proxy(), setWindowRect: true, strictFileInteractability: false, timeouts: {implicit: 0, pageLoad: 300000, script: 30000}, unhandledPromptBehavior: dismiss and notify, webauthn:extension:credBlob: true, webauthn:extension:largeBlob: true, webauthn:virtualAuthenticators: true}
Session ID: 4bfb7e523f13710e3fac38bdffff4374
*** Element info: {Using=css selector, value=.contact-item_card__2SOIM}
144904 [Test worker] INFO  manager.MyListener - Error screenshot link --->src/test/screenshots/screenshot-3268.png
144905 [Test worker] INFO  tests.TestBase - Test endremoveOneContact
