2900 [Test worker] INFO  manager.ApplicationManager - All tests starts in 'Chrome' browser
4043 [Test worker] INFO  tests.TestBase - Test name ----->fillLoginFormTest
4047 [Test worker] INFO  manager.MyListener - Start search element by locator --->By.xpath: //button[text()='Sign Out']
9091 [Test worker] INFO  manager.MyListener - The element with locator --->By.xpath: //button[text()='Sign Out'] was found
9093 [Test worker] INFO  manager.MyListener - Start search element by locator --->By.cssSelector: [href='/login']
9123 [Test worker] INFO  manager.MyListener - The element with locator --->By.cssSelector: [href='/login'] was found
9221 [Test worker] INFO  manager.MyListener - Start search element by locator --->By.xpath: //input[1]
9254 [Test worker] INFO  manager.MyListener - The element with locator --->By.xpath: //input[1] was found
9537 [Test worker] INFO  manager.MyListener - Start search element by locator --->By.xpath: //input[2]
9556 [Test worker] INFO  manager.MyListener - The element with locator --->By.xpath: //input[2] was found
9720 [Test worker] INFO  manager.MyListener - Start search element by locator --->By.tagName: button
9744 [Test worker] INFO  manager.MyListener - The element with locator --->By.tagName: button was found
14799 [Test worker] INFO  manager.MyListener - Start search element by locator --->By.xpath: //button[text()='Sign Out']
14822 [Test worker] INFO  manager.MyListener - The element with locator --->By.xpath: //button[text()='Sign Out'] was found
14827 [Test worker] INFO  tests.TestBase - Test endfillLoginFormTest
14836 [Test worker] INFO  tests.TestBase - Test name ----->loginSuccessTestModel
14837 [Test worker] INFO  manager.MyListener - Start search element by locator --->By.xpath: //button[text()='Sign Out']
14874 [Test worker] INFO  manager.MyListener - The element with locator --->By.xpath: //button[text()='Sign Out'] was found
14874 [Test worker] INFO  manager.MyListener - Start search element by locator --->By.xpath: //button[text()='Sign Out']
14902 [Test worker] INFO  manager.MyListener - The element with locator --->By.xpath: //button[text()='Sign Out'] was found
14960 [Test worker] INFO  manager.MyListener - Start search element by locator --->By.cssSelector: [href='/login']
14984 [Test worker] INFO  manager.MyListener - The element with locator --->By.cssSelector: [href='/login'] was found
15036 [Test worker] INFO  manager.MyListener - Start search element by locator --->By.xpath: //input[1]
15055 [Test worker] INFO  manager.MyListener - The element with locator --->By.xpath: //input[1] was found
15208 [Test worker] INFO  manager.MyListener - Start search element by locator --->By.xpath: //input[2]
15227 [Test worker] INFO  manager.MyListener - The element with locator --->By.xpath: //input[2] was found
15377 [Test worker] INFO  manager.MyListener - Start search element by locator --->By.tagName: button
15398 [Test worker] INFO  manager.MyListener - The element with locator --->By.tagName: button was found
20458 [Test worker] INFO  manager.MyListener - Start search element by locator --->By.xpath: //button[text()='Sign Out']
20481 [Test worker] INFO  manager.MyListener - The element with locator --->By.xpath: //button[text()='Sign Out'] was found
20482 [Test worker] INFO  tests.TestBase - Test endloginSuccessTestModel
20489 [Test worker] INFO  tests.TestBase - Test name ----->loginSuccessTestModelDataProvider
20490 [Test worker] INFO  manager.MyListener - Start search element by locator --->By.xpath: //button[text()='Sign Out']
20511 [Test worker] INFO  manager.MyListener - The element with locator --->By.xpath: //button[text()='Sign Out'] was found
20511 [Test worker] INFO  manager.MyListener - Start search element by locator --->By.xpath: //button[text()='Sign Out']
20526 [Test worker] INFO  manager.MyListener - The element with locator --->By.xpath: //button[text()='Sign Out'] was found
20590 [Test worker] INFO  manager.MyListener - Start search element by locator --->By.cssSelector: [href='/login']
20610 [Test worker] INFO  manager.MyListener - The element with locator --->By.cssSelector: [href='/login'] was found
20651 [Test worker] INFO  manager.MyListener - Start search element by locator --->By.xpath: //input[1]
20668 [Test worker] INFO  manager.MyListener - The element with locator --->By.xpath: //input[1] was found
20818 [Test worker] INFO  manager.MyListener - Start search element by locator --->By.xpath: //input[2]
20839 [Test worker] INFO  manager.MyListener - The element with locator --->By.xpath: //input[2] was found
20978 [Test worker] INFO  manager.MyListener - Start search element by locator --->By.tagName: button
20994 [Test worker] INFO  manager.MyListener - The element with locator --->By.tagName: button was found
26049 [Test worker] INFO  manager.MyListener - Start search element by locator --->By.xpath: //button[text()='Sign Out']
26072 [Test worker] INFO  manager.MyListener - The element with locator --->By.xpath: //button[text()='Sign Out'] was found
26074 [Test worker] INFO  tests.TestBase - Test endloginSuccessTestModelDataProvider
26075 [Test worker] INFO  tests.TestBase - Test name ----->loginSuccessTestModelDataProvider
26076 [Test worker] INFO  manager.MyListener - Start search element by locator --->By.xpath: //button[text()='Sign Out']
26087 [Test worker] INFO  manager.MyListener - The element with locator --->By.xpath: //button[text()='Sign Out'] was found
26087 [Test worker] INFO  manager.MyListener - Start search element by locator --->By.xpath: //button[text()='Sign Out']
26103 [Test worker] INFO  manager.MyListener - The element with locator --->By.xpath: //button[text()='Sign Out'] was found
26157 [Test worker] INFO  manager.MyListener - Start search element by locator --->By.cssSelector: [href='/login']
26185 [Test worker] INFO  manager.MyListener - The element with locator --->By.cssSelector: [href='/login'] was found
26237 [Test worker] INFO  manager.MyListener - Start search element by locator --->By.xpath: //input[1]
26259 [Test worker] INFO  manager.MyListener - The element with locator --->By.xpath: //input[1] was found
26423 [Test worker] INFO  manager.MyListener - Start search element by locator --->By.xpath: //input[2]
26449 [Test worker] INFO  manager.MyListener - The element with locator --->By.xpath: //input[2] was found
26575 [Test worker] INFO  manager.MyListener - Start search element by locator --->By.tagName: button
26597 [Test worker] INFO  manager.MyListener - The element with locator --->By.tagName: button was found
31666 [Test worker] INFO  manager.MyListener - Start search element by locator --->By.xpath: //button[text()='Sign Out']
31688 [Test worker] INFO  manager.MyListener - The element with locator --->By.xpath: //button[text()='Sign Out'] was found
31689 [Test worker] INFO  tests.TestBase - Test endloginSuccessTestModelDataProvider
31690 [Test worker] INFO  tests.TestBase - Test name ----->loginSuccessTestModelDataProvider
31691 [Test worker] INFO  manager.MyListener - Start search element by locator --->By.xpath: //button[text()='Sign Out']
31703 [Test worker] INFO  manager.MyListener - The element with locator --->By.xpath: //button[text()='Sign Out'] was found
31704 [Test worker] INFO  manager.MyListener - Start search element by locator --->By.xpath: //button[text()='Sign Out']
31718 [Test worker] INFO  manager.MyListener - The element with locator --->By.xpath: //button[text()='Sign Out'] was found
31776 [Test worker] INFO  manager.MyListener - Start search element by locator --->By.cssSelector: [href='/login']
31802 [Test worker] INFO  manager.MyListener - The element with locator --->By.cssSelector: [href='/login'] was found
31843 [Test worker] INFO  manager.MyListener - Start search element by locator --->By.xpath: //input[1]
31863 [Test worker] INFO  manager.MyListener - The element with locator --->By.xpath: //input[1] was found
32007 [Test worker] INFO  manager.MyListener - Start search element by locator --->By.xpath: //input[2]
32031 [Test worker] INFO  manager.MyListener - The element with locator --->By.xpath: //input[2] was found
32183 [Test worker] INFO  manager.MyListener - Start search element by locator --->By.tagName: button
32208 [Test worker] INFO  manager.MyListener - The element with locator --->By.tagName: button was found
37265 [Test worker] INFO  manager.MyListener - Start search element by locator --->By.xpath: //button[text()='Sign Out']
37288 [Test worker] INFO  manager.MyListener - The element with locator --->By.xpath: //button[text()='Sign Out'] was found
37289 [Test worker] INFO  tests.TestBase - Test endloginSuccessTestModelDataProvider
37291 [Test worker] INFO  tests.TestBase - Test name ----->negativeLoginTest
37291 [Test worker] INFO  manager.MyListener - Start search element by locator --->By.xpath: //button[text()='Sign Out']
37303 [Test worker] INFO  manager.MyListener - The element with locator --->By.xpath: //button[text()='Sign Out'] was found
37303 [Test worker] INFO  manager.MyListener - Start search element by locator --->By.xpath: //button[text()='Sign Out']
37317 [Test worker] INFO  manager.MyListener - The element with locator --->By.xpath: //button[text()='Sign Out'] was found
37370 [Test worker] INFO  manager.MyListener - Start search element by locator --->By.cssSelector: [href='/login']
37403 [Test worker] INFO  manager.MyListener - The element with locator --->By.cssSelector: [href='/login'] was found
37454 [Test worker] INFO  manager.MyListener - Start search element by locator --->By.xpath: //input[1]
37476 [Test worker] INFO  manager.MyListener - The element with locator --->By.xpath: //input[1] was found
37606 [Test worker] INFO  manager.MyListener - Start search element by locator --->By.xpath: //input[2]
37629 [Test worker] INFO  manager.MyListener - The element with locator --->By.xpath: //input[2] was found
37777 [Test worker] INFO  manager.MyListener - Start search element by locator --->By.tagName: button
37786 [Test worker] INFO  manager.MyListener - The element with locator --->By.tagName: button was found
38406 [Test worker] INFO  tests.TestBase - Test endnegativeLoginTest
