2336 [Test worker] INFO  manager.ApplicationManager - All tests starts in 'Chrome' browser
3345 [Test worker] INFO  tests.TestBase - Test name ----->loginSuccessTestModelDataProvider
3358 [Test worker] INFO  manager.MyListener - Start search element by locator --->By.xpath: //button[text()='Sign Out']
8442 [Test worker] INFO  manager.MyListener - The element with locator --->By.xpath: //button[text()='Sign Out'] was found
8445 [Test worker] INFO  manager.MyListener - Start search element by locator --->By.cssSelector: [href='/login']
8462 [Test worker] INFO  manager.MyListener - The element with locator --->By.cssSelector: [href='/login'] was found
8561 [Test worker] INFO  manager.MyListener - Start search element by locator --->By.xpath: //input[1]
8591 [Test worker] INFO  manager.MyListener - The element with locator --->By.xpath: //input[1] was found
8784 [Test worker] INFO  manager.MyListener - Start search element by locator --->By.xpath: //input[2]
8809 [Test worker] INFO  manager.MyListener - The element with locator --->By.xpath: //input[2] was found
8958 [Test worker] INFO  manager.MyListener - Start search element by locator --->By.tagName: button
8973 [Test worker] INFO  manager.MyListener - The element with locator --->By.tagName: button was found
14020 [Test worker] INFO  manager.MyListener - Start search element by locator --->By.xpath: //button[text()='Sign Out']
19085 [Test worker] INFO  manager.MyListener - The element with locator --->By.xpath: //button[text()='Sign Out'] was found
19092 [Test worker] INFO  tests.TestBase - Test endloginSuccessTestModelDataProvider
19093 [Test worker] INFO  tests.TestBase - Test name ----->loginSuccessTestModelDataProvider
19094 [Test worker] INFO  manager.MyListener - Start search element by locator --->By.xpath: //button[text()='Sign Out']
24171 [Test worker] INFO  manager.MyListener - The element with locator --->By.xpath: //button[text()='Sign Out'] was found
24172 [Test worker] INFO  manager.MyListener - Start search element by locator --->By.cssSelector: [href='/login']
24188 [Test worker] INFO  manager.MyListener - The element with locator --->By.cssSelector: [href='/login'] was found
24232 [Test worker] INFO  manager.MyListener - Start search element by locator --->By.xpath: //input[1]
29304 [Test worker] INFO  manager.MyListener - Something wrong!!!
29305 [Test worker] INFO  manager.MyListener - no such element: Unable to locate element: {"method":"xpath","selector":"//input[1]"}
  (Session info: chrome=102.0.5005.63)
For documentation on this error, please visit: https://www.seleniumhq.org/exceptions/no_such_element.html
Build info: version: '3.141.59', revision: 'e82be7d358', time: '2018-11-14T08:17:03'
System info: host: 'DESKTOP-B7SSTIV', ip: '192.168.1.13', os.name: 'Windows 10', os.arch: 'amd64', os.version: '10.0', java.version: '1.8.0_201'
Driver info: org.openqa.selenium.chrome.ChromeDriver
Capabilities {acceptInsecureCerts: false, browserName: chrome, browserVersion: 102.0.5005.63, chrome: {chromedriverVersion: 102.0.5005.27 (df4a85108ffa..., userDataDir: C:\Users\Andrey\AppData\Loc...}, goog:chromeOptions: {debuggerAddress: localhost:56027}, javascriptEnabled: true, networkConnectionEnabled: false, pageLoadStrategy: normal, platform: WINDOWS, platformName: WINDOWS, proxy: Proxy(), setWindowRect: true, strictFileInteractability: false, timeouts: {implicit: 0, pageLoad: 300000, script: 30000}, unhandledPromptBehavior: dismiss and notify, webauthn:extension:credBlob: true, webauthn:extension:largeBlob: true, webauthn:virtualAuthenticators: true}
Session ID: 8aba12dde3446ab467b135ecf12b4d9c
*** Element info: {Using=xpath, value=//input[1]}
29306 [Test worker] INFO  manager.MyListener - org.openqa.selenium.NoSuchElementException: no such element: Unable to locate element: {"method":"xpath","selector":"//input[1]"}
  (Session info: chrome=102.0.5005.63)
For documentation on this error, please visit: https://www.seleniumhq.org/exceptions/no_such_element.html
Build info: version: '3.141.59', revision: 'e82be7d358', time: '2018-11-14T08:17:03'
System info: host: 'DESKTOP-B7SSTIV', ip: '192.168.1.13', os.name: 'Windows 10', os.arch: 'amd64', os.version: '10.0', java.version: '1.8.0_201'
Driver info: org.openqa.selenium.chrome.ChromeDriver
Capabilities {acceptInsecureCerts: false, browserName: chrome, browserVersion: 102.0.5005.63, chrome: {chromedriverVersion: 102.0.5005.27 (df4a85108ffa..., userDataDir: C:\Users\Andrey\AppData\Loc...}, goog:chromeOptions: {debuggerAddress: localhost:56027}, javascriptEnabled: true, networkConnectionEnabled: false, pageLoadStrategy: normal, platform: WINDOWS, platformName: WINDOWS, proxy: Proxy(), setWindowRect: true, strictFileInteractability: false, timeouts: {implicit: 0, pageLoad: 300000, script: 30000}, unhandledPromptBehavior: dismiss and notify, webauthn:extension:credBlob: true, webauthn:extension:largeBlob: true, webauthn:virtualAuthenticators: true}
Session ID: 8aba12dde3446ab467b135ecf12b4d9c
*** Element info: {Using=xpath, value=//input[1]}
29829 [Test worker] INFO  manager.MyListener - Error screenshot link --->src/test/screenshots/screenshot-1132.png
29830 [Test worker] INFO  tests.TestBase - Test endloginSuccessTestModelDataProvider
29831 [Test worker] INFO  tests.TestBase - Test name ----->loginSuccessTestModelDataProvider
29832 [Test worker] INFO  manager.MyListener - Start search element by locator --->By.xpath: //button[text()='Sign Out']
29857 [Test worker] INFO  manager.MyListener - The element with locator --->By.xpath: //button[text()='Sign Out'] was found
29858 [Test worker] INFO  manager.MyListener - Start search element by locator --->By.xpath: //button[text()='Sign Out']
29884 [Test worker] INFO  manager.MyListener - The element with locator --->By.xpath: //button[text()='Sign Out'] was found
29938 [Test worker] INFO  manager.MyListener - Start search element by locator --->By.cssSelector: [href='/login']
29956 [Test worker] INFO  manager.MyListener - The element with locator --->By.cssSelector: [href='/login'] was found
29997 [Test worker] INFO  manager.MyListener - Start search element by locator --->By.xpath: //input[1]
30018 [Test worker] INFO  manager.MyListener - The element with locator --->By.xpath: //input[1] was found
30144 [Test worker] INFO  manager.MyListener - Start search element by locator --->By.xpath: //input[2]
30161 [Test worker] INFO  manager.MyListener - The element with locator --->By.xpath: //input[2] was found
30289 [Test worker] INFO  manager.MyListener - Start search element by locator --->By.tagName: button
30315 [Test worker] INFO  manager.MyListener - The element with locator --->By.tagName: button was found
35361 [Test worker] INFO  manager.MyListener - Start search element by locator --->By.xpath: //button[text()='Sign Out']
35385 [Test worker] INFO  manager.MyListener - The element with locator --->By.xpath: //button[text()='Sign Out'] was found
35386 [Test worker] INFO  tests.TestBase - Test endloginSuccessTestModelDataProvider
