3010 [Test worker] INFO  manager.ApplicationManager - All tests starts in 'Chrome' browser
4345 [Test worker] INFO  tests.TestBase - Test name ----->successRegistrationTestNew
4353 [Test worker] INFO  manager.MyListener - Start search element by locator --->By.xpath: //button[text()='Sign Out']
9421 [Test worker] INFO  manager.MyListener - The element with locator --->By.xpath: //button[text()='Sign Out'] was found
9423 [Test worker] INFO  manager.MyListener - Start search element by locator --->By.cssSelector: [href='/login']
9441 [Test worker] INFO  manager.MyListener - The element with locator --->By.cssSelector: [href='/login'] was found
9559 [Test worker] INFO  manager.MyListener - Start search element by locator --->By.xpath: //input[1]
9594 [Test worker] INFO  manager.MyListener - The element with locator --->By.xpath: //input[1] was found
9982 [Test worker] INFO  manager.MyListener - Start search element by locator --->By.xpath: //input[2]
10006 [Test worker] INFO  manager.MyListener - The element with locator --->By.xpath: //input[2] was found
10218 [Test worker] INFO  manager.MyListener - Start search element by locator --->By.xpath: //button[text()=' Registration']
10249 [Test worker] INFO  manager.MyListener - The element with locator --->By.xpath: //button[text()=' Registration'] was found
11320 [Test worker] INFO  manager.MyListener - Start search element by locator --->By.xpath: //button[text()='Sign Out']
11351 [Test worker] INFO  manager.MyListener - Something wrong!!!
11352 [Test worker] INFO  manager.MyListener - unexpected alert open: {Alert text : User already exist}
  (Session info: chrome=102.0.5005.63): User already exist
Build info: version: '3.141.59', revision: 'e82be7d358', time: '2018-11-14T08:17:03'
System info: host: 'DESKTOP-B7SSTIV', ip: '192.168.1.13', os.name: 'Windows 10', os.arch: 'amd64', os.version: '10.0', java.version: '1.8.0_201'
Driver info: org.openqa.selenium.chrome.ChromeDriver
Capabilities {acceptInsecureCerts: false, browserName: chrome, browserVersion: 102.0.5005.63, chrome: {chromedriverVersion: 102.0.5005.27 (df4a85108ffa..., userDataDir: C:\Users\Andrey\AppData\Loc...}, goog:chromeOptions: {debuggerAddress: localhost:51622}, javascriptEnabled: true, networkConnectionEnabled: false, pageLoadStrategy: normal, platform: WINDOWS, platformName: WINDOWS, proxy: Proxy(), setWindowRect: true, strictFileInteractability: false, timeouts: {implicit: 0, pageLoad: 300000, script: 30000}, unhandledPromptBehavior: dismiss and notify, webauthn:extension:credBlob: true, webauthn:extension:largeBlob: true, webauthn:virtualAuthenticators: true}
Session ID: 601ce5302d8ebf1d2d7d3e5735380d1c
*** Element info: {Using=xpath, value=//button[text()='Sign Out']}
11353 [Test worker] INFO  manager.MyListener - org.openqa.selenium.UnhandledAlertException: unexpected alert open: {Alert text : User already exist}
  (Session info: chrome=102.0.5005.63): User already exist
Build info: version: '3.141.59', revision: 'e82be7d358', time: '2018-11-14T08:17:03'
System info: host: 'DESKTOP-B7SSTIV', ip: '192.168.1.13', os.name: 'Windows 10', os.arch: 'amd64', os.version: '10.0', java.version: '1.8.0_201'
Driver info: org.openqa.selenium.chrome.ChromeDriver
Capabilities {acceptInsecureCerts: false, browserName: chrome, browserVersion: 102.0.5005.63, chrome: {chromedriverVersion: 102.0.5005.27 (df4a85108ffa..., userDataDir: C:\Users\Andrey\AppData\Loc...}, goog:chromeOptions: {debuggerAddress: localhost:51622}, javascriptEnabled: true, networkConnectionEnabled: false, pageLoadStrategy: normal, platform: WINDOWS, platformName: WINDOWS, proxy: Proxy(), setWindowRect: true, strictFileInteractability: false, timeouts: {implicit: 0, pageLoad: 300000, script: 30000}, unhandledPromptBehavior: dismiss and notify, webauthn:extension:credBlob: true, webauthn:extension:largeBlob: true, webauthn:virtualAuthenticators: true}
Session ID: 601ce5302d8ebf1d2d7d3e5735380d1c
*** Element info: {Using=xpath, value=//button[text()='Sign Out']}
12001 [Test worker] INFO  manager.MyListener - Error screenshot link --->src/test/screenshots/screenshot-128.png
12004 [Test worker] INFO  tests.TestBase - Test endsuccessRegistrationTestNew
12006 [Test worker] INFO  tests.TestBase - Test name ----->successRegistrationTestNew
12006 [Test worker] INFO  manager.MyListener - Start search element by locator --->By.xpath: //button[text()='Sign Out']
17073 [Test worker] INFO  manager.MyListener - The element with locator --->By.xpath: //button[text()='Sign Out'] was found
17074 [Test worker] INFO  manager.MyListener - Start search element by locator --->By.cssSelector: [href='/login']
17089 [Test worker] INFO  manager.MyListener - The element with locator --->By.cssSelector: [href='/login'] was found
17133 [Test worker] INFO  manager.MyListener - Start search element by locator --->By.xpath: //input[1]
17152 [Test worker] INFO  manager.MyListener - The element with locator --->By.xpath: //input[1] was found
17330 [Test worker] INFO  manager.MyListener - Start search element by locator --->By.xpath: //input[2]
17339 [Test worker] INFO  manager.MyListener - The element with locator --->By.xpath: //input[2] was found
17507 [Test worker] INFO  manager.MyListener - Start search element by locator --->By.xpath: //button[text()=' Registration']
17533 [Test worker] INFO  manager.MyListener - The element with locator --->By.xpath: //button[text()=' Registration'] was found
18590 [Test worker] INFO  manager.MyListener - Start search element by locator --->By.xpath: //button[text()='Sign Out']
18613 [Test worker] INFO  manager.MyListener - The element with locator --->By.xpath: //button[text()='Sign Out'] was found
18616 [Test worker] INFO  tests.TestBase - Test endsuccessRegistrationTestNew
18617 [Test worker] INFO  tests.TestBase - Test name ----->successRegistrationTestNew
18618 [Test worker] INFO  manager.MyListener - Start search element by locator --->By.xpath: //button[text()='Sign Out']
18628 [Test worker] INFO  manager.MyListener - The element with locator --->By.xpath: //button[text()='Sign Out'] was found
18628 [Test worker] INFO  manager.MyListener - Start search element by locator --->By.xpath: //button[text()='Sign Out']
18648 [Test worker] INFO  manager.MyListener - The element with locator --->By.xpath: //button[text()='Sign Out'] was found
18698 [Test worker] INFO  manager.MyListener - Start search element by locator --->By.cssSelector: [href='/login']
18730 [Test worker] INFO  manager.MyListener - The element with locator --->By.cssSelector: [href='/login'] was found
18784 [Test worker] INFO  manager.MyListener - Start search element by locator --->By.xpath: //input[1]
18799 [Test worker] INFO  manager.MyListener - The element with locator --->By.xpath: //input[1] was found
18956 [Test worker] INFO  manager.MyListener - Start search element by locator --->By.xpath: //input[2]
18970 [Test worker] INFO  manager.MyListener - The element with locator --->By.xpath: //input[2] was found
19099 [Test worker] INFO  manager.MyListener - Start search element by locator --->By.xpath: //button[text()=' Registration']
19109 [Test worker] INFO  manager.MyListener - The element with locator --->By.xpath: //button[text()=' Registration'] was found
20152 [Test worker] INFO  manager.MyListener - Start search element by locator --->By.xpath: //button[text()='Sign Out']
20174 [Test worker] INFO  manager.MyListener - The element with locator --->By.xpath: //button[text()='Sign Out'] was found
20176 [Test worker] INFO  tests.TestBase - Test endsuccessRegistrationTestNew
