2969 [Test worker] INFO  manager.ApplicationManager - All tests starts in 'Chrome' browser
4561 [Test worker] INFO  tests.TestBase - Test name ----->successRegistrationTestNew
4565 [Test worker] INFO  manager.MyListener - Start search element by locator --->By.xpath: //button[text()='Sign Out']
9631 [Test worker] INFO  manager.MyListener - The element with locator --->By.xpath: //button[text()='Sign Out'] was found
9632 [Test worker] INFO  manager.MyListener - Start search element by locator --->By.cssSelector: [href='/login']
9651 [Test worker] INFO  manager.MyListener - The element with locator --->By.cssSelector: [href='/login'] was found
9773 [Test worker] INFO  manager.MyListener - Start search element by locator --->By.xpath: //input[1]
9808 [Test worker] INFO  manager.MyListener - The element with locator --->By.xpath: //input[1] was found
10195 [Test worker] INFO  manager.MyListener - Start search element by locator --->By.xpath: //input[2]
10226 [Test worker] INFO  manager.MyListener - The element with locator --->By.xpath: //input[2] was found
10509 [Test worker] INFO  manager.MyListener - Start search element by locator --->By.xpath: //button[text()=' Registration']
10536 [Test worker] INFO  manager.MyListener - The element with locator --->By.xpath: //button[text()=' Registration'] was found
15606 [Test worker] INFO  manager.MyListener - Start search element by locator --->By.xpath: //button[text()='Sign Out']
15629 [Test worker] INFO  manager.MyListener - The element with locator --->By.xpath: //button[text()='Sign Out'] was found
15634 [Test worker] INFO  tests.TestBase - Test endsuccessRegistrationTestNew
15635 [Test worker] INFO  tests.TestBase - Test name ----->successRegistrationTestNew
15637 [Test worker] INFO  manager.MyListener - Start search element by locator --->By.xpath: //button[text()='Sign Out']
15658 [Test worker] INFO  manager.MyListener - The element with locator --->By.xpath: //button[text()='Sign Out'] was found
15659 [Test worker] INFO  manager.MyListener - Start search element by locator --->By.xpath: //button[text()='Sign Out']
15677 [Test worker] INFO  manager.MyListener - The element with locator --->By.xpath: //button[text()='Sign Out'] was found
15733 [Test worker] INFO  manager.MyListener - Start search element by locator --->By.cssSelector: [href='/login']
15759 [Test worker] INFO  manager.MyListener - The element with locator --->By.cssSelector: [href='/login'] was found
15818 [Test worker] INFO  manager.MyListener - Start search element by locator --->By.xpath: //input[1]
15831 [Test worker] INFO  manager.MyListener - The element with locator --->By.xpath: //input[1] was found
16006 [Test worker] INFO  manager.MyListener - Start search element by locator --->By.xpath: //input[2]
16029 [Test worker] INFO  manager.MyListener - The element with locator --->By.xpath: //input[2] was found
16174 [Test worker] INFO  manager.MyListener - Start search element by locator --->By.xpath: //button[text()=' Registration']
16185 [Test worker] INFO  manager.MyListener - The element with locator --->By.xpath: //button[text()=' Registration'] was found
21252 [Test worker] INFO  manager.MyListener - Start search element by locator --->By.xpath: //button[text()='Sign Out']
21304 [Test worker] INFO  manager.MyListener - Something wrong!!!
21307 [Test worker] INFO  manager.MyListener - unexpected alert open: {Alert text : User already exist}
  (Session info: chrome=102.0.5005.63): User already exist
Build info: version: '3.141.59', revision: 'e82be7d358', time: '2018-11-14T08:17:03'
System info: host: 'DESKTOP-B7SSTIV', ip: '192.168.1.13', os.name: 'Windows 10', os.arch: 'amd64', os.version: '10.0', java.version: '1.8.0_201'
Driver info: org.openqa.selenium.chrome.ChromeDriver
Capabilities {acceptInsecureCerts: false, browserName: chrome, browserVersion: 102.0.5005.63, chrome: {chromedriverVersion: 102.0.5005.27 (df4a85108ffa..., userDataDir: C:\Users\Andrey\AppData\Loc...}, goog:chromeOptions: {debuggerAddress: localhost:56044}, javascriptEnabled: true, networkConnectionEnabled: false, pageLoadStrategy: normal, platform: WINDOWS, platformName: WINDOWS, proxy: Proxy(), setWindowRect: true, strictFileInteractability: false, timeouts: {implicit: 0, pageLoad: 300000, script: 30000}, unhandledPromptBehavior: dismiss and notify, webauthn:extension:credBlob: true, webauthn:extension:largeBlob: true, webauthn:virtualAuthenticators: true}
Session ID: 445b877f7cc372674597649419d7caf9
*** Element info: {Using=xpath, value=//button[text()='Sign Out']}
21321 [Test worker] INFO  manager.MyListener - org.openqa.selenium.UnhandledAlertException: unexpected alert open: {Alert text : User already exist}
  (Session info: chrome=102.0.5005.63): User already exist
Build info: version: '3.141.59', revision: 'e82be7d358', time: '2018-11-14T08:17:03'
System info: host: 'DESKTOP-B7SSTIV', ip: '192.168.1.13', os.name: 'Windows 10', os.arch: 'amd64', os.version: '10.0', java.version: '1.8.0_201'
Driver info: org.openqa.selenium.chrome.ChromeDriver
Capabilities {acceptInsecureCerts: false, browserName: chrome, browserVersion: 102.0.5005.63, chrome: {chromedriverVersion: 102.0.5005.27 (df4a85108ffa..., userDataDir: C:\Users\Andrey\AppData\Loc...}, goog:chromeOptions: {debuggerAddress: localhost:56044}, javascriptEnabled: true, networkConnectionEnabled: false, pageLoadStrategy: normal, platform: WINDOWS, platformName: WINDOWS, proxy: Proxy(), setWindowRect: true, strictFileInteractability: false, timeouts: {implicit: 0, pageLoad: 300000, script: 30000}, unhandledPromptBehavior: dismiss and notify, webauthn:extension:credBlob: true, webauthn:extension:largeBlob: true, webauthn:virtualAuthenticators: true}
Session ID: 445b877f7cc372674597649419d7caf9
*** Element info: {Using=xpath, value=//button[text()='Sign Out']}
21895 [Test worker] INFO  manager.MyListener - Error screenshot link --->src/test/screenshots/screenshot-3274.png
21896 [Test worker] INFO  tests.TestBase - Test endsuccessRegistrationTestNew
21897 [Test worker] INFO  tests.TestBase - Test name ----->successRegistrationTestNew
21898 [Test worker] INFO  manager.MyListener - Start search element by locator --->By.xpath: //button[text()='Sign Out']
26934 [Test worker] INFO  manager.MyListener - The element with locator --->By.xpath: //button[text()='Sign Out'] was found
26935 [Test worker] INFO  manager.MyListener - Start search element by locator --->By.cssSelector: [href='/login']
26952 [Test worker] INFO  manager.MyListener - The element with locator --->By.cssSelector: [href='/login'] was found
26989 [Test worker] INFO  manager.MyListener - Start search element by locator --->By.xpath: //input[1]
27018 [Test worker] INFO  manager.MyListener - The element with locator --->By.xpath: //input[1] was found
27247 [Test worker] INFO  manager.MyListener - Start search element by locator --->By.xpath: //input[2]
27266 [Test worker] INFO  manager.MyListener - The element with locator --->By.xpath: //input[2] was found
27426 [Test worker] INFO  manager.MyListener - Start search element by locator --->By.xpath: //button[text()=' Registration']
27451 [Test worker] INFO  manager.MyListener - The element with locator --->By.xpath: //button[text()=' Registration'] was found
32507 [Test worker] INFO  manager.MyListener - Start search element by locator --->By.xpath: //button[text()='Sign Out']
32533 [Test worker] INFO  manager.MyListener - Something wrong!!!
32535 [Test worker] INFO  manager.MyListener - unexpected alert open: {Alert text : User already exist}
  (Session info: chrome=102.0.5005.63): User already exist
Build info: version: '3.141.59', revision: 'e82be7d358', time: '2018-11-14T08:17:03'
System info: host: 'DESKTOP-B7SSTIV', ip: '192.168.1.13', os.name: 'Windows 10', os.arch: 'amd64', os.version: '10.0', java.version: '1.8.0_201'
Driver info: org.openqa.selenium.chrome.ChromeDriver
Capabilities {acceptInsecureCerts: false, browserName: chrome, browserVersion: 102.0.5005.63, chrome: {chromedriverVersion: 102.0.5005.27 (df4a85108ffa..., userDataDir: C:\Users\Andrey\AppData\Loc...}, goog:chromeOptions: {debuggerAddress: localhost:56044}, javascriptEnabled: true, networkConnectionEnabled: false, pageLoadStrategy: normal, platform: WINDOWS, platformName: WINDOWS, proxy: Proxy(), setWindowRect: true, strictFileInteractability: false, timeouts: {implicit: 0, pageLoad: 300000, script: 30000}, unhandledPromptBehavior: dismiss and notify, webauthn:extension:credBlob: true, webauthn:extension:largeBlob: true, webauthn:virtualAuthenticators: true}
Session ID: 445b877f7cc372674597649419d7caf9
*** Element info: {Using=xpath, value=//button[text()='Sign Out']}
32539 [Test worker] INFO  manager.MyListener - org.openqa.selenium.UnhandledAlertException: unexpected alert open: {Alert text : User already exist}
  (Session info: chrome=102.0.5005.63): User already exist
Build info: version: '3.141.59', revision: 'e82be7d358', time: '2018-11-14T08:17:03'
System info: host: 'DESKTOP-B7SSTIV', ip: '192.168.1.13', os.name: 'Windows 10', os.arch: 'amd64', os.version: '10.0', java.version: '1.8.0_201'
Driver info: org.openqa.selenium.chrome.ChromeDriver
Capabilities {acceptInsecureCerts: false, browserName: chrome, browserVersion: 102.0.5005.63, chrome: {chromedriverVersion: 102.0.5005.27 (df4a85108ffa..., userDataDir: C:\Users\Andrey\AppData\Loc...}, goog:chromeOptions: {debuggerAddress: localhost:56044}, javascriptEnabled: true, networkConnectionEnabled: false, pageLoadStrategy: normal, platform: WINDOWS, platformName: WINDOWS, proxy: Proxy(), setWindowRect: true, strictFileInteractability: false, timeouts: {implicit: 0, pageLoad: 300000, script: 30000}, unhandledPromptBehavior: dismiss and notify, webauthn:extension:credBlob: true, webauthn:extension:largeBlob: true, webauthn:virtualAuthenticators: true}
Session ID: 445b877f7cc372674597649419d7caf9
*** Element info: {Using=xpath, value=//button[text()='Sign Out']}
33561 [Test worker] INFO  manager.MyListener - Error screenshot link --->src/test/screenshots/screenshot-3285.png
33564 [Test worker] INFO  tests.TestBase - Test endsuccessRegistrationTestNew
