3219 [Test worker] INFO  manager.ApplicationManager - All tests starts in 'Chrome' browser
4493 [Test worker] INFO  tests.TestBase - Test name ----->negativeRegistrationTest
4495 [Test worker] INFO  manager.MyListener - Start search element by locator --->By.xpath: //button[text()='Sign Out']
9532 [Test worker] INFO  manager.MyListener - The element with locator --->By.xpath: //button[text()='Sign Out'] was found
9534 [Test worker] INFO  manager.MyListener - Start search element by locator --->By.cssSelector: [href='/login']
9559 [Test worker] INFO  manager.MyListener - The element with locator --->By.cssSelector: [href='/login'] was found
9694 [Test worker] INFO  manager.MyListener - Start search element by locator --->By.xpath: //input[1]
9734 [Test worker] INFO  manager.MyListener - The element with locator --->By.xpath: //input[1] was found
9986 [Test worker] INFO  manager.MyListener - Start search element by locator --->By.xpath: //input[2]
10015 [Test worker] INFO  manager.MyListener - The element with locator --->By.xpath: //input[2] was found
10186 [Test worker] INFO  manager.MyListener - Start search element by locator --->By.xpath: //button[text()=' Registration']
10219 [Test worker] INFO  manager.MyListener - The element with locator --->By.xpath: //button[text()=' Registration'] was found
15343 [Test worker] INFO  tests.TestBase - Test endnegativeRegistrationTest
15357 [Test worker] INFO  tests.TestBase - Test name ----->successRegistrationTest
15362 [Test worker] INFO  manager.MyListener - Start search element by locator --->By.xpath: //button[text()='Sign Out']
20440 [Test worker] INFO  manager.MyListener - The element with locator --->By.xpath: //button[text()='Sign Out'] was found
20441 [Test worker] INFO  manager.MyListener - Start search element by locator --->By.cssSelector: [href='/login']
20457 [Test worker] INFO  manager.MyListener - The element with locator --->By.cssSelector: [href='/login'] was found
20512 [Test worker] INFO  manager.MyListener - Start search element by locator --->By.xpath: //input[1]
20547 [Test worker] INFO  manager.MyListener - The element with locator --->By.xpath: //input[1] was found
20759 [Test worker] INFO  manager.MyListener - Start search element by locator --->By.xpath: //input[2]
20788 [Test worker] INFO  manager.MyListener - The element with locator --->By.xpath: //input[2] was found
20992 [Test worker] INFO  manager.MyListener - Start search element by locator --->By.xpath: //button[text()=' Registration']
21019 [Test worker] INFO  manager.MyListener - The element with locator --->By.xpath: //button[text()=' Registration'] was found
26079 [Test worker] INFO  manager.MyListener - Start search element by locator --->By.xpath: //button[text()='Sign Out']
26102 [Test worker] INFO  manager.MyListener - The element with locator --->By.xpath: //button[text()='Sign Out'] was found
26103 [Test worker] INFO  tests.TestBase - Test endsuccessRegistrationTest
26111 [Test worker] INFO  tests.TestBase - Test name ----->successRegistrationTestNew
26111 [Test worker] INFO  manager.MyListener - Start search element by locator --->By.xpath: //button[text()='Sign Out']
26130 [Test worker] INFO  manager.MyListener - The element with locator --->By.xpath: //button[text()='Sign Out'] was found
26131 [Test worker] INFO  manager.MyListener - Start search element by locator --->By.xpath: //button[text()='Sign Out']
26152 [Test worker] INFO  manager.MyListener - The element with locator --->By.xpath: //button[text()='Sign Out'] was found
26205 [Test worker] INFO  manager.MyListener - Start search element by locator --->By.cssSelector: [href='/login']
26226 [Test worker] INFO  manager.MyListener - The element with locator --->By.cssSelector: [href='/login'] was found
26277 [Test worker] INFO  manager.MyListener - Start search element by locator --->By.xpath: //input[1]
26289 [Test worker] INFO  manager.MyListener - The element with locator --->By.xpath: //input[1] was found
26448 [Test worker] INFO  manager.MyListener - Start search element by locator --->By.xpath: //input[2]
26460 [Test worker] INFO  manager.MyListener - The element with locator --->By.xpath: //input[2] was found
26614 [Test worker] INFO  manager.MyListener - Start search element by locator --->By.xpath: //button[text()=' Registration']
26635 [Test worker] INFO  manager.MyListener - The element with locator --->By.xpath: //button[text()=' Registration'] was found
31697 [Test worker] INFO  manager.MyListener - Start search element by locator --->By.xpath: //button[text()='Sign Out']
31720 [Test worker] INFO  manager.MyListener - The element with locator --->By.xpath: //button[text()='Sign Out'] was found
31722 [Test worker] INFO  tests.TestBase - Test endsuccessRegistrationTestNew
31723 [Test worker] INFO  tests.TestBase - Test name ----->successRegistrationTestNew
31724 [Test worker] INFO  manager.MyListener - Start search element by locator --->By.xpath: //button[text()='Sign Out']
31735 [Test worker] INFO  manager.MyListener - The element with locator --->By.xpath: //button[text()='Sign Out'] was found
31735 [Test worker] INFO  manager.MyListener - Start search element by locator --->By.xpath: //button[text()='Sign Out']
31752 [Test worker] INFO  manager.MyListener - The element with locator --->By.xpath: //button[text()='Sign Out'] was found
31813 [Test worker] INFO  manager.MyListener - Start search element by locator --->By.cssSelector: [href='/login']
31831 [Test worker] INFO  manager.MyListener - The element with locator --->By.cssSelector: [href='/login'] was found
31878 [Test worker] INFO  manager.MyListener - Start search element by locator --->By.xpath: //input[1]
31891 [Test worker] INFO  manager.MyListener - The element with locator --->By.xpath: //input[1] was found
32047 [Test worker] INFO  manager.MyListener - Start search element by locator --->By.xpath: //input[2]
32061 [Test worker] INFO  manager.MyListener - The element with locator --->By.xpath: //input[2] was found
32204 [Test worker] INFO  manager.MyListener - Start search element by locator --->By.xpath: //button[text()=' Registration']
32222 [Test worker] INFO  manager.MyListener - The element with locator --->By.xpath: //button[text()=' Registration'] was found
37292 [Test worker] INFO  manager.MyListener - Start search element by locator --->By.xpath: //button[text()='Sign Out']
37344 [Test worker] INFO  manager.MyListener - Something wrong!!!
37344 [Test worker] INFO  manager.MyListener - unexpected alert open: {Alert text : User already exist}
  (Session info: chrome=102.0.5005.63): User already exist
Build info: version: '3.141.59', revision: 'e82be7d358', time: '2018-11-14T08:17:03'
System info: host: 'DESKTOP-B7SSTIV', ip: '192.168.1.13', os.name: 'Windows 10', os.arch: 'amd64', os.version: '10.0', java.version: '1.8.0_201'
Driver info: org.openqa.selenium.chrome.ChromeDriver
Capabilities {acceptInsecureCerts: false, browserName: chrome, browserVersion: 102.0.5005.63, chrome: {chromedriverVersion: 102.0.5005.27 (df4a85108ffa..., userDataDir: C:\Users\Andrey\AppData\Loc...}, goog:chromeOptions: {debuggerAddress: localhost:55195}, javascriptEnabled: true, networkConnectionEnabled: false, pageLoadStrategy: normal, platform: WINDOWS, platformName: WINDOWS, proxy: Proxy(), setWindowRect: true, strictFileInteractability: false, timeouts: {implicit: 0, pageLoad: 300000, script: 30000}, unhandledPromptBehavior: dismiss and notify, webauthn:extension:credBlob: true, webauthn:extension:largeBlob: true, webauthn:virtualAuthenticators: true}
Session ID: b3cb36570a234f896b10570e6d50b5a8
*** Element info: {Using=xpath, value=//button[text()='Sign Out']}
37345 [Test worker] INFO  manager.MyListener - org.openqa.selenium.UnhandledAlertException: unexpected alert open: {Alert text : User already exist}
  (Session info: chrome=102.0.5005.63): User already exist
Build info: version: '3.141.59', revision: 'e82be7d358', time: '2018-11-14T08:17:03'
System info: host: 'DESKTOP-B7SSTIV', ip: '192.168.1.13', os.name: 'Windows 10', os.arch: 'amd64', os.version: '10.0', java.version: '1.8.0_201'
Driver info: org.openqa.selenium.chrome.ChromeDriver
Capabilities {acceptInsecureCerts: false, browserName: chrome, browserVersion: 102.0.5005.63, chrome: {chromedriverVersion: 102.0.5005.27 (df4a85108ffa..., userDataDir: C:\Users\Andrey\AppData\Loc...}, goog:chromeOptions: {debuggerAddress: localhost:55195}, javascriptEnabled: true, networkConnectionEnabled: false, pageLoadStrategy: normal, platform: WINDOWS, platformName: WINDOWS, proxy: Proxy(), setWindowRect: true, strictFileInteractability: false, timeouts: {implicit: 0, pageLoad: 300000, script: 30000}, unhandledPromptBehavior: dismiss and notify, webauthn:extension:credBlob: true, webauthn:extension:largeBlob: true, webauthn:virtualAuthenticators: true}
Session ID: b3cb36570a234f896b10570e6d50b5a8
*** Element info: {Using=xpath, value=//button[text()='Sign Out']}
37919 [Test worker] INFO  manager.MyListener - Error screenshot link --->src/test/screenshots/screenshot-2724.png
37921 [Test worker] INFO  tests.TestBase - Test endsuccessRegistrationTestNew
37922 [Test worker] INFO  tests.TestBase - Test name ----->successRegistrationTestNew
37922 [Test worker] INFO  manager.MyListener - Start search element by locator --->By.xpath: //button[text()='Sign Out']
42937 [Test worker] INFO  manager.MyListener - The element with locator --->By.xpath: //button[text()='Sign Out'] was found
42938 [Test worker] INFO  manager.MyListener - Start search element by locator --->By.cssSelector: [href='/login']
42955 [Test worker] INFO  manager.MyListener - The element with locator --->By.cssSelector: [href='/login'] was found
42996 [Test worker] INFO  manager.MyListener - Start search element by locator --->By.xpath: //input[1]
43021 [Test worker] INFO  manager.MyListener - The element with locator --->By.xpath: //input[1] was found
43227 [Test worker] INFO  manager.MyListener - Start search element by locator --->By.xpath: //input[2]
43238 [Test worker] INFO  manager.MyListener - The element with locator --->By.xpath: //input[2] was found
43383 [Test worker] INFO  manager.MyListener - Start search element by locator --->By.xpath: //button[text()=' Registration']
43393 [Test worker] INFO  manager.MyListener - The element with locator --->By.xpath: //button[text()=' Registration'] was found
48451 [Test worker] INFO  manager.MyListener - Start search element by locator --->By.xpath: //button[text()='Sign Out']
48470 [Test worker] INFO  manager.MyListener - Something wrong!!!
48471 [Test worker] INFO  manager.MyListener - unexpected alert open: {Alert text : User already exist}
  (Session info: chrome=102.0.5005.63): User already exist
Build info: version: '3.141.59', revision: 'e82be7d358', time: '2018-11-14T08:17:03'
System info: host: 'DESKTOP-B7SSTIV', ip: '192.168.1.13', os.name: 'Windows 10', os.arch: 'amd64', os.version: '10.0', java.version: '1.8.0_201'
Driver info: org.openqa.selenium.chrome.ChromeDriver
Capabilities {acceptInsecureCerts: false, browserName: chrome, browserVersion: 102.0.5005.63, chrome: {chromedriverVersion: 102.0.5005.27 (df4a85108ffa..., userDataDir: C:\Users\Andrey\AppData\Loc...}, goog:chromeOptions: {debuggerAddress: localhost:55195}, javascriptEnabled: true, networkConnectionEnabled: false, pageLoadStrategy: normal, platform: WINDOWS, platformName: WINDOWS, proxy: Proxy(), setWindowRect: true, strictFileInteractability: false, timeouts: {implicit: 0, pageLoad: 300000, script: 30000}, unhandledPromptBehavior: dismiss and notify, webauthn:extension:credBlob: true, webauthn:extension:largeBlob: true, webauthn:virtualAuthenticators: true}
Session ID: b3cb36570a234f896b10570e6d50b5a8
*** Element info: {Using=xpath, value=//button[text()='Sign Out']}
48472 [Test worker] INFO  manager.MyListener - org.openqa.selenium.UnhandledAlertException: unexpected alert open: {Alert text : User already exist}
  (Session info: chrome=102.0.5005.63): User already exist
Build info: version: '3.141.59', revision: 'e82be7d358', time: '2018-11-14T08:17:03'
System info: host: 'DESKTOP-B7SSTIV', ip: '192.168.1.13', os.name: 'Windows 10', os.arch: 'amd64', os.version: '10.0', java.version: '1.8.0_201'
Driver info: org.openqa.selenium.chrome.ChromeDriver
Capabilities {acceptInsecureCerts: false, browserName: chrome, browserVersion: 102.0.5005.63, chrome: {chromedriverVersion: 102.0.5005.27 (df4a85108ffa..., userDataDir: C:\Users\Andrey\AppData\Loc...}, goog:chromeOptions: {debuggerAddress: localhost:55195}, javascriptEnabled: true, networkConnectionEnabled: false, pageLoadStrategy: normal, platform: WINDOWS, platformName: WINDOWS, proxy: Proxy(), setWindowRect: true, strictFileInteractability: false, timeouts: {implicit: 0, pageLoad: 300000, script: 30000}, unhandledPromptBehavior: dismiss and notify, webauthn:extension:credBlob: true, webauthn:extension:largeBlob: true, webauthn:virtualAuthenticators: true}
Session ID: b3cb36570a234f896b10570e6d50b5a8
*** Element info: {Using=xpath, value=//button[text()='Sign Out']}
49013 [Test worker] INFO  manager.MyListener - Error screenshot link --->src/test/screenshots/screenshot-2735.png
49016 [Test worker] INFO  tests.TestBase - Test endsuccessRegistrationTestNew
