2997 [Test worker] INFO  manager.ApplicationManager - All tests starts in 'Chrome' browser
5074 [Test worker] INFO  tests.TestBase - Test name ----->successRegistrationTestNew
5076 [Test worker] INFO  manager.MyListener - Start search element by locator --->By.xpath: //button[text()='Sign Out']
10098 [Test worker] INFO  manager.MyListener - The element with locator --->By.xpath: //button[text()='Sign Out'] was found
10100 [Test worker] INFO  manager.MyListener - Start search element by locator --->By.cssSelector: [href='/login']
10131 [Test worker] INFO  manager.MyListener - The element with locator --->By.cssSelector: [href='/login'] was found
10262 [Test worker] INFO  manager.MyListener - Start search element by locator --->By.xpath: //input[1]
10298 [Test worker] INFO  manager.MyListener - The element with locator --->By.xpath: //input[1] was found
10533 [Test worker] INFO  manager.MyListener - Start search element by locator --->By.xpath: //input[2]
10572 [Test worker] INFO  manager.MyListener - The element with locator --->By.xpath: //input[2] was found
10773 [Test worker] INFO  manager.MyListener - Start search element by locator --->By.xpath: //button[text()=' Registration']
10804 [Test worker] INFO  manager.MyListener - The element with locator --->By.xpath: //button[text()=' Registration'] was found
11863 [Test worker] INFO  manager.MyListener - Start search element by locator --->By.xpath: //button[text()='Sign Out']
11885 [Test worker] INFO  manager.MyListener - The element with locator --->By.xpath: //button[text()='Sign Out'] was found
11892 [Test worker] INFO  tests.TestBase - Test endsuccessRegistrationTestNew
11893 [Test worker] INFO  tests.TestBase - Test name ----->successRegistrationTestNew
11896 [Test worker] INFO  manager.MyListener - Start search element by locator --->By.xpath: //button[text()='Sign Out']
11922 [Test worker] INFO  manager.MyListener - The element with locator --->By.xpath: //button[text()='Sign Out'] was found
11923 [Test worker] INFO  manager.MyListener - Start search element by locator --->By.xpath: //button[text()='Sign Out']
11961 [Test worker] INFO  manager.MyListener - The element with locator --->By.xpath: //button[text()='Sign Out'] was found
12021 [Test worker] INFO  manager.MyListener - Start search element by locator --->By.cssSelector: [href='/login']
12040 [Test worker] INFO  manager.MyListener - The element with locator --->By.cssSelector: [href='/login'] was found
12111 [Test worker] INFO  manager.MyListener - Start search element by locator --->By.xpath: //input[1]
12136 [Test worker] INFO  manager.MyListener - The element with locator --->By.xpath: //input[1] was found
12306 [Test worker] INFO  manager.MyListener - Start search element by locator --->By.xpath: //input[2]
12324 [Test worker] INFO  manager.MyListener - The element with locator --->By.xpath: //input[2] was found
12518 [Test worker] INFO  manager.MyListener - Start search element by locator --->By.xpath: //button[text()=' Registration']
12539 [Test worker] INFO  manager.MyListener - The element with locator --->By.xpath: //button[text()=' Registration'] was found
13610 [Test worker] INFO  manager.MyListener - Start search element by locator --->By.xpath: //button[text()='Sign Out']
13634 [Test worker] INFO  manager.MyListener - The element with locator --->By.xpath: //button[text()='Sign Out'] was found
13635 [Test worker] INFO  tests.TestBase - Test endsuccessRegistrationTestNew
13635 [Test worker] INFO  tests.TestBase - Test name ----->successRegistrationTestNew
13636 [Test worker] INFO  manager.MyListener - Start search element by locator --->By.xpath: //button[text()='Sign Out']
13647 [Test worker] INFO  manager.MyListener - The element with locator --->By.xpath: //button[text()='Sign Out'] was found
13648 [Test worker] INFO  manager.MyListener - Start search element by locator --->By.xpath: //button[text()='Sign Out']
13663 [Test worker] INFO  manager.MyListener - The element with locator --->By.xpath: //button[text()='Sign Out'] was found
13716 [Test worker] INFO  manager.MyListener - Start search element by locator --->By.cssSelector: [href='/login']
13731 [Test worker] INFO  manager.MyListener - The element with locator --->By.cssSelector: [href='/login'] was found
13784 [Test worker] INFO  manager.MyListener - Start search element by locator --->By.xpath: //input[1]
13804 [Test worker] INFO  manager.MyListener - The element with locator --->By.xpath: //input[1] was found
13966 [Test worker] INFO  manager.MyListener - Start search element by locator --->By.xpath: //input[2]
13988 [Test worker] INFO  manager.MyListener - The element with locator --->By.xpath: //input[2] was found
14133 [Test worker] INFO  manager.MyListener - Start search element by locator --->By.xpath: //button[text()=' Registration']
14152 [Test worker] INFO  manager.MyListener - The element with locator --->By.xpath: //button[text()=' Registration'] was found
15201 [Test worker] INFO  manager.MyListener - Start search element by locator --->By.xpath: //button[text()='Sign Out']
15223 [Test worker] INFO  manager.MyListener - The element with locator --->By.xpath: //button[text()='Sign Out'] was found
15224 [Test worker] INFO  tests.TestBase - Test endsuccessRegistrationTestNew
